[0.007s] Invoking command in '/home/ubuntu/ROS/Bot/ros2-robots/src/build/my_robot_description': CMAKE_PREFIX_PATH=${CMAKE_PREFIX_PATH}:/opt/ros/humble /usr/bin/cmake /home/ubuntu/ROS/Bot/ros2-robots/src/my_robot_description -DCMAKE_INSTALL_PREFIX=/home/ubuntu/ROS/Bot/ros2-robots/src/install/my_robot_description
[0.064s] -- The C compiler identification is GNU 11.4.0
[0.126s] -- The CXX compiler identification is GNU 11.4.0
[0.130s] -- Detecting C compiler ABI info
[0.172s] -- Detecting C compiler ABI info - done
[0.177s] -- Check for working C compiler: /usr/bin/cc - skipped
[0.177s] -- Detecting C compile features
[0.177s] -- Detecting C compile features - done
[0.179s] -- Detecting CXX compiler ABI info
[0.216s] -- Detecting CXX compiler ABI info - done
[0.220s] -- Check for working CXX compiler: /usr/bin/c++ - skipped
[0.220s] -- Detecting CXX compile features
[0.220s] -- Detecting CXX compile features - done
[0.224s] -- Found ament_cmake: 1.3.11 (/opt/ros/humble/share/ament_cmake/cmake)
[0.290s] -- Found Python3: /usr/bin/python3 (found version "3.10.12") found components: Interpreter 
[0.339s] -- Found ament_lint_auto: 0.12.12 (/opt/ros/humble/share/ament_lint_auto/cmake)
[0.375s] -- Added test 'flake8' to check Python code syntax and style conventions
[0.375s] -- Added test 'lint_cmake' to check CMake code style
[0.376s] -- Added test 'pep257' to check Python code against some of the docstring style conventions in PEP 257
[0.376s] -- Added test 'xmllint' to check XML markup files
[0.377s] -- Configuring done
[0.379s] -- Generating done
[0.380s] -- Build files have been written to: /home/ubuntu/ROS/Bot/ros2-robots/src/build/my_robot_description
[0.383s] Invoked command in '/home/ubuntu/ROS/Bot/ros2-robots/src/build/my_robot_description' returned '0': CMAKE_PREFIX_PATH=${CMAKE_PREFIX_PATH}:/opt/ros/humble /usr/bin/cmake /home/ubuntu/ROS/Bot/ros2-robots/src/my_robot_description -DCMAKE_INSTALL_PREFIX=/home/ubuntu/ROS/Bot/ros2-robots/src/install/my_robot_description
[0.383s] Invoking command in '/home/ubuntu/ROS/Bot/ros2-robots/src/build/my_robot_description': CMAKE_PREFIX_PATH=${CMAKE_PREFIX_PATH}:/opt/ros/humble /usr/bin/cmake --build /home/ubuntu/ROS/Bot/ros2-robots/src/build/my_robot_description -- -j11 -l11
[0.403s] Invoked command in '/home/ubuntu/ROS/Bot/ros2-robots/src/build/my_robot_description' returned '0': CMAKE_PREFIX_PATH=${CMAKE_PREFIX_PATH}:/opt/ros/humble /usr/bin/cmake --build /home/ubuntu/ROS/Bot/ros2-robots/src/build/my_robot_description -- -j11 -l11
[0.407s] Invoking command in '/home/ubuntu/ROS/Bot/ros2-robots/src/build/my_robot_description': CMAKE_PREFIX_PATH=${CMAKE_PREFIX_PATH}:/opt/ros/humble /usr/bin/cmake --install /home/ubuntu/ROS/Bot/ros2-robots/src/build/my_robot_description
[0.411s] -- Install configuration: ""
[0.411s] -- Installing: /home/ubuntu/ROS/Bot/ros2-robots/src/install/my_robot_description/share/my_robot_description/urdf
[0.411s] -- Installing: /home/ubuntu/ROS/Bot/ros2-robots/src/install/my_robot_description/share/my_robot_description/urdf/my_robot.xacro
[0.412s] -- Installing: /home/ubuntu/ROS/Bot/ros2-robots/src/install/my_robot_description/share/my_robot_description/urdf/my_robot.urdf
[0.412s] -- Installing: /home/ubuntu/ROS/Bot/ros2-robots/src/install/my_robot_description/share/my_robot_description/config
[0.412s] -- Installing: /home/ubuntu/ROS/Bot/ros2-robots/src/install/my_robot_description/share/my_robot_description/config/controller.yaml
[0.412s] -- Installing: /home/ubuntu/ROS/Bot/ros2-robots/src/install/my_robot_description/share/my_robot_description/launch
[0.412s] -- Installing: /home/ubuntu/ROS/Bot/ros2-robots/src/install/my_robot_description/share/my_robot_description/launch/sim.launch.py
[0.412s] -- Installing: /home/ubuntu/ROS/Bot/ros2-robots/src/install/my_robot_description/share/ament_index/resource_index/package_run_dependencies/my_robot_description
[0.412s] -- Installing: /home/ubuntu/ROS/Bot/ros2-robots/src/install/my_robot_description/share/ament_index/resource_index/parent_prefix_path/my_robot_description
[0.412s] -- Installing: /home/ubuntu/ROS/Bot/ros2-robots/src/install/my_robot_description/share/my_robot_description/environment/ament_prefix_path.sh
[0.412s] -- Installing: /home/ubuntu/ROS/Bot/ros2-robots/src/install/my_robot_description/share/my_robot_description/environment/ament_prefix_path.dsv
[0.412s] -- Installing: /home/ubuntu/ROS/Bot/ros2-robots/src/install/my_robot_description/share/my_robot_description/environment/path.sh
[0.412s] -- Installing: /home/ubuntu/ROS/Bot/ros2-robots/src/install/my_robot_description/share/my_robot_description/environment/path.dsv
[0.412s] -- Installing: /home/ubuntu/ROS/Bot/ros2-robots/src/install/my_robot_description/share/my_robot_description/local_setup.bash
[0.412s] -- Installing: /home/ubuntu/ROS/Bot/ros2-robots/src/install/my_robot_description/share/my_robot_description/local_setup.sh
[0.413s] -- Installing: /home/ubuntu/ROS/Bot/ros2-robots/src/install/my_robot_description/share/my_robot_description/local_setup.zsh
[0.413s] -- Installing: /home/ubuntu/ROS/Bot/ros2-robots/src/install/my_robot_description/share/my_robot_description/local_setup.dsv
[0.413s] -- Installing: /home/ubuntu/ROS/Bot/ros2-robots/src/install/my_robot_description/share/my_robot_description/package.dsv
[0.413s] -- Installing: /home/ubuntu/ROS/Bot/ros2-robots/src/install/my_robot_description/share/ament_index/resource_index/packages/my_robot_description
[0.413s] -- Installing: /home/ubuntu/ROS/Bot/ros2-robots/src/install/my_robot_description/share/my_robot_description/cmake/my_robot_descriptionConfig.cmake
[0.413s] -- Installing: /home/ubuntu/ROS/Bot/ros2-robots/src/install/my_robot_description/share/my_robot_description/cmake/my_robot_descriptionConfig-version.cmake
[0.413s] -- Installing: /home/ubuntu/ROS/Bot/ros2-robots/src/install/my_robot_description/share/my_robot_description/package.xml
[0.414s] Invoked command in '/home/ubuntu/ROS/Bot/ros2-robots/src/build/my_robot_description' returned '0': CMAKE_PREFIX_PATH=${CMAKE_PREFIX_PATH}:/opt/ros/humble /usr/bin/cmake --install /home/ubuntu/ROS/Bot/ros2-robots/src/build/my_robot_description
