[0.009s] Invoking command in '/home/ubuntu/ROS/Bot/ros2-robots/build/gz_ros2_control': CMAKE_PREFIX_PATH=${CMAKE_PREFIX_PATH}:/opt/ros/humble /usr/bin/cmake --build /home/ubuntu/ROS/Bot/ros2-robots/build/gz_ros2_control -- -j11 -l11
[0.051s] [35m[1mConsolidate compiler generated dependencies of target gz_ros2_control-system[0m
[0.053s] [35m[1mConsolidate compiler generated dependencies of target ign_ros2_control-system[0m
[0.055s] [35m[1mConsolidate compiler generated dependencies of target gz_hardware_plugins[0m
[0.070s] [ 33%] Built target ign_ros2_control-system
[0.071s] [ 66%] Built target gz_hardware_plugins
[0.071s] [100%] Built target gz_ros2_control-system
[0.076s] Invoked command in '/home/ubuntu/ROS/Bot/ros2-robots/build/gz_ros2_control' returned '0': CMAKE_PREFIX_PATH=${CMAKE_PREFIX_PATH}:/opt/ros/humble /usr/bin/cmake --build /home/ubuntu/ROS/Bot/ros2-robots/build/gz_ros2_control -- -j11 -l11
[0.083s] Invoking command in '/home/ubuntu/ROS/Bot/ros2-robots/build/gz_ros2_control': CMAKE_PREFIX_PATH=${CMAKE_PREFIX_PATH}:/opt/ros/humble /usr/bin/cmake --install /home/ubuntu/ROS/Bot/ros2-robots/build/gz_ros2_control
[0.086s] -- Install configuration: ""
[0.087s] -- Up-to-date: /home/ubuntu/ROS/Bot/ros2-robots/install/gz_ros2_control/lib/libgz_hardware_plugins.so
[0.087s] -- Up-to-date: /home/ubuntu/ROS/Bot/ros2-robots/install/gz_ros2_control/include
[0.087s] -- Up-to-date: /home/ubuntu/ROS/Bot/ros2-robots/install/gz_ros2_control/include/gz_ros2_control
[0.087s] -- Up-to-date: /home/ubuntu/ROS/Bot/ros2-robots/install/gz_ros2_control/include/gz_ros2_control/gz_system.hpp
[0.087s] -- Up-to-date: /home/ubuntu/ROS/Bot/ros2-robots/install/gz_ros2_control/include/gz_ros2_control/gz_ros2_control_plugin.hpp
[0.087s] -- Up-to-date: /home/ubuntu/ROS/Bot/ros2-robots/install/gz_ros2_control/include/gz_ros2_control/gz_system_interface.hpp
[0.087s] -- Up-to-date: /home/ubuntu/ROS/Bot/ros2-robots/install/gz_ros2_control/share/gz_ros2_control/environment/library_path.sh
[0.087s] -- Up-to-date: /home/ubuntu/ROS/Bot/ros2-robots/install/gz_ros2_control/share/gz_ros2_control/environment/library_path.dsv
[0.087s] -- Up-to-date: /home/ubuntu/ROS/Bot/ros2-robots/install/gz_ros2_control/lib/libgz_ros2_control-system.so
[0.087s] -- Up-to-date: /home/ubuntu/ROS/Bot/ros2-robots/install/gz_ros2_control/lib/libign_ros2_control-system.so
[0.087s] -- Up-to-date: /home/ubuntu/ROS/Bot/ros2-robots/install/gz_ros2_control/share/gz_ros2_control/gz_hardware_plugins.xml
[0.087s] -- Up-to-date: /home/ubuntu/ROS/Bot/ros2-robots/install/gz_ros2_control/share/ament_index/resource_index/package_run_dependencies/gz_ros2_control
[0.087s] -- Up-to-date: /home/ubuntu/ROS/Bot/ros2-robots/install/gz_ros2_control/share/ament_index/resource_index/parent_prefix_path/gz_ros2_control
[0.088s] -- Up-to-date: /home/ubuntu/ROS/Bot/ros2-robots/install/gz_ros2_control/share/gz_ros2_control/environment/ament_prefix_path.sh
[0.088s] -- Up-to-date: /home/ubuntu/ROS/Bot/ros2-robots/install/gz_ros2_control/share/gz_ros2_control/environment/ament_prefix_path.dsv
[0.088s] -- Up-to-date: /home/ubuntu/ROS/Bot/ros2-robots/install/gz_ros2_control/share/gz_ros2_control/environment/path.sh
[0.088s] -- Up-to-date: /home/ubuntu/ROS/Bot/ros2-robots/install/gz_ros2_control/share/gz_ros2_control/environment/path.dsv
[0.088s] -- Up-to-date: /home/ubuntu/ROS/Bot/ros2-robots/install/gz_ros2_control/share/gz_ros2_control/local_setup.bash
[0.088s] -- Up-to-date: /home/ubuntu/ROS/Bot/ros2-robots/install/gz_ros2_control/share/gz_ros2_control/local_setup.sh
[0.088s] -- Up-to-date: /home/ubuntu/ROS/Bot/ros2-robots/install/gz_ros2_control/share/gz_ros2_control/local_setup.zsh
[0.088s] -- Up-to-date: /home/ubuntu/ROS/Bot/ros2-robots/install/gz_ros2_control/share/gz_ros2_control/local_setup.dsv
[0.088s] -- Installing: /home/ubuntu/ROS/Bot/ros2-robots/install/gz_ros2_control/share/gz_ros2_control/package.dsv
[0.088s] -- Up-to-date: /home/ubuntu/ROS/Bot/ros2-robots/install/gz_ros2_control/share/ament_index/resource_index/packages/gz_ros2_control
[0.088s] -- Up-to-date: /home/ubuntu/ROS/Bot/ros2-robots/install/gz_ros2_control/share/ament_index/resource_index/gz_ros2_control__pluginlib__plugin/gz_ros2_control
[0.088s] -- Up-to-date: /home/ubuntu/ROS/Bot/ros2-robots/install/gz_ros2_control/share/gz_ros2_control/cmake/ament_cmake_export_include_directories-extras.cmake
[0.088s] -- Up-to-date: /home/ubuntu/ROS/Bot/ros2-robots/install/gz_ros2_control/share/gz_ros2_control/cmake/ament_cmake_export_libraries-extras.cmake
[0.088s] -- Up-to-date: /home/ubuntu/ROS/Bot/ros2-robots/install/gz_ros2_control/share/gz_ros2_control/cmake/gz_ros2_controlConfig.cmake
[0.088s] -- Up-to-date: /home/ubuntu/ROS/Bot/ros2-robots/install/gz_ros2_control/share/gz_ros2_control/cmake/gz_ros2_controlConfig-version.cmake
[0.088s] -- Up-to-date: /home/ubuntu/ROS/Bot/ros2-robots/install/gz_ros2_control/share/gz_ros2_control/package.xml
[0.089s] Invoked command in '/home/ubuntu/ROS/Bot/ros2-robots/build/gz_ros2_control' returned '0': CMAKE_PREFIX_PATH=${CMAKE_PREFIX_PATH}:/opt/ros/humble /usr/bin/cmake --install /home/ubuntu/ROS/Bot/ros2-robots/build/gz_ros2_control
