[0.006s] Invoking command in '/home/ubuntu/ROS/Bot/ros2-robots/build/my_robot_description': CMAKE_PREFIX_PATH=${CMAKE_PREFIX_PATH}:/opt/ros/humble /usr/bin/cmake /home/ubuntu/ROS/Bot/ros2-robots/src/my_robot_description -DAMENT_CMAKE_SYMLINK_INSTALL=1 -DCMAKE_INSTALL_PREFIX=/home/ubuntu/ROS/Bot/ros2-robots/install/my_robot_description
[0.013s] -- Found ament_cmake: 1.3.11 (/opt/ros/humble/share/ament_cmake/cmake)
[0.067s] -- Override CMake install command with custom implementation using symlinks instead of copying resources
[0.072s] -- Found ament_lint_auto: 0.12.12 (/opt/ros/humble/share/ament_lint_auto/cmake)
[0.101s] -- Added test 'flake8' to check Python code syntax and style conventions
[0.102s] -- Added test 'lint_cmake' to check CMake code style
[0.102s] -- Added test 'pep257' to check Python code against some of the docstring style conventions in PEP 257
[0.102s] -- Added test 'xmllint' to check XML markup files
[0.103s] -- Configuring done
[0.105s] -- Generating done
[0.106s] -- Build files have been written to: /home/ubuntu/ROS/Bot/ros2-robots/build/my_robot_description
[0.108s] Invoked command in '/home/ubuntu/ROS/Bot/ros2-robots/build/my_robot_description' returned '0': CMAKE_PREFIX_PATH=${CMAKE_PREFIX_PATH}:/opt/ros/humble /usr/bin/cmake /home/ubuntu/ROS/Bot/ros2-robots/src/my_robot_description -DAMENT_CMAKE_SYMLINK_INSTALL=1 -DCMAKE_INSTALL_PREFIX=/home/ubuntu/ROS/Bot/ros2-robots/install/my_robot_description
[0.109s] Invoking command in '/home/ubuntu/ROS/Bot/ros2-robots/build/my_robot_description': CMAKE_PREFIX_PATH=${CMAKE_PREFIX_PATH}:/opt/ros/humble /usr/bin/cmake --build /home/ubuntu/ROS/Bot/ros2-robots/build/my_robot_description -- -j11 -l11
[0.124s] Invoked command in '/home/ubuntu/ROS/Bot/ros2-robots/build/my_robot_description' returned '0': CMAKE_PREFIX_PATH=${CMAKE_PREFIX_PATH}:/opt/ros/humble /usr/bin/cmake --build /home/ubuntu/ROS/Bot/ros2-robots/build/my_robot_description -- -j11 -l11
[0.128s] Invoking command in '/home/ubuntu/ROS/Bot/ros2-robots/build/my_robot_description': CMAKE_PREFIX_PATH=${CMAKE_PREFIX_PATH}:/opt/ros/humble /usr/bin/cmake --install /home/ubuntu/ROS/Bot/ros2-robots/build/my_robot_description
[0.130s] -- Install configuration: ""
[0.130s] -- Execute custom install script
[0.130s] -- Symlinking: /home/ubuntu/ROS/Bot/ros2-robots/install/my_robot_description/share/ament_index/resource_index/package_run_dependencies/my_robot_description
[0.134s] -- Symlinking: /home/ubuntu/ROS/Bot/ros2-robots/install/my_robot_description/share/ament_index/resource_index/parent_prefix_path/my_robot_description
[0.137s] -- Symlinking: /home/ubuntu/ROS/Bot/ros2-robots/install/my_robot_description/share/my_robot_description/environment/ament_prefix_path.sh
[0.140s] -- Symlinking: /home/ubuntu/ROS/Bot/ros2-robots/install/my_robot_description/share/my_robot_description/environment/ament_prefix_path.dsv
[0.144s] -- Symlinking: /home/ubuntu/ROS/Bot/ros2-robots/install/my_robot_description/share/my_robot_description/environment/path.sh
[0.147s] -- Symlinking: /home/ubuntu/ROS/Bot/ros2-robots/install/my_robot_description/share/my_robot_description/environment/path.dsv
[0.151s] -- Symlinking: /home/ubuntu/ROS/Bot/ros2-robots/install/my_robot_description/share/my_robot_description/local_setup.bash
[0.154s] -- Symlinking: /home/ubuntu/ROS/Bot/ros2-robots/install/my_robot_description/share/my_robot_description/local_setup.sh
[0.158s] -- Symlinking: /home/ubuntu/ROS/Bot/ros2-robots/install/my_robot_description/share/my_robot_description/local_setup.zsh
[0.161s] -- Symlinking: /home/ubuntu/ROS/Bot/ros2-robots/install/my_robot_description/share/my_robot_description/local_setup.dsv
[0.164s] -- Symlinking: /home/ubuntu/ROS/Bot/ros2-robots/install/my_robot_description/share/my_robot_description/package.dsv
[0.168s] -- Symlinking: /home/ubuntu/ROS/Bot/ros2-robots/install/my_robot_description/share/ament_index/resource_index/packages/my_robot_description
[0.171s] -- Symlinking: /home/ubuntu/ROS/Bot/ros2-robots/install/my_robot_description/share/my_robot_description/cmake/my_robot_descriptionConfig.cmake
[0.174s] -- Symlinking: /home/ubuntu/ROS/Bot/ros2-robots/install/my_robot_description/share/my_robot_description/cmake/my_robot_descriptionConfig-version.cmake
[0.177s] -- Symlinking: /home/ubuntu/ROS/Bot/ros2-robots/install/my_robot_description/share/my_robot_description/package.xml
[0.181s] Invoked command in '/home/ubuntu/ROS/Bot/ros2-robots/build/my_robot_description' returned '0': CMAKE_PREFIX_PATH=${CMAKE_PREFIX_PATH}:/opt/ros/humble /usr/bin/cmake --install /home/ubuntu/ROS/Bot/ros2-robots/build/my_robot_description
