[0.007s] Invoking command in '/home/ubuntu/ROS/Bot/ros2-robots/build/my_robot_description': CMAKE_PREFIX_PATH=${CMAKE_PREFIX_PATH}:/opt/ros/humble /usr/bin/cmake /home/ubuntu/ROS/Bot/ros2-robots/src/my_robot_description -DCMAKE_INSTALL_PREFIX=/home/ubuntu/ROS/Bot/ros2-robots/install/my_robot_description
[0.064s] -- The C compiler identification is GNU 11.4.0
[0.104s] -- The CXX compiler identification is GNU 11.4.0
[0.108s] -- Detecting C compiler ABI info
[0.141s] -- Detecting C compiler ABI info - done
[0.145s] -- Check for working C compiler: /usr/bin/cc - skipped
[0.145s] -- Detecting C compile features
[0.145s] -- Detecting C compile features - done
[0.148s] -- Detecting CXX compiler ABI info
[0.216s] -- Detecting CXX compiler ABI info - done
[0.221s] -- Check for working CXX compiler: /usr/bin/c++ - skipped
[0.221s] -- Detecting CXX compile features
[0.221s] -- Detecting CXX compile features - done
[0.223s] -- Found ament_cmake: 1.3.11 (/opt/ros/humble/share/ament_cmake/cmake)
[0.308s] -- Found Python3: /usr/bin/python3 (found version "3.10.12") found components: Interpreter 
[0.351s] -- Found ament_lint_auto: 0.12.12 (/opt/ros/humble/share/ament_lint_auto/cmake)
[0.391s] -- Added test 'flake8' to check Python code syntax and style conventions
[0.392s] -- Added test 'lint_cmake' to check CMake code style
[0.392s] -- Added test 'pep257' to check Python code against some of the docstring style conventions in PEP 257
[0.392s] -- Added test 'xmllint' to check XML markup files
[0.393s] -- Configuring done
[0.396s] -- Generating done
[0.398s] -- Build files have been written to: /home/ubuntu/ROS/Bot/ros2-robots/build/my_robot_description
[0.400s] Invoked command in '/home/ubuntu/ROS/Bot/ros2-robots/build/my_robot_description' returned '0': CMAKE_PREFIX_PATH=${CMAKE_PREFIX_PATH}:/opt/ros/humble /usr/bin/cmake /home/ubuntu/ROS/Bot/ros2-robots/src/my_robot_description -DCMAKE_INSTALL_PREFIX=/home/ubuntu/ROS/Bot/ros2-robots/install/my_robot_description
[0.401s] Invoking command in '/home/ubuntu/ROS/Bot/ros2-robots/build/my_robot_description': CMAKE_PREFIX_PATH=${CMAKE_PREFIX_PATH}:/opt/ros/humble /usr/bin/cmake --build /home/ubuntu/ROS/Bot/ros2-robots/build/my_robot_description -- -j11 -l11
[0.416s] Invoked command in '/home/ubuntu/ROS/Bot/ros2-robots/build/my_robot_description' returned '0': CMAKE_PREFIX_PATH=${CMAKE_PREFIX_PATH}:/opt/ros/humble /usr/bin/cmake --build /home/ubuntu/ROS/Bot/ros2-robots/build/my_robot_description -- -j11 -l11
[0.417s] Invoking command in '/home/ubuntu/ROS/Bot/ros2-robots/build/my_robot_description': CMAKE_PREFIX_PATH=${CMAKE_PREFIX_PATH}:/opt/ros/humble /usr/bin/cmake --install /home/ubuntu/ROS/Bot/ros2-robots/build/my_robot_description
[0.420s] -- Install configuration: ""
[0.420s] -- Installing: /home/ubuntu/ROS/Bot/ros2-robots/install/my_robot_description/share/my_robot_description/urdf
[0.421s] -- Installing: /home/ubuntu/ROS/Bot/ros2-robots/install/my_robot_description/share/my_robot_description/urdf/my_robot.xacro
[0.421s] -- Installing: /home/ubuntu/ROS/Bot/ros2-robots/install/my_robot_description/share/my_robot_description/urdf/my_robot.urdf
[0.421s] -- Installing: /home/ubuntu/ROS/Bot/ros2-robots/install/my_robot_description/share/my_robot_description/config
[0.421s] -- Installing: /home/ubuntu/ROS/Bot/ros2-robots/install/my_robot_description/share/my_robot_description/config/controller.yaml
[0.421s] -- Installing: /home/ubuntu/ROS/Bot/ros2-robots/install/my_robot_description/share/my_robot_description/launch
[0.422s] -- Installing: /home/ubuntu/ROS/Bot/ros2-robots/install/my_robot_description/share/my_robot_description/launch/sim.launch.py
[0.422s] -- Installing: /home/ubuntu/ROS/Bot/ros2-robots/install/my_robot_description/share/ament_index/resource_index/package_run_dependencies/my_robot_description
[0.423s] -- Installing: /home/ubuntu/ROS/Bot/ros2-robots/install/my_robot_description/share/ament_index/resource_index/parent_prefix_path/my_robot_description
[0.423s] -- Installing: /home/ubuntu/ROS/Bot/ros2-robots/install/my_robot_description/share/my_robot_description/environment/ament_prefix_path.sh
[0.423s] -- Installing: /home/ubuntu/ROS/Bot/ros2-robots/install/my_robot_description/share/my_robot_description/environment/ament_prefix_path.dsv
[0.423s] -- Installing: /home/ubuntu/ROS/Bot/ros2-robots/install/my_robot_description/share/my_robot_description/environment/path.sh
[0.423s] -- Installing: /home/ubuntu/ROS/Bot/ros2-robots/install/my_robot_description/share/my_robot_description/environment/path.dsv
[0.423s] -- Installing: /home/ubuntu/ROS/Bot/ros2-robots/install/my_robot_description/share/my_robot_description/local_setup.bash
[0.423s] -- Installing: /home/ubuntu/ROS/Bot/ros2-robots/install/my_robot_description/share/my_robot_description/local_setup.sh
[0.423s] -- Installing: /home/ubuntu/ROS/Bot/ros2-robots/install/my_robot_description/share/my_robot_description/local_setup.zsh
[0.424s] -- Installing: /home/ubuntu/ROS/Bot/ros2-robots/install/my_robot_description/share/my_robot_description/local_setup.dsv
[0.424s] -- Installing: /home/ubuntu/ROS/Bot/ros2-robots/install/my_robot_description/share/my_robot_description/package.dsv
[0.424s] -- Installing: /home/ubuntu/ROS/Bot/ros2-robots/install/my_robot_description/share/ament_index/resource_index/packages/my_robot_description
[0.424s] -- Installing: /home/ubuntu/ROS/Bot/ros2-robots/install/my_robot_description/share/my_robot_description/cmake/my_robot_descriptionConfig.cmake
[0.424s] -- Installing: /home/ubuntu/ROS/Bot/ros2-robots/install/my_robot_description/share/my_robot_description/cmake/my_robot_descriptionConfig-version.cmake
[0.424s] -- Installing: /home/ubuntu/ROS/Bot/ros2-robots/install/my_robot_description/share/my_robot_description/package.xml
[0.425s] Invoked command in '/home/ubuntu/ROS/Bot/ros2-robots/build/my_robot_description' returned '0': CMAKE_PREFIX_PATH=${CMAKE_PREFIX_PATH}:/opt/ros/humble /usr/bin/cmake --install /home/ubuntu/ROS/Bot/ros2-robots/build/my_robot_description
