[0.011s] Invoking command in '/home/ubuntu/ROS/Bot/ros2-robots/build/my_robot_description': CMAKE_PREFIX_PATH=/opt/ros/humble /usr/bin/cmake /home/ubuntu/ROS/Bot/ros2-robots/src/my_robot_description -DCMAKE_INSTALL_PREFIX=/home/ubuntu/ROS/Bot/ros2-robots/install/my_robot_description
[0.129s] -- The C compiler identification is GNU 11.4.0
[0.210s] -- The CXX compiler identification is GNU 11.4.0
[0.215s] -- Detecting C compiler ABI info
[0.259s] -- Detecting C compiler ABI info - done
[0.263s] -- Check for working C compiler: /usr/bin/cc - skipped
[0.263s] -- Detecting C compile features
[0.263s] -- Detecting C compile features - done
[0.265s] -- Detecting CXX compiler ABI info
[0.300s] -- Detecting CXX compiler ABI info - done
[0.304s] -- Check for working CXX compiler: /usr/bin/c++ - skipped
[0.304s] -- Detecting CXX compile features
[0.304s] -- Detecting CXX compile features - done
[0.309s] -- Found ament_cmake: 1.3.11 (/opt/ros/humble/share/ament_cmake/cmake)
[0.379s] -- Found Python3: /usr/bin/python3 (found version "3.10.12") found components: Interpreter 
[0.425s] -- Found ament_lint_auto: 0.12.12 (/opt/ros/humble/share/ament_lint_auto/cmake)
[0.466s] -- Added test 'lint_cmake' to check CMake code style
[0.467s] -- Added test 'xmllint' to check XML markup files
[0.468s] -- Configuring done
[0.472s] -- Generating done
[0.475s] -- Build files have been written to: /home/ubuntu/ROS/Bot/ros2-robots/build/my_robot_description
[0.478s] Invoked command in '/home/ubuntu/ROS/Bot/ros2-robots/build/my_robot_description' returned '0': CMAKE_PREFIX_PATH=/opt/ros/humble /usr/bin/cmake /home/ubuntu/ROS/Bot/ros2-robots/src/my_robot_description -DCMAKE_INSTALL_PREFIX=/home/ubuntu/ROS/Bot/ros2-robots/install/my_robot_description
[0.479s] Invoking command in '/home/ubuntu/ROS/Bot/ros2-robots/build/my_robot_description': CMAKE_PREFIX_PATH=/opt/ros/humble /usr/bin/cmake --build /home/ubuntu/ROS/Bot/ros2-robots/build/my_robot_description -- -j11 -l11
[0.495s] Invoked command in '/home/ubuntu/ROS/Bot/ros2-robots/build/my_robot_description' returned '0': CMAKE_PREFIX_PATH=/opt/ros/humble /usr/bin/cmake --build /home/ubuntu/ROS/Bot/ros2-robots/build/my_robot_description -- -j11 -l11
[0.498s] Invoking command in '/home/ubuntu/ROS/Bot/ros2-robots/build/my_robot_description': CMAKE_PREFIX_PATH=/opt/ros/humble /usr/bin/cmake --install /home/ubuntu/ROS/Bot/ros2-robots/build/my_robot_description
[0.501s] -- Install configuration: ""
[0.502s] -- Installing: /home/ubuntu/ROS/Bot/ros2-robots/install/my_robot_description/share/ament_index/resource_index/package_run_dependencies/my_robot_description
[0.502s] -- Installing: /home/ubuntu/ROS/Bot/ros2-robots/install/my_robot_description/share/ament_index/resource_index/parent_prefix_path/my_robot_description
[0.502s] -- Installing: /home/ubuntu/ROS/Bot/ros2-robots/install/my_robot_description/share/my_robot_description/environment/ament_prefix_path.sh
[0.502s] -- Installing: /home/ubuntu/ROS/Bot/ros2-robots/install/my_robot_description/share/my_robot_description/environment/ament_prefix_path.dsv
[0.502s] -- Installing: /home/ubuntu/ROS/Bot/ros2-robots/install/my_robot_description/share/my_robot_description/environment/path.sh
[0.503s] -- Installing: /home/ubuntu/ROS/Bot/ros2-robots/install/my_robot_description/share/my_robot_description/environment/path.dsv
[0.503s] -- Installing: /home/ubuntu/ROS/Bot/ros2-robots/install/my_robot_description/share/my_robot_description/local_setup.bash
[0.503s] -- Installing: /home/ubuntu/ROS/Bot/ros2-robots/install/my_robot_description/share/my_robot_description/local_setup.sh
[0.503s] -- Installing: /home/ubuntu/ROS/Bot/ros2-robots/install/my_robot_description/share/my_robot_description/local_setup.zsh
[0.503s] -- Installing: /home/ubuntu/ROS/Bot/ros2-robots/install/my_robot_description/share/my_robot_description/local_setup.dsv
[0.503s] -- Installing: /home/ubuntu/ROS/Bot/ros2-robots/install/my_robot_description/share/my_robot_description/package.dsv
[0.504s] -- Installing: /home/ubuntu/ROS/Bot/ros2-robots/install/my_robot_description/share/ament_index/resource_index/packages/my_robot_description
[0.504s] -- Installing: /home/ubuntu/ROS/Bot/ros2-robots/install/my_robot_description/share/my_robot_description/cmake/my_robot_descriptionConfig.cmake
[0.504s] -- Installing: /home/ubuntu/ROS/Bot/ros2-robots/install/my_robot_description/share/my_robot_description/cmake/my_robot_descriptionConfig-version.cmake
[0.504s] -- Installing: /home/ubuntu/ROS/Bot/ros2-robots/install/my_robot_description/share/my_robot_description/package.xml
[0.504s] Invoked command in '/home/ubuntu/ROS/Bot/ros2-robots/build/my_robot_description' returned '0': CMAKE_PREFIX_PATH=/opt/ros/humble /usr/bin/cmake --install /home/ubuntu/ROS/Bot/ros2-robots/build/my_robot_description
