[0.007s] Invoking command in '/home/ubuntu/ROS/Bot/ros2-robots/build/gz_ros2_control_demos': CMAKE_PREFIX_PATH=/home/ubuntu/ROS/Bot/ros2-robots/install/gz_ros2_control:/home/ubuntu/ROS/Bot/ros2-robots/install/my_robot_description:/home/ubuntu/ROS/Bot/ros2-robots/install/ign_ros2_control_demos:/home/ubuntu/ROS/Bot/ros2-robots/install/ign_ros2_control:/home/ubuntu/ROS/Bot/ros2-robots/install/gz_ros2_control_tests:/home/ubuntu/ROS/Bot/ros2-robots/install/gz_ros2_control_demos:/opt/ros/humble /usr/bin/cmake /home/ubuntu/ROS/Bot/ros2-robots/src/gz_ros2_control/gz_ros2_control_demos -DCMAKE_INSTALL_PREFIX=/home/ubuntu/ROS/Bot/ros2-robots/install/gz_ros2_control_demos
[0.036s] -- The C compiler identification is GNU 11.4.0
[0.078s] -- The CXX compiler identification is GNU 11.4.0
[0.086s] -- Detecting C compiler ABI info
[0.131s] -- Detecting C compiler ABI info - done
[0.135s] -- Check for working C compiler: /usr/bin/cc - skipped
[0.135s] -- Detecting C compile features
[0.136s] -- Detecting C compile features - done
[0.137s] -- Detecting CXX compiler ABI info
[0.185s] -- Detecting CXX compiler ABI info - done
[0.188s] -- Check for working CXX compiler: /usr/bin/c++ - skipped
[0.188s] -- Detecting CXX compile features
[0.189s] -- Detecting CXX compile features - done
[0.190s] -- Found ament_cmake: 1.3.11 (/opt/ros/humble/share/ament_cmake/cmake)
[0.262s] -- Found Python3: /usr/bin/python3 (found version "3.10.12") found components: Interpreter 
[0.310s] -- Found control_msgs: 4.8.0 (/opt/ros/humble/share/control_msgs/cmake)
[0.331s] -- Found rosidl_generator_c: 3.1.6 (/opt/ros/humble/share/rosidl_generator_c/cmake)
[0.334s] -- Found rosidl_adapter: 3.1.6 (/opt/ros/humble/share/rosidl_adapter/cmake)
[0.338s] -- Found rosidl_generator_cpp: 3.1.6 (/opt/ros/humble/share/rosidl_generator_cpp/cmake)
[0.345s] -- Using all available rosidl_typesupport_c: rosidl_typesupport_fastrtps_c;rosidl_typesupport_introspection_c
[0.353s] -- Using all available rosidl_typesupport_cpp: rosidl_typesupport_fastrtps_cpp;rosidl_typesupport_introspection_cpp
[0.420s] -- Found rclcpp: 16.0.12 (/opt/ros/humble/share/rclcpp/cmake)
[0.439s] -- Found rmw_implementation_cmake: 6.1.2 (/opt/ros/humble/share/rmw_implementation_cmake/cmake)
[0.440s] -- Found rmw_fastrtps_cpp: 6.2.7 (/opt/ros/humble/share/rmw_fastrtps_cpp/cmake)
[0.479s] -- Found OpenSSL: /usr/lib/aarch64-linux-gnu/libcrypto.so (found version "3.0.2")  
[0.495s] -- Found FastRTPS: /opt/ros/humble/include  
[0.520s] -- Using RMW implementation 'rmw_fastrtps_cpp' as default
[0.525s] -- Looking for pthread.h
[0.555s] -- Looking for pthread.h - found
[0.555s] -- Performing Test CMAKE_HAVE_LIBC_PTHREAD
[0.584s] -- Performing Test CMAKE_HAVE_LIBC_PTHREAD - Success
[0.585s] -- Found Threads: TRUE  
[0.604s] -- Found rclcpp_action: 16.0.12 (/opt/ros/humble/share/rclcpp_action/cmake)
[0.612s] -- Found ament_lint_auto: 0.12.12 (/opt/ros/humble/share/ament_lint_auto/cmake)
[0.645s] -- Added test 'copyright' to check source files copyright and LICENSE
[0.646s] -- Added test 'cppcheck' to perform static code analysis on C / C++ code
[0.646s] -- Configured cppcheck include dirs: 
[0.646s] -- Configured cppcheck exclude dirs and/or files: 
[0.647s] -- Added test 'cpplint' to check C / C++ code against the Google style
[0.647s] -- Configured cpplint exclude dirs and/or files: 
[0.647s] -- Added test 'flake8' to check Python code syntax and style conventions
[0.648s] -- Added test 'lint_cmake' to check CMake code style
[0.648s] -- Added test 'pep257' to check Python code against some of the docstring style conventions in PEP 257
[0.649s] -- Added test 'uncrustify' to check C / C++ code style
[0.649s] -- Configured uncrustify additional arguments: 
[0.649s] -- Added test 'xmllint' to check XML markup files
[0.650s] -- Configuring done
[0.666s] -- Generating done
[0.672s] -- Build files have been written to: /home/ubuntu/ROS/Bot/ros2-robots/build/gz_ros2_control_demos
[0.676s] Invoked command in '/home/ubuntu/ROS/Bot/ros2-robots/build/gz_ros2_control_demos' returned '0': CMAKE_PREFIX_PATH=/home/ubuntu/ROS/Bot/ros2-robots/install/gz_ros2_control:/home/ubuntu/ROS/Bot/ros2-robots/install/my_robot_description:/home/ubuntu/ROS/Bot/ros2-robots/install/ign_ros2_control_demos:/home/ubuntu/ROS/Bot/ros2-robots/install/ign_ros2_control:/home/ubuntu/ROS/Bot/ros2-robots/install/gz_ros2_control_tests:/home/ubuntu/ROS/Bot/ros2-robots/install/gz_ros2_control_demos:/opt/ros/humble /usr/bin/cmake /home/ubuntu/ROS/Bot/ros2-robots/src/gz_ros2_control/gz_ros2_control_demos -DCMAKE_INSTALL_PREFIX=/home/ubuntu/ROS/Bot/ros2-robots/install/gz_ros2_control_demos
[0.677s] Invoking command in '/home/ubuntu/ROS/Bot/ros2-robots/build/gz_ros2_control_demos': CMAKE_PREFIX_PATH=/home/ubuntu/ROS/Bot/ros2-robots/install/gz_ros2_control:/home/ubuntu/ROS/Bot/ros2-robots/install/my_robot_description:/home/ubuntu/ROS/Bot/ros2-robots/install/ign_ros2_control_demos:/home/ubuntu/ROS/Bot/ros2-robots/install/ign_ros2_control:/home/ubuntu/ROS/Bot/ros2-robots/install/gz_ros2_control_tests:/home/ubuntu/ROS/Bot/ros2-robots/install/gz_ros2_control_demos:/opt/ros/humble /usr/bin/cmake --build /home/ubuntu/ROS/Bot/ros2-robots/build/gz_ros2_control_demos -- -j11 -l11
[0.698s] [  7%] [32mBuilding CXX object CMakeFiles/example_diff_drive.dir/examples/example_diff_drive.cpp.o[0m
[0.698s] [ 14%] [32mBuilding CXX object CMakeFiles/example_velocity.dir/examples/example_position.cpp.o[0m
[0.698s] [ 21%] [32mBuilding CXX object CMakeFiles/example_position.dir/examples/example_position.cpp.o[0m
[0.699s] [ 28%] [32mBuilding CXX object CMakeFiles/example_ackermann_drive.dir/examples/example_ackermann_drive.cpp.o[0m
[0.700s] [ 35%] [32mBuilding CXX object CMakeFiles/example_tricycle_drive.dir/examples/example_tricycle_drive.cpp.o[0m
[0.700s] [ 42%] [32mBuilding CXX object CMakeFiles/example_effort.dir/examples/example_position.cpp.o[0m
[0.701s] [ 50%] [32mBuilding CXX object CMakeFiles/example_gripper.dir/examples/example_gripper.cpp.o[0m
[3.980s] [ 57%] [32m[1mLinking CXX executable example_diff_drive[0m
[3.985s] [ 64%] [32m[1mLinking CXX executable example_ackermann_drive[0m
[4.001s] [ 71%] [32m[1mLinking CXX executable example_tricycle_drive[0m
[4.093s] [ 78%] [32m[1mLinking CXX executable example_gripper[0m
[4.114s] [ 78%] Built target example_diff_drive
[4.122s] [ 78%] Built target example_ackermann_drive
[4.153s] [ 78%] Built target example_tricycle_drive
[4.201s] [ 78%] Built target example_gripper
[4.323s] [ 85%] [32m[1mLinking CXX executable example_effort[0m
[4.345s] [ 92%] [32m[1mLinking CXX executable example_velocity[0m
[4.359s] [100%] [32m[1mLinking CXX executable example_position[0m
[4.428s] [100%] Built target example_effort
[4.446s] [100%] Built target example_velocity
[4.458s] [100%] Built target example_position
[4.466s] Invoked command in '/home/ubuntu/ROS/Bot/ros2-robots/build/gz_ros2_control_demos' returned '0': CMAKE_PREFIX_PATH=/home/ubuntu/ROS/Bot/ros2-robots/install/gz_ros2_control:/home/ubuntu/ROS/Bot/ros2-robots/install/my_robot_description:/home/ubuntu/ROS/Bot/ros2-robots/install/ign_ros2_control_demos:/home/ubuntu/ROS/Bot/ros2-robots/install/ign_ros2_control:/home/ubuntu/ROS/Bot/ros2-robots/install/gz_ros2_control_tests:/home/ubuntu/ROS/Bot/ros2-robots/install/gz_ros2_control_demos:/opt/ros/humble /usr/bin/cmake --build /home/ubuntu/ROS/Bot/ros2-robots/build/gz_ros2_control_demos -- -j11 -l11
[4.477s] Invoking command in '/home/ubuntu/ROS/Bot/ros2-robots/build/gz_ros2_control_demos': CMAKE_PREFIX_PATH=/home/ubuntu/ROS/Bot/ros2-robots/install/gz_ros2_control:/home/ubuntu/ROS/Bot/ros2-robots/install/my_robot_description:/home/ubuntu/ROS/Bot/ros2-robots/install/ign_ros2_control_demos:/home/ubuntu/ROS/Bot/ros2-robots/install/ign_ros2_control:/home/ubuntu/ROS/Bot/ros2-robots/install/gz_ros2_control_tests:/home/ubuntu/ROS/Bot/ros2-robots/install/gz_ros2_control_demos:/opt/ros/humble /usr/bin/cmake --install /home/ubuntu/ROS/Bot/ros2-robots/build/gz_ros2_control_demos
[4.482s] -- Install configuration: ""
[4.482s] -- Installing: /home/ubuntu/ROS/Bot/ros2-robots/install/gz_ros2_control_demos/share/gz_ros2_control_demos//launch
[4.483s] -- Installing: /home/ubuntu/ROS/Bot/ros2-robots/install/gz_ros2_control_demos/share/gz_ros2_control_demos//launch/gripper_mimic_joint_example.launch.py
[4.484s] -- Installing: /home/ubuntu/ROS/Bot/ros2-robots/install/gz_ros2_control_demos/share/gz_ros2_control_demos//launch/cart_example_velocity.launch.py
[4.484s] -- Installing: /home/ubuntu/ROS/Bot/ros2-robots/install/gz_ros2_control_demos/share/gz_ros2_control_demos//launch/ackermann_drive_example.launch.py
[4.484s] -- Installing: /home/ubuntu/ROS/Bot/ros2-robots/install/gz_ros2_control_demos/share/gz_ros2_control_demos//launch/diff_drive_example_namespaced.launch.py
[4.485s] -- Installing: /home/ubuntu/ROS/Bot/ros2-robots/install/gz_ros2_control_demos/share/gz_ros2_control_demos//launch/mecanum_drive_example.launch.py
[4.485s] -- Installing: /home/ubuntu/ROS/Bot/ros2-robots/install/gz_ros2_control_demos/share/gz_ros2_control_demos//launch/diff_drive_example.launch.py
[4.485s] -- Installing: /home/ubuntu/ROS/Bot/ros2-robots/install/gz_ros2_control_demos/share/gz_ros2_control_demos//launch/tricycle_drive_example.launch.py
[4.485s] -- Installing: /home/ubuntu/ROS/Bot/ros2-robots/install/gz_ros2_control_demos/share/gz_ros2_control_demos//launch/pendulum_example_effort.launch.py
[4.485s] -- Installing: /home/ubuntu/ROS/Bot/ros2-robots/install/gz_ros2_control_demos/share/gz_ros2_control_demos//launch/cart_example_position.launch.py
[4.485s] -- Installing: /home/ubuntu/ROS/Bot/ros2-robots/install/gz_ros2_control_demos/share/gz_ros2_control_demos//launch/pendulum_example_position.launch.py
[4.486s] -- Installing: /home/ubuntu/ROS/Bot/ros2-robots/install/gz_ros2_control_demos/share/gz_ros2_control_demos//launch/cart_example_effort.launch.py
[4.486s] -- Installing: /home/ubuntu/ROS/Bot/ros2-robots/install/gz_ros2_control_demos/share/gz_ros2_control_demos//config
[4.486s] -- Installing: /home/ubuntu/ROS/Bot/ros2-robots/install/gz_ros2_control_demos/share/gz_ros2_control_demos//config/ackermann_drive_controller.yaml
[4.486s] -- Installing: /home/ubuntu/ROS/Bot/ros2-robots/install/gz_ros2_control_demos/share/gz_ros2_control_demos//config/cart_controller_position.yaml
[4.487s] -- Installing: /home/ubuntu/ROS/Bot/ros2-robots/install/gz_ros2_control_demos/share/gz_ros2_control_demos//config/diff_drive_controller.yaml
[4.487s] -- Installing: /home/ubuntu/ROS/Bot/ros2-robots/install/gz_ros2_control_demos/share/gz_ros2_control_demos//config/cart_controller_velocity.yaml
[4.487s] -- Installing: /home/ubuntu/ROS/Bot/ros2-robots/install/gz_ros2_control_demos/share/gz_ros2_control_demos//config/tricycle_drive_controller.yaml
[4.487s] -- Installing: /home/ubuntu/ROS/Bot/ros2-robots/install/gz_ros2_control_demos/share/gz_ros2_control_demos//config/cart_controller_effort.yaml
[4.487s] -- Installing: /home/ubuntu/ROS/Bot/ros2-robots/install/gz_ros2_control_demos/share/gz_ros2_control_demos//config/mecanum_drive_controller.yaml
[4.488s] -- Installing: /home/ubuntu/ROS/Bot/ros2-robots/install/gz_ros2_control_demos/share/gz_ros2_control_demos//config/gripper_controller.yaml
[4.488s] -- Installing: /home/ubuntu/ROS/Bot/ros2-robots/install/gz_ros2_control_demos/share/gz_ros2_control_demos//urdf
[4.488s] -- Installing: /home/ubuntu/ROS/Bot/ros2-robots/install/gz_ros2_control_demos/share/gz_ros2_control_demos//urdf/test_mecanum_drive.xacro.urdf
[4.489s] -- Installing: /home/ubuntu/ROS/Bot/ros2-robots/install/gz_ros2_control_demos/share/gz_ros2_control_demos//urdf/test_cart_velocity.xacro.urdf
[4.489s] -- Installing: /home/ubuntu/ROS/Bot/ros2-robots/install/gz_ros2_control_demos/share/gz_ros2_control_demos//urdf/test_tricycle_drive.xacro.urdf
[4.489s] -- Installing: /home/ubuntu/ROS/Bot/ros2-robots/install/gz_ros2_control_demos/share/gz_ros2_control_demos//urdf/test_pendulum_effort.xacro.urdf
[4.489s] -- Installing: /home/ubuntu/ROS/Bot/ros2-robots/install/gz_ros2_control_demos/share/gz_ros2_control_demos//urdf/test_diff_drive.xacro.urdf
[4.489s] -- Installing: /home/ubuntu/ROS/Bot/ros2-robots/install/gz_ros2_control_demos/share/gz_ros2_control_demos//urdf/test_gripper_mimic_joint.xacro.urdf
[4.490s] -- Installing: /home/ubuntu/ROS/Bot/ros2-robots/install/gz_ros2_control_demos/share/gz_ros2_control_demos//urdf/test_cart_position.xacro.urdf
[4.490s] -- Installing: /home/ubuntu/ROS/Bot/ros2-robots/install/gz_ros2_control_demos/share/gz_ros2_control_demos//urdf/test_ackermann_drive.xacro.urdf
[4.490s] -- Installing: /home/ubuntu/ROS/Bot/ros2-robots/install/gz_ros2_control_demos/share/gz_ros2_control_demos//urdf/test_cart_effort.xacro.urdf
[4.490s] -- Installing: /home/ubuntu/ROS/Bot/ros2-robots/install/gz_ros2_control_demos/share/gz_ros2_control_demos//urdf/test_pendulum_position.xacro.urdf
[4.490s] -- Installing: /home/ubuntu/ROS/Bot/ros2-robots/install/gz_ros2_control_demos/lib/gz_ros2_control_demos/example_position
[4.491s] -- Set runtime path of "/home/ubuntu/ROS/Bot/ros2-robots/install/gz_ros2_control_demos/lib/gz_ros2_control_demos/example_position" to ""
[4.491s] -- Installing: /home/ubuntu/ROS/Bot/ros2-robots/install/gz_ros2_control_demos/lib/gz_ros2_control_demos/example_velocity
[4.491s] -- Set runtime path of "/home/ubuntu/ROS/Bot/ros2-robots/install/gz_ros2_control_demos/lib/gz_ros2_control_demos/example_velocity" to ""
[4.491s] -- Installing: /home/ubuntu/ROS/Bot/ros2-robots/install/gz_ros2_control_demos/lib/gz_ros2_control_demos/example_effort
[4.492s] -- Set runtime path of "/home/ubuntu/ROS/Bot/ros2-robots/install/gz_ros2_control_demos/lib/gz_ros2_control_demos/example_effort" to ""
[4.492s] -- Installing: /home/ubuntu/ROS/Bot/ros2-robots/install/gz_ros2_control_demos/lib/gz_ros2_control_demos/example_diff_drive
[4.492s] -- Set runtime path of "/home/ubuntu/ROS/Bot/ros2-robots/install/gz_ros2_control_demos/lib/gz_ros2_control_demos/example_diff_drive" to ""
[4.493s] -- Installing: /home/ubuntu/ROS/Bot/ros2-robots/install/gz_ros2_control_demos/lib/gz_ros2_control_demos/example_tricycle_drive
[4.493s] -- Set runtime path of "/home/ubuntu/ROS/Bot/ros2-robots/install/gz_ros2_control_demos/lib/gz_ros2_control_demos/example_tricycle_drive" to ""
[4.493s] -- Installing: /home/ubuntu/ROS/Bot/ros2-robots/install/gz_ros2_control_demos/lib/gz_ros2_control_demos/example_ackermann_drive
[4.494s] -- Set runtime path of "/home/ubuntu/ROS/Bot/ros2-robots/install/gz_ros2_control_demos/lib/gz_ros2_control_demos/example_ackermann_drive" to ""
[4.494s] -- Installing: /home/ubuntu/ROS/Bot/ros2-robots/install/gz_ros2_control_demos/lib/gz_ros2_control_demos/example_gripper
[4.494s] -- Set runtime path of "/home/ubuntu/ROS/Bot/ros2-robots/install/gz_ros2_control_demos/lib/gz_ros2_control_demos/example_gripper" to ""
[4.495s] -- Installing: /home/ubuntu/ROS/Bot/ros2-robots/install/gz_ros2_control_demos/share/ament_index/resource_index/package_run_dependencies/gz_ros2_control_demos
[4.495s] -- Installing: /home/ubuntu/ROS/Bot/ros2-robots/install/gz_ros2_control_demos/share/ament_index/resource_index/parent_prefix_path/gz_ros2_control_demos
[4.495s] -- Installing: /home/ubuntu/ROS/Bot/ros2-robots/install/gz_ros2_control_demos/share/gz_ros2_control_demos/environment/ament_prefix_path.sh
[4.495s] -- Installing: /home/ubuntu/ROS/Bot/ros2-robots/install/gz_ros2_control_demos/share/gz_ros2_control_demos/environment/ament_prefix_path.dsv
[4.495s] -- Installing: /home/ubuntu/ROS/Bot/ros2-robots/install/gz_ros2_control_demos/share/gz_ros2_control_demos/environment/path.sh
[4.496s] -- Installing: /home/ubuntu/ROS/Bot/ros2-robots/install/gz_ros2_control_demos/share/gz_ros2_control_demos/environment/path.dsv
[4.496s] -- Installing: /home/ubuntu/ROS/Bot/ros2-robots/install/gz_ros2_control_demos/share/gz_ros2_control_demos/local_setup.bash
[4.497s] -- Installing: /home/ubuntu/ROS/Bot/ros2-robots/install/gz_ros2_control_demos/share/gz_ros2_control_demos/local_setup.sh
[4.497s] -- Installing: /home/ubuntu/ROS/Bot/ros2-robots/install/gz_ros2_control_demos/share/gz_ros2_control_demos/local_setup.zsh
[4.497s] -- Installing: /home/ubuntu/ROS/Bot/ros2-robots/install/gz_ros2_control_demos/share/gz_ros2_control_demos/local_setup.dsv
[4.497s] -- Installing: /home/ubuntu/ROS/Bot/ros2-robots/install/gz_ros2_control_demos/share/gz_ros2_control_demos/package.dsv
[4.498s] -- Installing: /home/ubuntu/ROS/Bot/ros2-robots/install/gz_ros2_control_demos/share/ament_index/resource_index/packages/gz_ros2_control_demos
[4.498s] -- Installing: /home/ubuntu/ROS/Bot/ros2-robots/install/gz_ros2_control_demos/share/gz_ros2_control_demos/cmake/gz_ros2_control_demosConfig.cmake
[4.498s] -- Installing: /home/ubuntu/ROS/Bot/ros2-robots/install/gz_ros2_control_demos/share/gz_ros2_control_demos/cmake/gz_ros2_control_demosConfig-version.cmake
[4.498s] -- Installing: /home/ubuntu/ROS/Bot/ros2-robots/install/gz_ros2_control_demos/share/gz_ros2_control_demos/package.xml
[4.501s] Invoked command in '/home/ubuntu/ROS/Bot/ros2-robots/build/gz_ros2_control_demos' returned '0': CMAKE_PREFIX_PATH=/home/ubuntu/ROS/Bot/ros2-robots/install/gz_ros2_control:/home/ubuntu/ROS/Bot/ros2-robots/install/my_robot_description:/home/ubuntu/ROS/Bot/ros2-robots/install/ign_ros2_control_demos:/home/ubuntu/ROS/Bot/ros2-robots/install/ign_ros2_control:/home/ubuntu/ROS/Bot/ros2-robots/install/gz_ros2_control_tests:/home/ubuntu/ROS/Bot/ros2-robots/install/gz_ros2_control_demos:/opt/ros/humble /usr/bin/cmake --install /home/ubuntu/ROS/Bot/ros2-robots/build/gz_ros2_control_demos
