-- The C compiler identification is GNU 11.4.0
-- The CXX compiler identification is GNU 11.4.0
-- Detecting C compiler ABI info
-- Detecting C compiler ABI info - done
-- Check for working C compiler: /usr/bin/cc - skipped
-- Detecting C compile features
-- Detecting C compile features - done
-- Detecting CXX compiler ABI info
-- Detecting CXX compiler ABI info - done
-- Check for working CXX compiler: /usr/bin/c++ - skipped
-- Detecting CXX compile features
-- Detecting CXX compile features - done
-- Found ament_cmake: 1.3.11 (/opt/ros/humble/share/ament_cmake/cmake)
-- Found Python3: /usr/bin/python3 (found version "3.10.12") found components: Interpreter 
-- Found ament_index_cpp: 1.4.0 (/opt/ros/humble/share/ament_index_cpp/cmake)
-- Found ament_cmake_gtest: 1.3.11 (/opt/ros/humble/share/ament_cmake_gtest/cmake)
-- Found ament_lint_auto: 0.12.12 (/opt/ros/humble/share/ament_lint_auto/cmake)
-- Added test 'copyright' to check source files copyright and LICENSE
-- Added test 'cppcheck' to perform static code analysis on C / C++ code
-- Configured cppcheck include dirs: 
-- Configured cppcheck exclude dirs and/or files: 
-- Added test 'cpplint' to check C / C++ code against the Google style
-- Configured cpplint exclude dirs and/or files: 
-- Added test 'flake8' to check Python code syntax and style conventions
-- Added test 'lint_cmake' to check CMake code style
-- Added test 'pep257' to check Python code against some of the docstring style conventions in PEP 257
-- Added test 'uncrustify' to check C / C++ code style
-- Configured uncrustify additional arguments: 
-- Added test 'xmllint' to check XML markup files
-- Configuring done
-- Generating done
-- Build files have been written to: /home/ubuntu/ROS/Bot/ros2-robots/build/ign_ros2_control_demos
[ 14%] [32mBuilding CXX object CMakeFiles/example_position.dir/examples/example_position.cpp.o[0m
[ 14%] [32mBuilding CXX object CMakeFiles/example_diff_drive.dir/examples/example_diff_drive.cpp.o[0m
[ 21%] [32mBuilding CXX object CMakeFiles/example_ackermann_drive.dir/examples/example_ackermann_drive.cpp.o[0m
[ 28%] [32mBuilding CXX object CMakeFiles/example_velocity.dir/examples/example_position.cpp.o[0m
[ 35%] [32mBuilding CXX object CMakeFiles/example_gripper.dir/examples/example_gripper.cpp.o[0m
[ 42%] [32mBuilding CXX object CMakeFiles/example_tricycle_drive.dir/examples/example_tricycle_drive.cpp.o[0m
[ 50%] [32mBuilding CXX object CMakeFiles/example_effort.dir/examples/example_position.cpp.o[0m
[ 57%] [32m[1mLinking CXX executable example_ackermann_drive[0m
[ 64%] [32m[1mLinking CXX executable example_diff_drive[0m
[ 71%] [32m[1mLinking CXX executable example_position[0m
[ 78%] [32m[1mLinking CXX executable example_gripper[0m
[ 85%] [32m[1mLinking CXX executable example_velocity[0m
[ 92%] [32m[1mLinking CXX executable example_tricycle_drive[0m
[100%] [32m[1mLinking CXX executable example_effort[0m
[100%] Built target example_gripper
[100%] Built target example_diff_drive
[100%] Built target example_ackermann_drive
[100%] Built target example_position
[100%] Built target example_velocity
[100%] Built target example_effort
[100%] Built target example_tricycle_drive
-- Install configuration: ""
-- Installing: /home/ubuntu/ROS/Bot/ros2-robots/install/ign_ros2_control_demos/share/ign_ros2_control_demos//launch
-- Installing: /home/ubuntu/ROS/Bot/ros2-robots/install/ign_ros2_control_demos/share/ign_ros2_control_demos//launch/gripper_mimic_joint_example.launch.py
-- Installing: /home/ubuntu/ROS/Bot/ros2-robots/install/ign_ros2_control_demos/share/ign_ros2_control_demos//launch/cart_example_velocity.launch.py
-- Installing: /home/ubuntu/ROS/Bot/ros2-robots/install/ign_ros2_control_demos/share/ign_ros2_control_demos//launch/ackermann_drive_example.launch.py
-- Installing: /home/ubuntu/ROS/Bot/ros2-robots/install/ign_ros2_control_demos/share/ign_ros2_control_demos//launch/diff_drive_example_namespaced.launch.py
-- Installing: /home/ubuntu/ROS/Bot/ros2-robots/install/ign_ros2_control_demos/share/ign_ros2_control_demos//launch/diff_drive_example.launch.py
-- Installing: /home/ubuntu/ROS/Bot/ros2-robots/install/ign_ros2_control_demos/share/ign_ros2_control_demos//launch/tricycle_drive_example.launch.py
-- Installing: /home/ubuntu/ROS/Bot/ros2-robots/install/ign_ros2_control_demos/share/ign_ros2_control_demos//launch/pendulum_example_effort.launch.py
-- Installing: /home/ubuntu/ROS/Bot/ros2-robots/install/ign_ros2_control_demos/share/ign_ros2_control_demos//launch/cart_example_position.launch.py
-- Installing: /home/ubuntu/ROS/Bot/ros2-robots/install/ign_ros2_control_demos/share/ign_ros2_control_demos//launch/pendulum_example_position.launch.py
-- Installing: /home/ubuntu/ROS/Bot/ros2-robots/install/ign_ros2_control_demos/share/ign_ros2_control_demos//launch/cart_example_effort.launch.py
-- Installing: /home/ubuntu/ROS/Bot/ros2-robots/install/ign_ros2_control_demos/share/ign_ros2_control_demos//urdf
-- Installing: /home/ubuntu/ROS/Bot/ros2-robots/install/ign_ros2_control_demos/share/ign_ros2_control_demos//urdf/test_cart_position.xacro.urdf
-- Installing: /home/ubuntu/ROS/Bot/ros2-robots/install/ign_ros2_control_demos/lib/ign_ros2_control_demos/example_position
-- Set runtime path of "/home/ubuntu/ROS/Bot/ros2-robots/install/ign_ros2_control_demos/lib/ign_ros2_control_demos/example_position" to ""
-- Installing: /home/ubuntu/ROS/Bot/ros2-robots/install/ign_ros2_control_demos/lib/ign_ros2_control_demos/example_velocity
-- Set runtime path of "/home/ubuntu/ROS/Bot/ros2-robots/install/ign_ros2_control_demos/lib/ign_ros2_control_demos/example_velocity" to ""
-- Installing: /home/ubuntu/ROS/Bot/ros2-robots/install/ign_ros2_control_demos/lib/ign_ros2_control_demos/example_effort
-- Set runtime path of "/home/ubuntu/ROS/Bot/ros2-robots/install/ign_ros2_control_demos/lib/ign_ros2_control_demos/example_effort" to ""
-- Installing: /home/ubuntu/ROS/Bot/ros2-robots/install/ign_ros2_control_demos/lib/ign_ros2_control_demos/example_diff_drive
-- Set runtime path of "/home/ubuntu/ROS/Bot/ros2-robots/install/ign_ros2_control_demos/lib/ign_ros2_control_demos/example_diff_drive" to ""
-- Installing: /home/ubuntu/ROS/Bot/ros2-robots/install/ign_ros2_control_demos/lib/ign_ros2_control_demos/example_tricycle_drive
-- Set runtime path of "/home/ubuntu/ROS/Bot/ros2-robots/install/ign_ros2_control_demos/lib/ign_ros2_control_demos/example_tricycle_drive" to ""
-- Installing: /home/ubuntu/ROS/Bot/ros2-robots/install/ign_ros2_control_demos/lib/ign_ros2_control_demos/example_ackermann_drive
-- Set runtime path of "/home/ubuntu/ROS/Bot/ros2-robots/install/ign_ros2_control_demos/lib/ign_ros2_control_demos/example_ackermann_drive" to ""
-- Installing: /home/ubuntu/ROS/Bot/ros2-robots/install/ign_ros2_control_demos/lib/ign_ros2_control_demos/example_gripper
-- Set runtime path of "/home/ubuntu/ROS/Bot/ros2-robots/install/ign_ros2_control_demos/lib/ign_ros2_control_demos/example_gripper" to ""
-- Installing: /home/ubuntu/ROS/Bot/ros2-robots/install/ign_ros2_control_demos/share/ament_index/resource_index/package_run_dependencies/ign_ros2_control_demos
-- Installing: /home/ubuntu/ROS/Bot/ros2-robots/install/ign_ros2_control_demos/share/ament_index/resource_index/parent_prefix_path/ign_ros2_control_demos
-- Installing: /home/ubuntu/ROS/Bot/ros2-robots/install/ign_ros2_control_demos/share/ign_ros2_control_demos/environment/ament_prefix_path.sh
-- Installing: /home/ubuntu/ROS/Bot/ros2-robots/install/ign_ros2_control_demos/share/ign_ros2_control_demos/environment/ament_prefix_path.dsv
-- Installing: /home/ubuntu/ROS/Bot/ros2-robots/install/ign_ros2_control_demos/share/ign_ros2_control_demos/environment/path.sh
-- Installing: /home/ubuntu/ROS/Bot/ros2-robots/install/ign_ros2_control_demos/share/ign_ros2_control_demos/environment/path.dsv
-- Installing: /home/ubuntu/ROS/Bot/ros2-robots/install/ign_ros2_control_demos/share/ign_ros2_control_demos/local_setup.bash
-- Installing: /home/ubuntu/ROS/Bot/ros2-robots/install/ign_ros2_control_demos/share/ign_ros2_control_demos/local_setup.sh
-- Installing: /home/ubuntu/ROS/Bot/ros2-robots/install/ign_ros2_control_demos/share/ign_ros2_control_demos/local_setup.zsh
-- Installing: /home/ubuntu/ROS/Bot/ros2-robots/install/ign_ros2_control_demos/share/ign_ros2_control_demos/local_setup.dsv
-- Installing: /home/ubuntu/ROS/Bot/ros2-robots/install/ign_ros2_control_demos/share/ign_ros2_control_demos/package.dsv
-- Installing: /home/ubuntu/ROS/Bot/ros2-robots/install/ign_ros2_control_demos/share/ament_index/resource_index/packages/ign_ros2_control_demos
-- Installing: /home/ubuntu/ROS/Bot/ros2-robots/install/ign_ros2_control_demos/share/ign_ros2_control_demos/cmake/ign_ros2_control_demosConfig.cmake
-- Installing: /home/ubuntu/ROS/Bot/ros2-robots/install/ign_ros2_control_demos/share/ign_ros2_control_demos/cmake/ign_ros2_control_demosConfig-version.cmake
-- Installing: /home/ubuntu/ROS/Bot/ros2-robots/install/ign_ros2_control_demos/share/ign_ros2_control_demos/package.xml
