[0.006s] Invoking command in '/home/ubuntu/ROS/Bot/ros2-robots/build/my_robot_description': CMAKE_PREFIX_PATH=${CMAKE_PREFIX_PATH}:/opt/ros/humble /usr/bin/cmake /home/ubuntu/ROS/Bot/ros2-robots/src/my_robot_description -DCMAKE_INSTALL_PREFIX=/home/ubuntu/ROS/Bot/ros2-robots/install/my_robot_description
[0.015s] -- Found ament_cmake: 1.3.11 (/opt/ros/humble/share/ament_cmake/cmake)
[0.081s] -- Override CMake install command with custom implementation using symlinks instead of copying resources
[0.086s] -- Found ament_lint_auto: 0.12.12 (/opt/ros/humble/share/ament_lint_auto/cmake)
[0.114s] -- Added test 'flake8' to check Python code syntax and style conventions
[0.115s] -- Added test 'lint_cmake' to check CMake code style
[0.115s] -- Added test 'pep257' to check Python code against some of the docstring style conventions in PEP 257
[0.115s] -- Added test 'xmllint' to check XML markup files
[0.116s] -- Configuring done
[0.118s] -- Generating done
[0.119s] -- Build files have been written to: /home/ubuntu/ROS/Bot/ros2-robots/build/my_robot_description
[0.121s] Invoked command in '/home/ubuntu/ROS/Bot/ros2-robots/build/my_robot_description' returned '0': CMAKE_PREFIX_PATH=${CMAKE_PREFIX_PATH}:/opt/ros/humble /usr/bin/cmake /home/ubuntu/ROS/Bot/ros2-robots/src/my_robot_description -DCMAKE_INSTALL_PREFIX=/home/ubuntu/ROS/Bot/ros2-robots/install/my_robot_description
[0.122s] Invoking command in '/home/ubuntu/ROS/Bot/ros2-robots/build/my_robot_description': CMAKE_PREFIX_PATH=${CMAKE_PREFIX_PATH}:/opt/ros/humble /usr/bin/cmake --build /home/ubuntu/ROS/Bot/ros2-robots/build/my_robot_description -- -j11 -l11
[0.136s] Invoked command in '/home/ubuntu/ROS/Bot/ros2-robots/build/my_robot_description' returned '0': CMAKE_PREFIX_PATH=${CMAKE_PREFIX_PATH}:/opt/ros/humble /usr/bin/cmake --build /home/ubuntu/ROS/Bot/ros2-robots/build/my_robot_description -- -j11 -l11
[0.141s] Invoking command in '/home/ubuntu/ROS/Bot/ros2-robots/build/my_robot_description': CMAKE_PREFIX_PATH=${CMAKE_PREFIX_PATH}:/opt/ros/humble /usr/bin/cmake --install /home/ubuntu/ROS/Bot/ros2-robots/build/my_robot_description
[0.143s] -- Install configuration: ""
[0.143s] -- Execute custom install script
[0.144s] -- Symlinking: /home/ubuntu/ROS/Bot/ros2-robots/install/my_robot_description/share/my_robot_description//launch/sim.launch.py
[0.154s] -- Up-to-date symlink: /home/ubuntu/ROS/Bot/ros2-robots/install/my_robot_description/share/ament_index/resource_index/package_run_dependencies/my_robot_description
[0.154s] -- Up-to-date symlink: /home/ubuntu/ROS/Bot/ros2-robots/install/my_robot_description/share/ament_index/resource_index/parent_prefix_path/my_robot_description
[0.154s] -- Up-to-date symlink: /home/ubuntu/ROS/Bot/ros2-robots/install/my_robot_description/share/my_robot_description/environment/ament_prefix_path.sh
[0.154s] -- Up-to-date symlink: /home/ubuntu/ROS/Bot/ros2-robots/install/my_robot_description/share/my_robot_description/environment/ament_prefix_path.dsv
[0.154s] -- Up-to-date symlink: /home/ubuntu/ROS/Bot/ros2-robots/install/my_robot_description/share/my_robot_description/environment/path.sh
[0.154s] -- Up-to-date symlink: /home/ubuntu/ROS/Bot/ros2-robots/install/my_robot_description/share/my_robot_description/environment/path.dsv
[0.154s] -- Up-to-date symlink: /home/ubuntu/ROS/Bot/ros2-robots/install/my_robot_description/share/my_robot_description/local_setup.bash
[0.154s] -- Up-to-date symlink: /home/ubuntu/ROS/Bot/ros2-robots/install/my_robot_description/share/my_robot_description/local_setup.sh
[0.154s] -- Up-to-date symlink: /home/ubuntu/ROS/Bot/ros2-robots/install/my_robot_description/share/my_robot_description/local_setup.zsh
[0.154s] -- Up-to-date symlink: /home/ubuntu/ROS/Bot/ros2-robots/install/my_robot_description/share/my_robot_description/local_setup.dsv
[0.154s] -- Symlinking: /home/ubuntu/ROS/Bot/ros2-robots/install/my_robot_description/share/my_robot_description/package.dsv
[0.159s] -- Up-to-date symlink: /home/ubuntu/ROS/Bot/ros2-robots/install/my_robot_description/share/ament_index/resource_index/packages/my_robot_description
[0.159s] -- Up-to-date symlink: /home/ubuntu/ROS/Bot/ros2-robots/install/my_robot_description/share/my_robot_description/cmake/my_robot_descriptionConfig.cmake
[0.159s] -- Up-to-date symlink: /home/ubuntu/ROS/Bot/ros2-robots/install/my_robot_description/share/my_robot_description/cmake/my_robot_descriptionConfig-version.cmake
[0.159s] -- Up-to-date symlink: /home/ubuntu/ROS/Bot/ros2-robots/install/my_robot_description/share/my_robot_description/package.xml
[0.160s] Invoked command in '/home/ubuntu/ROS/Bot/ros2-robots/build/my_robot_description' returned '0': CMAKE_PREFIX_PATH=${CMAKE_PREFIX_PATH}:/opt/ros/humble /usr/bin/cmake --install /home/ubuntu/ROS/Bot/ros2-robots/build/my_robot_description
