[0.012s] Invoking command in '/home/ubuntu/ROS/Bot/ros2-robots/src/build/ign_ros2_control_demos': CMAKE_PREFIX_PATH=/home/ubuntu/ROS/Bot/ros2-robots/src/install/gz_ros2_control_demos:/home/ubuntu/ROS/Bot/ros2-robots/src/install/gz_ros2_control:/home/ubuntu/ROS/Bot/ros2-robots/install/ign_ros2_control_demos:/home/ubuntu/ROS/Bot/ros2-robots/install/ign_ros2_control:/home/ubuntu/ROS/Bot/ros2-robots/install/gz_ros2_control_tests:/home/ubuntu/ROS/Bot/ros2-robots/install/gz_ros2_control_demos:/home/ubuntu/ROS/Bot/ros2-robots/install/gz_ros2_control:/home/ubuntu/ROS/Bot/ros2-robots/src/install/my_robot_description:/home/ubuntu/ROS/Bot/ros2-robots/src/install/ign_ros2_control_demos:/home/ubuntu/ROS/Bot/ros2-robots/src/install/ign_ros2_control:/home/ubuntu/ROS/Bot/ros2-robots/src/install/gz_ros2_control_tests:/home/ubuntu/ROS/Bot/ros2-robots/install/my_robot_description:/opt/ros/humble LD_LIBRARY_PATH=/home/ubuntu/ROS/Bot/ros2-robots/src/install/gz_ros2_control/lib:/home/ubuntu/ROS/Bot/ros2-robots/install/gz_ros2_control/lib:/opt/ros/humble/opt/rviz_ogre_vendor/lib:/opt/ros/humble/lib/aarch64-linux-gnu:/opt/ros/humble/lib /usr/bin/cmake /home/ubuntu/ROS/Bot/ros2-robots/src/gz_ros2_control/ign_ros2_control_demos -DCMAKE_INSTALL_PREFIX=/home/ubuntu/ROS/Bot/ros2-robots/src/install/ign_ros2_control_demos
[0.049s] -- The C compiler identification is GNU 11.4.0
[0.074s] -- The CXX compiler identification is GNU 11.4.0
[0.077s] -- Detecting C compiler ABI info
[0.106s] -- Detecting C compiler ABI info - done
[0.109s] -- Check for working C compiler: /usr/bin/cc - skipped
[0.109s] -- Detecting C compile features
[0.109s] -- Detecting C compile features - done
[0.111s] -- Detecting CXX compiler ABI info
[0.147s] -- Detecting CXX compiler ABI info - done
[0.150s] -- Check for working CXX compiler: /usr/bin/c++ - skipped
[0.150s] -- Detecting CXX compile features
[0.151s] -- Detecting CXX compile features - done
[0.154s] -- Found ament_cmake: 1.3.11 (/opt/ros/humble/share/ament_cmake/cmake)
[0.221s] -- Found Python3: /usr/bin/python3 (found version "3.10.12") found components: Interpreter 
[0.271s] -- Found ament_index_cpp: 1.4.0 (/opt/ros/humble/share/ament_index_cpp/cmake)
[0.274s] -- Found ament_cmake_gtest: 1.3.11 (/opt/ros/humble/share/ament_cmake_gtest/cmake)
[0.276s] -- Found ament_lint_auto: 0.12.12 (/opt/ros/humble/share/ament_lint_auto/cmake)
[0.315s] -- Added test 'copyright' to check source files copyright and LICENSE
[0.316s] -- Added test 'cppcheck' to perform static code analysis on C / C++ code
[0.316s] -- Configured cppcheck include dirs: 
[0.316s] -- Configured cppcheck exclude dirs and/or files: 
[0.317s] -- Added test 'cpplint' to check C / C++ code against the Google style
[0.317s] -- Configured cpplint exclude dirs and/or files: 
[0.317s] -- Added test 'flake8' to check Python code syntax and style conventions
[0.318s] -- Added test 'lint_cmake' to check CMake code style
[0.318s] -- Added test 'pep257' to check Python code against some of the docstring style conventions in PEP 257
[0.319s] -- Added test 'uncrustify' to check C / C++ code style
[0.319s] -- Configured uncrustify additional arguments: 
[0.319s] -- Added test 'xmllint' to check XML markup files
[0.320s] -- Configuring done
[0.327s] -- Generating done
[0.330s] -- Build files have been written to: /home/ubuntu/ROS/Bot/ros2-robots/src/build/ign_ros2_control_demos
[0.332s] Invoked command in '/home/ubuntu/ROS/Bot/ros2-robots/src/build/ign_ros2_control_demos' returned '0': CMAKE_PREFIX_PATH=/home/ubuntu/ROS/Bot/ros2-robots/src/install/gz_ros2_control_demos:/home/ubuntu/ROS/Bot/ros2-robots/src/install/gz_ros2_control:/home/ubuntu/ROS/Bot/ros2-robots/install/ign_ros2_control_demos:/home/ubuntu/ROS/Bot/ros2-robots/install/ign_ros2_control:/home/ubuntu/ROS/Bot/ros2-robots/install/gz_ros2_control_tests:/home/ubuntu/ROS/Bot/ros2-robots/install/gz_ros2_control_demos:/home/ubuntu/ROS/Bot/ros2-robots/install/gz_ros2_control:/home/ubuntu/ROS/Bot/ros2-robots/src/install/my_robot_description:/home/ubuntu/ROS/Bot/ros2-robots/src/install/ign_ros2_control_demos:/home/ubuntu/ROS/Bot/ros2-robots/src/install/ign_ros2_control:/home/ubuntu/ROS/Bot/ros2-robots/src/install/gz_ros2_control_tests:/home/ubuntu/ROS/Bot/ros2-robots/install/my_robot_description:/opt/ros/humble LD_LIBRARY_PATH=/home/ubuntu/ROS/Bot/ros2-robots/src/install/gz_ros2_control/lib:/home/ubuntu/ROS/Bot/ros2-robots/install/gz_ros2_control/lib:/opt/ros/humble/opt/rviz_ogre_vendor/lib:/opt/ros/humble/lib/aarch64-linux-gnu:/opt/ros/humble/lib /usr/bin/cmake /home/ubuntu/ROS/Bot/ros2-robots/src/gz_ros2_control/ign_ros2_control_demos -DCMAKE_INSTALL_PREFIX=/home/ubuntu/ROS/Bot/ros2-robots/src/install/ign_ros2_control_demos
[0.333s] Invoking command in '/home/ubuntu/ROS/Bot/ros2-robots/src/build/ign_ros2_control_demos': CMAKE_PREFIX_PATH=/home/ubuntu/ROS/Bot/ros2-robots/src/install/gz_ros2_control_demos:/home/ubuntu/ROS/Bot/ros2-robots/src/install/gz_ros2_control:/home/ubuntu/ROS/Bot/ros2-robots/install/ign_ros2_control_demos:/home/ubuntu/ROS/Bot/ros2-robots/install/ign_ros2_control:/home/ubuntu/ROS/Bot/ros2-robots/install/gz_ros2_control_tests:/home/ubuntu/ROS/Bot/ros2-robots/install/gz_ros2_control_demos:/home/ubuntu/ROS/Bot/ros2-robots/install/gz_ros2_control:/home/ubuntu/ROS/Bot/ros2-robots/src/install/my_robot_description:/home/ubuntu/ROS/Bot/ros2-robots/src/install/ign_ros2_control_demos:/home/ubuntu/ROS/Bot/ros2-robots/src/install/ign_ros2_control:/home/ubuntu/ROS/Bot/ros2-robots/src/install/gz_ros2_control_tests:/home/ubuntu/ROS/Bot/ros2-robots/install/my_robot_description:/opt/ros/humble LD_LIBRARY_PATH=/home/ubuntu/ROS/Bot/ros2-robots/src/install/gz_ros2_control/lib:/home/ubuntu/ROS/Bot/ros2-robots/install/gz_ros2_control/lib:/opt/ros/humble/opt/rviz_ogre_vendor/lib:/opt/ros/humble/lib/aarch64-linux-gnu:/opt/ros/humble/lib /usr/bin/cmake --build /home/ubuntu/ROS/Bot/ros2-robots/src/build/ign_ros2_control_demos -- -j11 -l11
[0.355s] [ 28%] [32mBuilding CXX object CMakeFiles/example_ackermann_drive.dir/examples/example_ackermann_drive.cpp.o[0m
[0.355s] [ 28%] [32mBuilding CXX object CMakeFiles/example_tricycle_drive.dir/examples/example_tricycle_drive.cpp.o[0m
[0.355s] [ 21%] [32mBuilding CXX object CMakeFiles/example_velocity.dir/examples/example_position.cpp.o[0m
[0.356s] [ 28%] [32mBuilding CXX object CMakeFiles/example_effort.dir/examples/example_position.cpp.o[0m
[0.356s] [ 35%] [32mBuilding CXX object CMakeFiles/example_position.dir/examples/example_position.cpp.o[0m
[0.356s] [ 42%] [32mBuilding CXX object CMakeFiles/example_gripper.dir/examples/example_gripper.cpp.o[0m
[0.357s] [ 50%] [32mBuilding CXX object CMakeFiles/example_diff_drive.dir/examples/example_diff_drive.cpp.o[0m
[0.512s] [ 57%] [32m[1mLinking CXX executable example_velocity[0m
[0.516s] [ 64%] [32m[1mLinking CXX executable example_tricycle_drive[0m
[0.520s] [ 71%] [32m[1mLinking CXX executable example_gripper[0m
[0.523s] [ 78%] [32m[1mLinking CXX executable example_ackermann_drive[0m
[0.526s] [ 85%] [32m[1mLinking CXX executable example_effort[0m
[0.527s] [ 92%] [32m[1mLinking CXX executable example_diff_drive[0m
[0.536s] [100%] [32m[1mLinking CXX executable example_position[0m
[0.562s] [100%] Built target example_velocity
[0.579s] [100%] Built target example_tricycle_drive
[0.581s] [100%] Built target example_diff_drive
[0.585s] [100%] Built target example_gripper
[0.585s] [100%] Built target example_ackermann_drive
[0.587s] [100%] Built target example_effort
[0.591s] [100%] Built target example_position
[0.596s] Invoked command in '/home/ubuntu/ROS/Bot/ros2-robots/src/build/ign_ros2_control_demos' returned '0': CMAKE_PREFIX_PATH=/home/ubuntu/ROS/Bot/ros2-robots/src/install/gz_ros2_control_demos:/home/ubuntu/ROS/Bot/ros2-robots/src/install/gz_ros2_control:/home/ubuntu/ROS/Bot/ros2-robots/install/ign_ros2_control_demos:/home/ubuntu/ROS/Bot/ros2-robots/install/ign_ros2_control:/home/ubuntu/ROS/Bot/ros2-robots/install/gz_ros2_control_tests:/home/ubuntu/ROS/Bot/ros2-robots/install/gz_ros2_control_demos:/home/ubuntu/ROS/Bot/ros2-robots/install/gz_ros2_control:/home/ubuntu/ROS/Bot/ros2-robots/src/install/my_robot_description:/home/ubuntu/ROS/Bot/ros2-robots/src/install/ign_ros2_control_demos:/home/ubuntu/ROS/Bot/ros2-robots/src/install/ign_ros2_control:/home/ubuntu/ROS/Bot/ros2-robots/src/install/gz_ros2_control_tests:/home/ubuntu/ROS/Bot/ros2-robots/install/my_robot_description:/opt/ros/humble LD_LIBRARY_PATH=/home/ubuntu/ROS/Bot/ros2-robots/src/install/gz_ros2_control/lib:/home/ubuntu/ROS/Bot/ros2-robots/install/gz_ros2_control/lib:/opt/ros/humble/opt/rviz_ogre_vendor/lib:/opt/ros/humble/lib/aarch64-linux-gnu:/opt/ros/humble/lib /usr/bin/cmake --build /home/ubuntu/ROS/Bot/ros2-robots/src/build/ign_ros2_control_demos -- -j11 -l11
[0.597s] Invoking command in '/home/ubuntu/ROS/Bot/ros2-robots/src/build/ign_ros2_control_demos': CMAKE_PREFIX_PATH=/home/ubuntu/ROS/Bot/ros2-robots/src/install/gz_ros2_control_demos:/home/ubuntu/ROS/Bot/ros2-robots/src/install/gz_ros2_control:/home/ubuntu/ROS/Bot/ros2-robots/install/ign_ros2_control_demos:/home/ubuntu/ROS/Bot/ros2-robots/install/ign_ros2_control:/home/ubuntu/ROS/Bot/ros2-robots/install/gz_ros2_control_tests:/home/ubuntu/ROS/Bot/ros2-robots/install/gz_ros2_control_demos:/home/ubuntu/ROS/Bot/ros2-robots/install/gz_ros2_control:/home/ubuntu/ROS/Bot/ros2-robots/src/install/my_robot_description:/home/ubuntu/ROS/Bot/ros2-robots/src/install/ign_ros2_control_demos:/home/ubuntu/ROS/Bot/ros2-robots/src/install/ign_ros2_control:/home/ubuntu/ROS/Bot/ros2-robots/src/install/gz_ros2_control_tests:/home/ubuntu/ROS/Bot/ros2-robots/install/my_robot_description:/opt/ros/humble LD_LIBRARY_PATH=/home/ubuntu/ROS/Bot/ros2-robots/src/install/gz_ros2_control/lib:/home/ubuntu/ROS/Bot/ros2-robots/install/gz_ros2_control/lib:/opt/ros/humble/opt/rviz_ogre_vendor/lib:/opt/ros/humble/lib/aarch64-linux-gnu:/opt/ros/humble/lib /usr/bin/cmake --install /home/ubuntu/ROS/Bot/ros2-robots/src/build/ign_ros2_control_demos
[0.600s] -- Install configuration: ""
[0.600s] -- Installing: /home/ubuntu/ROS/Bot/ros2-robots/src/install/ign_ros2_control_demos/share/ign_ros2_control_demos//launch
[0.600s] -- Installing: /home/ubuntu/ROS/Bot/ros2-robots/src/install/ign_ros2_control_demos/share/ign_ros2_control_demos//launch/gripper_mimic_joint_example.launch.py
[0.601s] -- Installing: /home/ubuntu/ROS/Bot/ros2-robots/src/install/ign_ros2_control_demos/share/ign_ros2_control_demos//launch/cart_example_velocity.launch.py
[0.601s] -- Installing: /home/ubuntu/ROS/Bot/ros2-robots/src/install/ign_ros2_control_demos/share/ign_ros2_control_demos//launch/ackermann_drive_example.launch.py
[0.601s] -- Installing: /home/ubuntu/ROS/Bot/ros2-robots/src/install/ign_ros2_control_demos/share/ign_ros2_control_demos//launch/diff_drive_example_namespaced.launch.py
[0.601s] -- Installing: /home/ubuntu/ROS/Bot/ros2-robots/src/install/ign_ros2_control_demos/share/ign_ros2_control_demos//launch/diff_drive_example.launch.py
[0.601s] -- Installing: /home/ubuntu/ROS/Bot/ros2-robots/src/install/ign_ros2_control_demos/share/ign_ros2_control_demos//launch/tricycle_drive_example.launch.py
[0.601s] -- Installing: /home/ubuntu/ROS/Bot/ros2-robots/src/install/ign_ros2_control_demos/share/ign_ros2_control_demos//launch/pendulum_example_effort.launch.py
[0.601s] -- Installing: /home/ubuntu/ROS/Bot/ros2-robots/src/install/ign_ros2_control_demos/share/ign_ros2_control_demos//launch/cart_example_position.launch.py
[0.601s] -- Installing: /home/ubuntu/ROS/Bot/ros2-robots/src/install/ign_ros2_control_demos/share/ign_ros2_control_demos//launch/pendulum_example_position.launch.py
[0.601s] -- Installing: /home/ubuntu/ROS/Bot/ros2-robots/src/install/ign_ros2_control_demos/share/ign_ros2_control_demos//launch/cart_example_effort.launch.py
[0.601s] -- Installing: /home/ubuntu/ROS/Bot/ros2-robots/src/install/ign_ros2_control_demos/share/ign_ros2_control_demos//urdf
[0.601s] -- Installing: /home/ubuntu/ROS/Bot/ros2-robots/src/install/ign_ros2_control_demos/share/ign_ros2_control_demos//urdf/test_cart_position.xacro.urdf
[0.601s] -- Installing: /home/ubuntu/ROS/Bot/ros2-robots/src/install/ign_ros2_control_demos/lib/ign_ros2_control_demos/example_position
[0.601s] -- Set runtime path of "/home/ubuntu/ROS/Bot/ros2-robots/src/install/ign_ros2_control_demos/lib/ign_ros2_control_demos/example_position" to ""
[0.601s] -- Installing: /home/ubuntu/ROS/Bot/ros2-robots/src/install/ign_ros2_control_demos/lib/ign_ros2_control_demos/example_velocity
[0.602s] -- Set runtime path of "/home/ubuntu/ROS/Bot/ros2-robots/src/install/ign_ros2_control_demos/lib/ign_ros2_control_demos/example_velocity" to ""
[0.602s] -- Installing: /home/ubuntu/ROS/Bot/ros2-robots/src/install/ign_ros2_control_demos/lib/ign_ros2_control_demos/example_effort
[0.602s] -- Set runtime path of "/home/ubuntu/ROS/Bot/ros2-robots/src/install/ign_ros2_control_demos/lib/ign_ros2_control_demos/example_effort" to ""
[0.602s] -- Installing: /home/ubuntu/ROS/Bot/ros2-robots/src/install/ign_ros2_control_demos/lib/ign_ros2_control_demos/example_diff_drive
[0.602s] -- Set runtime path of "/home/ubuntu/ROS/Bot/ros2-robots/src/install/ign_ros2_control_demos/lib/ign_ros2_control_demos/example_diff_drive" to ""
[0.602s] -- Installing: /home/ubuntu/ROS/Bot/ros2-robots/src/install/ign_ros2_control_demos/lib/ign_ros2_control_demos/example_tricycle_drive
[0.602s] -- Set runtime path of "/home/ubuntu/ROS/Bot/ros2-robots/src/install/ign_ros2_control_demos/lib/ign_ros2_control_demos/example_tricycle_drive" to ""
[0.602s] -- Installing: /home/ubuntu/ROS/Bot/ros2-robots/src/install/ign_ros2_control_demos/lib/ign_ros2_control_demos/example_ackermann_drive
[0.602s] -- Set runtime path of "/home/ubuntu/ROS/Bot/ros2-robots/src/install/ign_ros2_control_demos/lib/ign_ros2_control_demos/example_ackermann_drive" to ""
[0.602s] -- Installing: /home/ubuntu/ROS/Bot/ros2-robots/src/install/ign_ros2_control_demos/lib/ign_ros2_control_demos/example_gripper
[0.602s] -- Set runtime path of "/home/ubuntu/ROS/Bot/ros2-robots/src/install/ign_ros2_control_demos/lib/ign_ros2_control_demos/example_gripper" to ""
[0.603s] -- Installing: /home/ubuntu/ROS/Bot/ros2-robots/src/install/ign_ros2_control_demos/share/ament_index/resource_index/package_run_dependencies/ign_ros2_control_demos
[0.603s] -- Installing: /home/ubuntu/ROS/Bot/ros2-robots/src/install/ign_ros2_control_demos/share/ament_index/resource_index/parent_prefix_path/ign_ros2_control_demos
[0.603s] -- Installing: /home/ubuntu/ROS/Bot/ros2-robots/src/install/ign_ros2_control_demos/share/ign_ros2_control_demos/environment/ament_prefix_path.sh
[0.603s] -- Installing: /home/ubuntu/ROS/Bot/ros2-robots/src/install/ign_ros2_control_demos/share/ign_ros2_control_demos/environment/ament_prefix_path.dsv
[0.603s] -- Installing: /home/ubuntu/ROS/Bot/ros2-robots/src/install/ign_ros2_control_demos/share/ign_ros2_control_demos/environment/path.sh
[0.603s] -- Installing: /home/ubuntu/ROS/Bot/ros2-robots/src/install/ign_ros2_control_demos/share/ign_ros2_control_demos/environment/path.dsv
[0.603s] -- Installing: /home/ubuntu/ROS/Bot/ros2-robots/src/install/ign_ros2_control_demos/share/ign_ros2_control_demos/local_setup.bash
[0.604s] -- Installing: /home/ubuntu/ROS/Bot/ros2-robots/src/install/ign_ros2_control_demos/share/ign_ros2_control_demos/local_setup.sh
[0.604s] -- Installing: /home/ubuntu/ROS/Bot/ros2-robots/src/install/ign_ros2_control_demos/share/ign_ros2_control_demos/local_setup.zsh
[0.604s] -- Installing: /home/ubuntu/ROS/Bot/ros2-robots/src/install/ign_ros2_control_demos/share/ign_ros2_control_demos/local_setup.dsv
[0.604s] -- Installing: /home/ubuntu/ROS/Bot/ros2-robots/src/install/ign_ros2_control_demos/share/ign_ros2_control_demos/package.dsv
[0.604s] -- Installing: /home/ubuntu/ROS/Bot/ros2-robots/src/install/ign_ros2_control_demos/share/ament_index/resource_index/packages/ign_ros2_control_demos
[0.604s] -- Installing: /home/ubuntu/ROS/Bot/ros2-robots/src/install/ign_ros2_control_demos/share/ign_ros2_control_demos/cmake/ign_ros2_control_demosConfig.cmake
[0.604s] -- Installing: /home/ubuntu/ROS/Bot/ros2-robots/src/install/ign_ros2_control_demos/share/ign_ros2_control_demos/cmake/ign_ros2_control_demosConfig-version.cmake
[0.604s] -- Installing: /home/ubuntu/ROS/Bot/ros2-robots/src/install/ign_ros2_control_demos/share/ign_ros2_control_demos/package.xml
[0.605s] Invoked command in '/home/ubuntu/ROS/Bot/ros2-robots/src/build/ign_ros2_control_demos' returned '0': CMAKE_PREFIX_PATH=/home/ubuntu/ROS/Bot/ros2-robots/src/install/gz_ros2_control_demos:/home/ubuntu/ROS/Bot/ros2-robots/src/install/gz_ros2_control:/home/ubuntu/ROS/Bot/ros2-robots/install/ign_ros2_control_demos:/home/ubuntu/ROS/Bot/ros2-robots/install/ign_ros2_control:/home/ubuntu/ROS/Bot/ros2-robots/install/gz_ros2_control_tests:/home/ubuntu/ROS/Bot/ros2-robots/install/gz_ros2_control_demos:/home/ubuntu/ROS/Bot/ros2-robots/install/gz_ros2_control:/home/ubuntu/ROS/Bot/ros2-robots/src/install/my_robot_description:/home/ubuntu/ROS/Bot/ros2-robots/src/install/ign_ros2_control_demos:/home/ubuntu/ROS/Bot/ros2-robots/src/install/ign_ros2_control:/home/ubuntu/ROS/Bot/ros2-robots/src/install/gz_ros2_control_tests:/home/ubuntu/ROS/Bot/ros2-robots/install/my_robot_description:/opt/ros/humble LD_LIBRARY_PATH=/home/ubuntu/ROS/Bot/ros2-robots/src/install/gz_ros2_control/lib:/home/ubuntu/ROS/Bot/ros2-robots/install/gz_ros2_control/lib:/opt/ros/humble/opt/rviz_ogre_vendor/lib:/opt/ros/humble/lib/aarch64-linux-gnu:/opt/ros/humble/lib /usr/bin/cmake --install /home/ubuntu/ROS/Bot/ros2-robots/src/build/ign_ros2_control_demos
