[0.007s] Invoking command in '/home/ubuntu/ROS/Bot/ros2-robots/build/gz_ros2_control': CMAKE_PREFIX_PATH=${CMAKE_PREFIX_PATH}:/opt/ros/humble /usr/bin/cmake /home/ubuntu/ROS/Bot/ros2-robots/src/gz_ros2_control/gz_ros2_control -DCMAKE_INSTALL_PREFIX=/home/ubuntu/ROS/Bot/ros2-robots/install/gz_ros2_control
[0.063s] -- The C compiler identification is GNU 11.4.0
[0.107s] -- The CXX compiler identification is GNU 11.4.0
[0.111s] -- Detecting C compiler ABI info
[0.154s] -- Detecting C compiler ABI info - done
[0.157s] -- Check for working C compiler: /usr/bin/cc - skipped
[0.158s] -- Detecting C compile features
[0.158s] -- Detecting C compile features - done
[0.159s] -- Detecting CXX compiler ABI info
[0.200s] -- Detecting CXX compiler ABI info - done
[0.203s] -- Check for working CXX compiler: /usr/bin/c++ - skipped
[0.203s] -- Detecting CXX compile features
[0.203s] -- Detecting CXX compile features - done
[0.205s] -- Found ament_cmake: 1.3.11 (/opt/ros/humble/share/ament_cmake/cmake)
[0.270s] -- Found Python3: /usr/bin/python3 (found version "3.10.12") found components: Interpreter 
[0.311s] -- Found ament_index_cpp: 1.4.0 (/opt/ros/humble/share/ament_index_cpp/cmake)
[0.312s] -- Found controller_manager: 2.51.0 (/opt/ros/humble/share/controller_manager/cmake)
[0.334s] -- Found rosidl_generator_c: 3.1.6 (/opt/ros/humble/share/rosidl_generator_c/cmake)
[0.338s] -- Found rosidl_adapter: 3.1.6 (/opt/ros/humble/share/rosidl_adapter/cmake)
[0.344s] -- Found rosidl_generator_cpp: 3.1.6 (/opt/ros/humble/share/rosidl_generator_cpp/cmake)
[0.350s] -- Using all available rosidl_typesupport_c: rosidl_typesupport_fastrtps_c;rosidl_typesupport_introspection_c
[0.357s] -- Using all available rosidl_typesupport_cpp: rosidl_typesupport_fastrtps_cpp;rosidl_typesupport_introspection_cpp
[0.466s] -- Found rmw_implementation_cmake: 6.1.2 (/opt/ros/humble/share/rmw_implementation_cmake/cmake)
[0.467s] -- Found rmw_fastrtps_cpp: 6.2.7 (/opt/ros/humble/share/rmw_fastrtps_cpp/cmake)
[0.482s] -- Found TinyXML2 via Config file: TinyXML2_DIR-NOTFOUND
[0.504s] -- Found OpenSSL: /usr/lib/aarch64-linux-gnu/libcrypto.so (found version "3.0.2")  
[0.506s] -- Found TinyXML2 via Config file: TinyXML2_DIR-NOTFOUND
[0.514s] -- Found FastRTPS: /opt/ros/humble/include  
[0.515s] -- Found TinyXML2 via Config file: TinyXML2_DIR-NOTFOUND
[0.519s] -- Found TinyXML2 via Config file: TinyXML2_DIR-NOTFOUND
[0.523s] -- Using RMW implementation 'rmw_fastrtps_cpp' as default
[0.527s] -- Looking for pthread.h
[0.557s] -- Looking for pthread.h - found
[0.557s] -- Performing Test CMAKE_HAVE_LIBC_PTHREAD
[0.594s] -- Performing Test CMAKE_HAVE_LIBC_PTHREAD - Success
[0.595s] -- Found Threads: TRUE  
[0.639s] -- Found yaml_cpp_vendor: 8.0.2 (/opt/ros/humble/share/yaml_cpp_vendor/cmake)
[0.641s] -- Looking for ignition-gazebo6 -- found version 6.17.0
[0.644s] -- Searching for dependencies of ignition-gazebo6
[0.645s] -- Looking for sdformat12 -- found version 12.8.0
[0.645s] -- Searching for dependencies of sdformat12
[0.647s] -- Checking for module 'tinyxml2'
[0.652s] --   Found tinyxml2, version 9.0.0
[0.662s] -- Looking for ignition-math6 -- found version 6.15.1
[0.662s] -- Searching for dependencies of ignition-math6
[0.664s] -- Looking for ignition-utils1 -- found version 1.5.1
[0.664s] -- Searching for dependencies of ignition-utils1
[0.666s] -- Looking for ignition-plugin1 -- found version 1.4.0
[0.666s] -- Searching for dependencies of ignition-plugin1
[0.666s] -- Searching for <ignition-plugin1> component [loader]
[0.667s] -- Looking for ignition-plugin1-loader -- found version 1.4.0
[0.668s] -- Searching for dependencies of ignition-plugin1-loader
[0.668s] -- Searching for <ignition-plugin1> component [register]
[0.669s] -- Looking for ignition-plugin1-register -- found version 1.4.0
[0.669s] -- Searching for dependencies of ignition-plugin1-register
[0.670s] -- Looking for ignition-transport11 -- found version 11.4.1
[0.670s] -- Searching for dependencies of ignition-transport11
[0.684s] -- Found Protobuf: /usr/lib/aarch64-linux-gnu/libprotobuf.so (found version "3.12.4") 
[0.692s] -- Config-file not installed for ZeroMQ -- checking for pkg-config
[0.694s] -- Checking for module 'libzmq >= 4'
[0.698s] --   Found libzmq , version 4.3.4
[0.708s] -- Found ZeroMQ: TRUE (Required is at least version "4") 
[0.711s] -- Checking for module 'uuid'
[0.714s] --   Found uuid, version 2.37.2
[0.723s] -- Found UUID: TRUE  
[0.724s] -- Looking for ignition-utils1 -- found version 1.5.1
[0.724s] -- Searching for dependencies of ignition-utils1
[0.724s] -- Searching for <ignition-utils1> component [cli]
[0.725s] -- Looking for ignition-utils1-cli -- found version 1.5.1
[0.725s] -- Searching for dependencies of ignition-utils1-cli
[0.726s] -- Looking for ignition-msgs8 -- found version 8.7.0
[0.727s] -- Searching for dependencies of ignition-msgs8
[0.737s] -- Found Protobuf: /usr/lib/aarch64-linux-gnu/libprotobuf.so (found suitable version "3.12.4", minimum required is "3") 
[0.737s] -- Looking for ignition-math6 -- found version 6.15.1
[0.741s] -- Searching for <ignition-transport11> component [log]
[0.742s] -- Looking for ignition-transport11-log -- found version 11.4.1
[0.742s] -- Searching for dependencies of ignition-transport11-log
[0.742s] -- Searching for <ignition-transport11> component [parameters]
[0.743s] -- Looking for ignition-transport11-parameters -- found version 11.4.1
[0.743s] -- Searching for dependencies of ignition-transport11-parameters
[0.744s] -- Looking for ignition-msgs8 -- found version 8.7.0
[0.744s] -- Looking for ignition-common4 -- found version 4.7.0
[0.745s] -- Searching for dependencies of ignition-common4
[0.745s] -- Looking for dlfcn.h - found
[0.745s] -- Looking for libdl - found
[0.746s] -- Found DL: TRUE  
[0.749s] -- Searching for <ignition-common4> component [profiler]
[0.750s] -- Looking for ignition-common4-profiler -- found version 4.7.0
[0.750s] -- Searching for dependencies of ignition-common4-profiler
[0.750s] -- Searching for <ignition-common4> component [events]
[0.751s] -- Looking for ignition-common4-events -- found version 4.7.0
[0.751s] -- Searching for dependencies of ignition-common4-events
[0.751s] -- Looking for ignition-math6 -- found version 6.15.1
[0.752s] -- Searching for <ignition-common4> component [av]
[0.753s] -- Looking for ignition-common4-av -- found version 4.7.0
[0.753s] -- Searching for dependencies of ignition-common4-av
[0.755s] -- Checking for module 'libswscale'
[0.758s] --   Found libswscale, version 5.9.100
[0.768s] -- Found SWSCALE: TRUE  
[0.770s] -- Checking for module 'libavdevice >= 56.4.100'
[0.774s] --   Found libavdevice , version 58.13.100
[0.785s] -- Found AVDEVICE: TRUE (Required is at least version "56.4.100") 
[0.787s] -- Checking for module 'libavformat'
[0.790s] --   Found libavformat, version 58.76.100
[0.801s] -- Found AVFORMAT: TRUE  
[0.803s] -- Checking for module 'libavcodec'
[0.807s] --   Found libavcodec, version 58.134.100
[0.816s] -- Found AVCODEC: TRUE  
[0.819s] -- Checking for module 'libavutil'
[0.822s] --   Found libavutil, version 56.70.100
[0.832s] -- Found AVUTIL: TRUE  
[0.833s] -- Looking for ignition-fuel_tools7 -- found version 7.3.1
[0.833s] -- Searching for dependencies of ignition-fuel_tools7
[0.862s] -- Found CURL: /usr/lib/aarch64-linux-gnu/libcurl.so (found version "7.81.0")  
[0.865s] -- Checking for module 'jsoncpp'
[0.869s] --   Found jsoncpp, version 1.9.5
[0.878s] -- Found JSONCPP: TRUE  
[0.880s] -- Checking for module 'libzip'
[0.884s] --   Found libzip, version 1.7.3
[0.893s] -- Found ZIP: TRUE  
[0.893s] -- Looking for ignition-common4 -- found version 4.7.0
[0.893s] -- Looking for ignition-math6 -- found version 6.15.1
[0.893s] -- Looking for ignition-msgs8 -- found version 8.7.0
[0.895s] -- Looking for ignition-gui6 -- found version 6.8.0
[0.895s] -- Searching for dependencies of ignition-gui6
[0.909s] -- Looking for ignition-math6 -- found version 6.15.1
[0.909s] -- Looking for ignition-common4 -- found version 4.7.0
[0.909s] -- Looking for ignition-plugin1 -- found version 1.4.0
[0.909s] -- Looking for ignition-transport11 -- found version 11.4.1
[0.910s] -- Looking for ignition-rendering6 -- found version 6.6.3
[0.911s] -- Searching for dependencies of ignition-rendering6
[0.911s] -- Looking for ignition-math6 -- found version 6.15.1
[0.911s] -- Searching for dependencies of ignition-math6
[0.911s] -- Searching for <ignition-math6> component [eigen3]
[0.912s] -- Looking for ignition-math6-eigen3 -- found version 6.15.1
[0.912s] -- Searching for dependencies of ignition-math6-eigen3
[0.917s] -- Looking for ignition-common4 -- found version 4.7.0
[0.917s] -- Searching for dependencies of ignition-common4
[0.917s] -- Looking for dlfcn.h - found
[0.918s] -- Looking for libdl - found
[0.921s] -- Searching for <ignition-common4> component [graphics]
[0.922s] -- Looking for ignition-common4-graphics -- found version 4.7.0
[0.923s] -- Searching for dependencies of ignition-common4-graphics
[0.923s] -- Looking for ignition-math6 -- found version 6.15.1
[0.923s] -- Looking for ignition-utils1 -- found version 1.5.1
[0.923s] -- Searching for <ignition-common4> component [events]
[0.924s] -- Looking for ignition-plugin1 -- found version 1.4.0
[0.924s] -- Searching for dependencies of ignition-plugin1
[0.924s] -- Searching for <ignition-plugin1> component [all]
[0.925s] -- Looking for all libraries of ignition-plugin1 -- found version 1.4.0
[0.925s] -- Looking for ignition-plugin1 -- found version 1.4.0
[0.926s] -- Looking for ignition-msgs8 -- found version 8.7.0
[0.940s] -- Looking for ignition-physics5 -- found version 5.3.2
[0.941s] -- Searching for dependencies of ignition-physics5
[0.941s] -- Looking for ignition-math6 -- found version 6.15.1
[0.941s] -- Looking for ignition-plugin1 -- found version 1.4.0
[0.941s] -- Looking for ignition-utils1 -- found version 1.5.1
[0.942s] -- Searching for <ignition-physics5> component [heightmap]
[0.943s] -- Looking for ignition-physics5-heightmap -- found version 5.3.2
[0.943s] -- Searching for dependencies of ignition-physics5-heightmap
[0.943s] -- Looking for ignition-common4 -- found version 4.7.0
[0.943s] -- Searching for <ignition-physics5> component [mesh]
[0.944s] -- Looking for ignition-physics5-mesh -- found version 5.3.2
[0.944s] -- Searching for dependencies of ignition-physics5-mesh
[0.944s] -- Looking for ignition-common4 -- found version 4.7.0
[0.945s] -- Searching for <ignition-physics5> component [sdf]
[0.945s] -- Looking for ignition-physics5-sdf -- found version 5.3.2
[0.946s] -- Searching for dependencies of ignition-physics5-sdf
[0.946s] -- Looking for sdformat12 -- found version 12.8.0
[0.947s] -- Looking for ignition-sensors6 -- found version 6.8.1
[0.947s] -- Searching for dependencies of ignition-sensors6
[0.958s] -- Found Protobuf: /usr/lib/aarch64-linux-gnu/libprotobuf.so (found version "3.12.4") 
[0.958s] -- Looking for ignition-math6 -- found version 6.15.1
[0.958s] -- Looking for ignition-common4 -- found version 4.7.0
[0.959s] -- Looking for ignition-transport11 -- found version 11.4.1
[0.959s] -- Looking for ignition-rendering6 -- found version 6.6.3
[0.959s] -- Looking for ignition-msgs8 -- found version 8.7.0
[0.959s] -- Looking for sdformat12 -- found version 12.8.0
[0.959s] -- Searching for <ignition-sensors6> component [air_pressure]
[0.960s] -- Looking for ignition-sensors6-air_pressure -- found version 6.8.1
[0.961s] -- Searching for dependencies of ignition-sensors6-air_pressure
[0.961s] -- Searching for <ignition-sensors6> component [altimeter]
[0.962s] -- Looking for ignition-sensors6-altimeter -- found version 6.8.1
[0.962s] -- Searching for dependencies of ignition-sensors6-altimeter
[0.962s] -- Searching for <ignition-sensors6> component [imu]
[0.963s] -- Looking for ignition-sensors6-imu -- found version 6.8.1
[0.963s] -- Searching for dependencies of ignition-sensors6-imu
[0.964s] -- Searching for <ignition-sensors6> component [force_torque]
[0.965s] -- Looking for ignition-sensors6-force_torque -- found version 6.8.1
[0.965s] -- Searching for dependencies of ignition-sensors6-force_torque
[0.965s] -- Searching for <ignition-sensors6> component [logical_camera]
[0.966s] -- Looking for ignition-sensors6-logical_camera -- found version 6.8.1
[0.966s] -- Searching for dependencies of ignition-sensors6-logical_camera
[0.966s] -- Searching for <ignition-sensors6> component [magnetometer]
[0.967s] -- Looking for ignition-sensors6-magnetometer -- found version 6.8.1
[0.967s] -- Searching for dependencies of ignition-sensors6-magnetometer
[0.967s] -- Searching for <ignition-sensors6> component [navsat]
[0.968s] -- Looking for ignition-sensors6-navsat -- found version 6.8.1
[0.969s] -- Searching for dependencies of ignition-sensors6-navsat
[0.969s] -- Searching for <ignition-sensors6> component [rendering]
[0.970s] -- Looking for ignition-sensors6-rendering -- found version 6.8.1
[0.970s] -- Searching for dependencies of ignition-sensors6-rendering
[0.970s] -- Searching for <ignition-sensors6> component [lidar]
[0.971s] -- Looking for ignition-sensors6-lidar -- found version 6.8.1
[0.971s] -- Searching for dependencies of ignition-sensors6-lidar
[0.971s] -- Looking for ignition-sensors6 -- found version 6.8.1
[0.971s] -- Searching for <ignition-sensors6> component [gpu_lidar]
[0.972s] -- Looking for ignition-sensors6-gpu_lidar -- found version 6.8.1
[0.972s] -- Searching for dependencies of ignition-sensors6-gpu_lidar
[0.973s] -- Looking for ignition-sensors6 -- found version 6.8.1
[0.973s] -- Searching for <ignition-sensors6> component [camera]
[0.974s] -- Looking for ignition-sensors6-camera -- found version 6.8.1
[0.974s] -- Searching for dependencies of ignition-sensors6-camera
[0.974s] -- Looking for ignition-sensors6 -- found version 6.8.1
[0.975s] -- Searching for <ignition-sensors6> component [boundingbox_camera]
[0.976s] -- Looking for ignition-sensors6-boundingbox_camera -- found version 6.8.1
[0.976s] -- Searching for dependencies of ignition-sensors6-boundingbox_camera
[0.976s] -- Searching for <ignition-sensors6> component [segmentation_camera]
[0.977s] -- Looking for ignition-sensors6-segmentation_camera -- found version 6.8.1
[0.977s] -- Searching for dependencies of ignition-sensors6-segmentation_camera
[0.977s] -- Searching for <ignition-sensors6> component [depth_camera]
[0.978s] -- Looking for ignition-sensors6-depth_camera -- found version 6.8.1
[0.978s] -- Searching for dependencies of ignition-sensors6-depth_camera
[0.979s] -- Looking for ignition-sensors6 -- found version 6.8.1
[0.979s] -- Searching for <ignition-sensors6> component [rgbd_camera]
[0.980s] -- Looking for ignition-sensors6-rgbd_camera -- found version 6.8.1
[0.980s] -- Searching for dependencies of ignition-sensors6-rgbd_camera
[0.980s] -- Looking for ignition-sensors6 -- found version 6.8.1
[0.981s] -- Searching for <ignition-sensors6> component [thermal_camera]
[0.982s] -- Looking for ignition-sensors6-thermal_camera -- found version 6.8.1
[0.982s] -- Searching for dependencies of ignition-sensors6-thermal_camera
[0.983s] -- Looking for ignition-sensors6 -- found version 6.8.1
[0.983s] -- Looking for ignition-rendering6 -- found version 6.6.3
[0.983s] -- Looking for ignition-math6 -- found version 6.15.1
[0.984s] -- Looking for ignition-utils1 -- found version 1.5.1
[0.995s] -- Compiling against Gazebo fortress
[0.996s] -- Looking for ignition-plugin1 -- found version 1.4.0
[1.021s] -- Found ament_lint_auto: 0.12.12 (/opt/ros/humble/share/ament_lint_auto/cmake)
[1.060s] -- Added test 'copyright' to check source files copyright and LICENSE
[1.062s] -- Added test 'cppcheck' to perform static code analysis on C / C++ code
[1.062s] -- Configured cppcheck include dirs: /home/ubuntu/ROS/Bot/ros2-robots/src/gz_ros2_control/gz_ros2_control/include
[1.062s] -- Configured cppcheck exclude dirs and/or files: 
[1.063s] -- Added test 'cpplint' to check C / C++ code against the Google style
[1.063s] -- Configured cpplint exclude dirs and/or files: 
[1.063s] -- Added test 'lint_cmake' to check CMake code style
[1.064s] -- Added test 'uncrustify' to check C / C++ code style
[1.064s] -- Configured uncrustify additional arguments: 
[1.064s] -- Added test 'xmllint' to check XML markup files
[1.066s] -- Configuring done
[1.104s] -- Generating done
[1.111s] -- Build files have been written to: /home/ubuntu/ROS/Bot/ros2-robots/build/gz_ros2_control
[1.117s] Invoked command in '/home/ubuntu/ROS/Bot/ros2-robots/build/gz_ros2_control' returned '0': CMAKE_PREFIX_PATH=${CMAKE_PREFIX_PATH}:/opt/ros/humble /usr/bin/cmake /home/ubuntu/ROS/Bot/ros2-robots/src/gz_ros2_control/gz_ros2_control -DCMAKE_INSTALL_PREFIX=/home/ubuntu/ROS/Bot/ros2-robots/install/gz_ros2_control
[1.118s] Invoking command in '/home/ubuntu/ROS/Bot/ros2-robots/build/gz_ros2_control': CMAKE_PREFIX_PATH=${CMAKE_PREFIX_PATH}:/opt/ros/humble /usr/bin/cmake --build /home/ubuntu/ROS/Bot/ros2-robots/build/gz_ros2_control -- -j11 -l11
[1.140s] [ 16%] [32mBuilding CXX object CMakeFiles/gz_hardware_plugins.dir/src/gz_system.cpp.o[0m
[1.140s] [ 33%] [32mBuilding CXX object CMakeFiles/ign_ros2_control-system.dir/src/gz_ros2_control_plugin.cpp.o[0m
[1.140s] [ 50%] [32mBuilding CXX object CMakeFiles/gz_ros2_control-system.dir/src/gz_ros2_control_plugin.cpp.o[0m
[7.215s] [ 66%] [32m[1mLinking CXX shared library libgz_hardware_plugins.so[0m
[7.565s] [ 83%] [32m[1mLinking CXX shared library libign_ros2_control-system.so[0m
[7.569s] [ 83%] Built target gz_hardware_plugins
[7.576s] [100%] [32m[1mLinking CXX shared library libgz_ros2_control-system.so[0m
[7.949s] [100%] Built target ign_ros2_control-system
[7.966s] [100%] Built target gz_ros2_control-system
[7.974s] Invoked command in '/home/ubuntu/ROS/Bot/ros2-robots/build/gz_ros2_control' returned '0': CMAKE_PREFIX_PATH=${CMAKE_PREFIX_PATH}:/opt/ros/humble /usr/bin/cmake --build /home/ubuntu/ROS/Bot/ros2-robots/build/gz_ros2_control -- -j11 -l11
[7.980s] Invoking command in '/home/ubuntu/ROS/Bot/ros2-robots/build/gz_ros2_control': CMAKE_PREFIX_PATH=${CMAKE_PREFIX_PATH}:/opt/ros/humble /usr/bin/cmake --install /home/ubuntu/ROS/Bot/ros2-robots/build/gz_ros2_control
[7.984s] -- Install configuration: ""
[7.984s] -- Installing: /home/ubuntu/ROS/Bot/ros2-robots/install/gz_ros2_control/lib/libgz_hardware_plugins.so
[7.986s] -- Set runtime path of "/home/ubuntu/ROS/Bot/ros2-robots/install/gz_ros2_control/lib/libgz_hardware_plugins.so" to ""
[7.986s] -- Installing: /home/ubuntu/ROS/Bot/ros2-robots/install/gz_ros2_control/include
[7.986s] -- Installing: /home/ubuntu/ROS/Bot/ros2-robots/install/gz_ros2_control/include/gz_ros2_control
[7.986s] -- Installing: /home/ubuntu/ROS/Bot/ros2-robots/install/gz_ros2_control/include/gz_ros2_control/gz_system.hpp
[7.986s] -- Installing: /home/ubuntu/ROS/Bot/ros2-robots/install/gz_ros2_control/include/gz_ros2_control/gz_ros2_control_plugin.hpp
[7.986s] -- Installing: /home/ubuntu/ROS/Bot/ros2-robots/install/gz_ros2_control/include/gz_ros2_control/gz_system_interface.hpp
[7.986s] -- Installing: /home/ubuntu/ROS/Bot/ros2-robots/install/gz_ros2_control/share/gz_ros2_control/environment/library_path.sh
[7.986s] -- Installing: /home/ubuntu/ROS/Bot/ros2-robots/install/gz_ros2_control/share/gz_ros2_control/environment/library_path.dsv
[7.987s] -- Installing: /home/ubuntu/ROS/Bot/ros2-robots/install/gz_ros2_control/lib/libgz_ros2_control-system.so
[7.988s] -- Set runtime path of "/home/ubuntu/ROS/Bot/ros2-robots/install/gz_ros2_control/lib/libgz_ros2_control-system.so" to ""
[7.988s] -- Installing: /home/ubuntu/ROS/Bot/ros2-robots/install/gz_ros2_control/lib/libign_ros2_control-system.so
[7.990s] -- Set runtime path of "/home/ubuntu/ROS/Bot/ros2-robots/install/gz_ros2_control/lib/libign_ros2_control-system.so" to ""
[7.990s] -- Installing: /home/ubuntu/ROS/Bot/ros2-robots/install/gz_ros2_control/share/gz_ros2_control/gz_hardware_plugins.xml
[7.991s] -- Installing: /home/ubuntu/ROS/Bot/ros2-robots/install/gz_ros2_control/share/ament_index/resource_index/package_run_dependencies/gz_ros2_control
[7.992s] -- Installing: /home/ubuntu/ROS/Bot/ros2-robots/install/gz_ros2_control/share/ament_index/resource_index/parent_prefix_path/gz_ros2_control
[7.992s] -- Installing: /home/ubuntu/ROS/Bot/ros2-robots/install/gz_ros2_control/share/gz_ros2_control/environment/ament_prefix_path.sh
[7.992s] -- Installing: /home/ubuntu/ROS/Bot/ros2-robots/install/gz_ros2_control/share/gz_ros2_control/environment/ament_prefix_path.dsv
[7.992s] -- Installing: /home/ubuntu/ROS/Bot/ros2-robots/install/gz_ros2_control/share/gz_ros2_control/environment/path.sh
[7.992s] -- Installing: /home/ubuntu/ROS/Bot/ros2-robots/install/gz_ros2_control/share/gz_ros2_control/environment/path.dsv
[7.992s] -- Installing: /home/ubuntu/ROS/Bot/ros2-robots/install/gz_ros2_control/share/gz_ros2_control/local_setup.bash
[7.992s] -- Installing: /home/ubuntu/ROS/Bot/ros2-robots/install/gz_ros2_control/share/gz_ros2_control/local_setup.sh
[7.992s] -- Installing: /home/ubuntu/ROS/Bot/ros2-robots/install/gz_ros2_control/share/gz_ros2_control/local_setup.zsh
[7.992s] -- Installing: /home/ubuntu/ROS/Bot/ros2-robots/install/gz_ros2_control/share/gz_ros2_control/local_setup.dsv
[7.993s] -- Installing: /home/ubuntu/ROS/Bot/ros2-robots/install/gz_ros2_control/share/gz_ros2_control/package.dsv
[7.993s] -- Installing: /home/ubuntu/ROS/Bot/ros2-robots/install/gz_ros2_control/share/ament_index/resource_index/packages/gz_ros2_control
[7.993s] -- Installing: /home/ubuntu/ROS/Bot/ros2-robots/install/gz_ros2_control/share/ament_index/resource_index/gz_ros2_control__pluginlib__plugin/gz_ros2_control
[7.993s] -- Installing: /home/ubuntu/ROS/Bot/ros2-robots/install/gz_ros2_control/share/gz_ros2_control/cmake/ament_cmake_export_include_directories-extras.cmake
[7.993s] -- Installing: /home/ubuntu/ROS/Bot/ros2-robots/install/gz_ros2_control/share/gz_ros2_control/cmake/ament_cmake_export_libraries-extras.cmake
[7.994s] -- Installing: /home/ubuntu/ROS/Bot/ros2-robots/install/gz_ros2_control/share/gz_ros2_control/cmake/gz_ros2_controlConfig.cmake
[7.994s] -- Installing: /home/ubuntu/ROS/Bot/ros2-robots/install/gz_ros2_control/share/gz_ros2_control/cmake/gz_ros2_controlConfig-version.cmake
[7.994s] -- Installing: /home/ubuntu/ROS/Bot/ros2-robots/install/gz_ros2_control/share/gz_ros2_control/package.xml
[7.996s] Invoked command in '/home/ubuntu/ROS/Bot/ros2-robots/build/gz_ros2_control' returned '0': CMAKE_PREFIX_PATH=${CMAKE_PREFIX_PATH}:/opt/ros/humble /usr/bin/cmake --install /home/ubuntu/ROS/Bot/ros2-robots/build/gz_ros2_control
