-- The C compiler identification is GNU 11.4.0
-- The CXX compiler identification is GNU 11.4.0
-- Detecting C compiler ABI info
-- Detecting C compiler ABI info - done
-- Check for working C compiler: /usr/bin/cc - skipped
-- Detecting C compile features
-- Detecting C compile features - done
-- Detecting CXX compiler ABI info
-- Detecting CXX compiler ABI info - done
-- Check for working CXX compiler: /usr/bin/c++ - skipped
-- Detecting CXX compile features
-- Detecting CXX compile features - done
-- Found ament_cmake: 1.3.11 (/opt/ros/humble/share/ament_cmake/cmake)
-- Found Python3: /usr/bin/python3 (found version "3.10.12") found components: Interpreter 
-- Configuring done
-- Generating done
-- Build files have been written to: /home/ubuntu/ROS/Bot/ros2-robots/src/build/ign_ros2_control
-- Install configuration: ""
-- Installing: /home/ubuntu/ROS/Bot/ros2-robots/src/install/ign_ros2_control/share/ament_index/resource_index/package_run_dependencies/ign_ros2_control
-- Installing: /home/ubuntu/ROS/Bot/ros2-robots/src/install/ign_ros2_control/share/ament_index/resource_index/parent_prefix_path/ign_ros2_control
-- Installing: /home/ubuntu/ROS/Bot/ros2-robots/src/install/ign_ros2_control/share/ign_ros2_control/environment/ament_prefix_path.sh
-- Installing: /home/ubuntu/ROS/Bot/ros2-robots/src/install/ign_ros2_control/share/ign_ros2_control/environment/ament_prefix_path.dsv
-- Installing: /home/ubuntu/ROS/Bot/ros2-robots/src/install/ign_ros2_control/share/ign_ros2_control/environment/path.sh
-- Installing: /home/ubuntu/ROS/Bot/ros2-robots/src/install/ign_ros2_control/share/ign_ros2_control/environment/path.dsv
-- Installing: /home/ubuntu/ROS/Bot/ros2-robots/src/install/ign_ros2_control/share/ign_ros2_control/local_setup.bash
-- Installing: /home/ubuntu/ROS/Bot/ros2-robots/src/install/ign_ros2_control/share/ign_ros2_control/local_setup.sh
-- Installing: /home/ubuntu/ROS/Bot/ros2-robots/src/install/ign_ros2_control/share/ign_ros2_control/local_setup.zsh
-- Installing: /home/ubuntu/ROS/Bot/ros2-robots/src/install/ign_ros2_control/share/ign_ros2_control/local_setup.dsv
-- Installing: /home/ubuntu/ROS/Bot/ros2-robots/src/install/ign_ros2_control/share/ign_ros2_control/package.dsv
-- Installing: /home/ubuntu/ROS/Bot/ros2-robots/src/install/ign_ros2_control/share/ament_index/resource_index/packages/ign_ros2_control
-- Installing: /home/ubuntu/ROS/Bot/ros2-robots/src/install/ign_ros2_control/share/ign_ros2_control/cmake/ign_ros2_controlConfig.cmake
-- Installing: /home/ubuntu/ROS/Bot/ros2-robots/src/install/ign_ros2_control/share/ign_ros2_control/cmake/ign_ros2_controlConfig-version.cmake
-- Installing: /home/ubuntu/ROS/Bot/ros2-robots/src/install/ign_ros2_control/share/ign_ros2_control/package.xml
