[0.006s] Invoking command in '/home/ubuntu/ROS/Bot/ros2-robots/src/build/ign_ros2_control': CMAKE_PREFIX_PATH=/home/ubuntu/ROS/Bot/ros2-robots/src/install/gz_ros2_control:/home/ubuntu/ROS/Bot/ros2-robots/install/ign_ros2_control_demos:/home/ubuntu/ROS/Bot/ros2-robots/install/ign_ros2_control:/home/ubuntu/ROS/Bot/ros2-robots/install/gz_ros2_control_tests:/home/ubuntu/ROS/Bot/ros2-robots/install/gz_ros2_control_demos:/home/ubuntu/ROS/Bot/ros2-robots/install/gz_ros2_control:/home/ubuntu/ROS/Bot/ros2-robots/src/install/my_robot_description:/home/ubuntu/ROS/Bot/ros2-robots/src/install/ign_ros2_control_demos:/home/ubuntu/ROS/Bot/ros2-robots/src/install/ign_ros2_control:/home/ubuntu/ROS/Bot/ros2-robots/src/install/gz_ros2_control_tests:/home/ubuntu/ROS/Bot/ros2-robots/src/install/gz_ros2_control_demos:/home/ubuntu/ROS/Bot/ros2-robots/install/my_robot_description:/opt/ros/humble LD_LIBRARY_PATH=/home/ubuntu/ROS/Bot/ros2-robots/src/install/gz_ros2_control/lib:/home/ubuntu/ROS/Bot/ros2-robots/install/gz_ros2_control/lib:/opt/ros/humble/opt/rviz_ogre_vendor/lib:/opt/ros/humble/lib/aarch64-linux-gnu:/opt/ros/humble/lib /usr/bin/cmake /home/ubuntu/ROS/Bot/ros2-robots/src/gz_ros2_control/ign_ros2_control -DCMAKE_INSTALL_PREFIX=/home/ubuntu/ROS/Bot/ros2-robots/src/install/ign_ros2_control
[0.045s] -- The C compiler identification is GNU 11.4.0
[0.071s] -- The CXX compiler identification is GNU 11.4.0
[0.074s] -- Detecting C compiler ABI info
[0.105s] -- Detecting C compiler ABI info - done
[0.110s] -- Check for working C compiler: /usr/bin/cc - skipped
[0.110s] -- Detecting C compile features
[0.111s] -- Detecting C compile features - done
[0.112s] -- Detecting CXX compiler ABI info
[0.148s] -- Detecting CXX compiler ABI info - done
[0.151s] -- Check for working CXX compiler: /usr/bin/c++ - skipped
[0.151s] -- Detecting CXX compile features
[0.151s] -- Detecting CXX compile features - done
[0.156s] -- Found ament_cmake: 1.3.11 (/opt/ros/humble/share/ament_cmake/cmake)
[0.234s] -- Found Python3: /usr/bin/python3 (found version "3.10.12") found components: Interpreter 
[0.318s] -- Configuring done
[0.320s] -- Generating done
[0.321s] -- Build files have been written to: /home/ubuntu/ROS/Bot/ros2-robots/src/build/ign_ros2_control
[0.323s] Invoked command in '/home/ubuntu/ROS/Bot/ros2-robots/src/build/ign_ros2_control' returned '0': CMAKE_PREFIX_PATH=/home/ubuntu/ROS/Bot/ros2-robots/src/install/gz_ros2_control:/home/ubuntu/ROS/Bot/ros2-robots/install/ign_ros2_control_demos:/home/ubuntu/ROS/Bot/ros2-robots/install/ign_ros2_control:/home/ubuntu/ROS/Bot/ros2-robots/install/gz_ros2_control_tests:/home/ubuntu/ROS/Bot/ros2-robots/install/gz_ros2_control_demos:/home/ubuntu/ROS/Bot/ros2-robots/install/gz_ros2_control:/home/ubuntu/ROS/Bot/ros2-robots/src/install/my_robot_description:/home/ubuntu/ROS/Bot/ros2-robots/src/install/ign_ros2_control_demos:/home/ubuntu/ROS/Bot/ros2-robots/src/install/ign_ros2_control:/home/ubuntu/ROS/Bot/ros2-robots/src/install/gz_ros2_control_tests:/home/ubuntu/ROS/Bot/ros2-robots/src/install/gz_ros2_control_demos:/home/ubuntu/ROS/Bot/ros2-robots/install/my_robot_description:/opt/ros/humble LD_LIBRARY_PATH=/home/ubuntu/ROS/Bot/ros2-robots/src/install/gz_ros2_control/lib:/home/ubuntu/ROS/Bot/ros2-robots/install/gz_ros2_control/lib:/opt/ros/humble/opt/rviz_ogre_vendor/lib:/opt/ros/humble/lib/aarch64-linux-gnu:/opt/ros/humble/lib /usr/bin/cmake /home/ubuntu/ROS/Bot/ros2-robots/src/gz_ros2_control/ign_ros2_control -DCMAKE_INSTALL_PREFIX=/home/ubuntu/ROS/Bot/ros2-robots/src/install/ign_ros2_control
[0.324s] Invoking command in '/home/ubuntu/ROS/Bot/ros2-robots/src/build/ign_ros2_control': CMAKE_PREFIX_PATH=/home/ubuntu/ROS/Bot/ros2-robots/src/install/gz_ros2_control:/home/ubuntu/ROS/Bot/ros2-robots/install/ign_ros2_control_demos:/home/ubuntu/ROS/Bot/ros2-robots/install/ign_ros2_control:/home/ubuntu/ROS/Bot/ros2-robots/install/gz_ros2_control_tests:/home/ubuntu/ROS/Bot/ros2-robots/install/gz_ros2_control_demos:/home/ubuntu/ROS/Bot/ros2-robots/install/gz_ros2_control:/home/ubuntu/ROS/Bot/ros2-robots/src/install/my_robot_description:/home/ubuntu/ROS/Bot/ros2-robots/src/install/ign_ros2_control_demos:/home/ubuntu/ROS/Bot/ros2-robots/src/install/ign_ros2_control:/home/ubuntu/ROS/Bot/ros2-robots/src/install/gz_ros2_control_tests:/home/ubuntu/ROS/Bot/ros2-robots/src/install/gz_ros2_control_demos:/home/ubuntu/ROS/Bot/ros2-robots/install/my_robot_description:/opt/ros/humble LD_LIBRARY_PATH=/home/ubuntu/ROS/Bot/ros2-robots/src/install/gz_ros2_control/lib:/home/ubuntu/ROS/Bot/ros2-robots/install/gz_ros2_control/lib:/opt/ros/humble/opt/rviz_ogre_vendor/lib:/opt/ros/humble/lib/aarch64-linux-gnu:/opt/ros/humble/lib /usr/bin/cmake --build /home/ubuntu/ROS/Bot/ros2-robots/src/build/ign_ros2_control -- -j11 -l11
[0.339s] Invoked command in '/home/ubuntu/ROS/Bot/ros2-robots/src/build/ign_ros2_control' returned '0': CMAKE_PREFIX_PATH=/home/ubuntu/ROS/Bot/ros2-robots/src/install/gz_ros2_control:/home/ubuntu/ROS/Bot/ros2-robots/install/ign_ros2_control_demos:/home/ubuntu/ROS/Bot/ros2-robots/install/ign_ros2_control:/home/ubuntu/ROS/Bot/ros2-robots/install/gz_ros2_control_tests:/home/ubuntu/ROS/Bot/ros2-robots/install/gz_ros2_control_demos:/home/ubuntu/ROS/Bot/ros2-robots/install/gz_ros2_control:/home/ubuntu/ROS/Bot/ros2-robots/src/install/my_robot_description:/home/ubuntu/ROS/Bot/ros2-robots/src/install/ign_ros2_control_demos:/home/ubuntu/ROS/Bot/ros2-robots/src/install/ign_ros2_control:/home/ubuntu/ROS/Bot/ros2-robots/src/install/gz_ros2_control_tests:/home/ubuntu/ROS/Bot/ros2-robots/src/install/gz_ros2_control_demos:/home/ubuntu/ROS/Bot/ros2-robots/install/my_robot_description:/opt/ros/humble LD_LIBRARY_PATH=/home/ubuntu/ROS/Bot/ros2-robots/src/install/gz_ros2_control/lib:/home/ubuntu/ROS/Bot/ros2-robots/install/gz_ros2_control/lib:/opt/ros/humble/opt/rviz_ogre_vendor/lib:/opt/ros/humble/lib/aarch64-linux-gnu:/opt/ros/humble/lib /usr/bin/cmake --build /home/ubuntu/ROS/Bot/ros2-robots/src/build/ign_ros2_control -- -j11 -l11
[0.340s] Invoking command in '/home/ubuntu/ROS/Bot/ros2-robots/src/build/ign_ros2_control': CMAKE_PREFIX_PATH=/home/ubuntu/ROS/Bot/ros2-robots/src/install/gz_ros2_control:/home/ubuntu/ROS/Bot/ros2-robots/install/ign_ros2_control_demos:/home/ubuntu/ROS/Bot/ros2-robots/install/ign_ros2_control:/home/ubuntu/ROS/Bot/ros2-robots/install/gz_ros2_control_tests:/home/ubuntu/ROS/Bot/ros2-robots/install/gz_ros2_control_demos:/home/ubuntu/ROS/Bot/ros2-robots/install/gz_ros2_control:/home/ubuntu/ROS/Bot/ros2-robots/src/install/my_robot_description:/home/ubuntu/ROS/Bot/ros2-robots/src/install/ign_ros2_control_demos:/home/ubuntu/ROS/Bot/ros2-robots/src/install/ign_ros2_control:/home/ubuntu/ROS/Bot/ros2-robots/src/install/gz_ros2_control_tests:/home/ubuntu/ROS/Bot/ros2-robots/src/install/gz_ros2_control_demos:/home/ubuntu/ROS/Bot/ros2-robots/install/my_robot_description:/opt/ros/humble LD_LIBRARY_PATH=/home/ubuntu/ROS/Bot/ros2-robots/src/install/gz_ros2_control/lib:/home/ubuntu/ROS/Bot/ros2-robots/install/gz_ros2_control/lib:/opt/ros/humble/opt/rviz_ogre_vendor/lib:/opt/ros/humble/lib/aarch64-linux-gnu:/opt/ros/humble/lib /usr/bin/cmake --install /home/ubuntu/ROS/Bot/ros2-robots/src/build/ign_ros2_control
[0.342s] -- Install configuration: ""
[0.343s] -- Installing: /home/ubuntu/ROS/Bot/ros2-robots/src/install/ign_ros2_control/share/ament_index/resource_index/package_run_dependencies/ign_ros2_control
[0.343s] -- Installing: /home/ubuntu/ROS/Bot/ros2-robots/src/install/ign_ros2_control/share/ament_index/resource_index/parent_prefix_path/ign_ros2_control
[0.343s] -- Installing: /home/ubuntu/ROS/Bot/ros2-robots/src/install/ign_ros2_control/share/ign_ros2_control/environment/ament_prefix_path.sh
[0.343s] -- Installing: /home/ubuntu/ROS/Bot/ros2-robots/src/install/ign_ros2_control/share/ign_ros2_control/environment/ament_prefix_path.dsv
[0.343s] -- Installing: /home/ubuntu/ROS/Bot/ros2-robots/src/install/ign_ros2_control/share/ign_ros2_control/environment/path.sh
[0.343s] -- Installing: /home/ubuntu/ROS/Bot/ros2-robots/src/install/ign_ros2_control/share/ign_ros2_control/environment/path.dsv
[0.344s] -- Installing: /home/ubuntu/ROS/Bot/ros2-robots/src/install/ign_ros2_control/share/ign_ros2_control/local_setup.bash
[0.344s] -- Installing: /home/ubuntu/ROS/Bot/ros2-robots/src/install/ign_ros2_control/share/ign_ros2_control/local_setup.sh
[0.344s] -- Installing: /home/ubuntu/ROS/Bot/ros2-robots/src/install/ign_ros2_control/share/ign_ros2_control/local_setup.zsh
[0.344s] -- Installing: /home/ubuntu/ROS/Bot/ros2-robots/src/install/ign_ros2_control/share/ign_ros2_control/local_setup.dsv
[0.344s] -- Installing: /home/ubuntu/ROS/Bot/ros2-robots/src/install/ign_ros2_control/share/ign_ros2_control/package.dsv
[0.344s] -- Installing: /home/ubuntu/ROS/Bot/ros2-robots/src/install/ign_ros2_control/share/ament_index/resource_index/packages/ign_ros2_control
[0.344s] -- Installing: /home/ubuntu/ROS/Bot/ros2-robots/src/install/ign_ros2_control/share/ign_ros2_control/cmake/ign_ros2_controlConfig.cmake
[0.344s] -- Installing: /home/ubuntu/ROS/Bot/ros2-robots/src/install/ign_ros2_control/share/ign_ros2_control/cmake/ign_ros2_controlConfig-version.cmake
[0.344s] -- Installing: /home/ubuntu/ROS/Bot/ros2-robots/src/install/ign_ros2_control/share/ign_ros2_control/package.xml
[0.345s] Invoked command in '/home/ubuntu/ROS/Bot/ros2-robots/src/build/ign_ros2_control' returned '0': CMAKE_PREFIX_PATH=/home/ubuntu/ROS/Bot/ros2-robots/src/install/gz_ros2_control:/home/ubuntu/ROS/Bot/ros2-robots/install/ign_ros2_control_demos:/home/ubuntu/ROS/Bot/ros2-robots/install/ign_ros2_control:/home/ubuntu/ROS/Bot/ros2-robots/install/gz_ros2_control_tests:/home/ubuntu/ROS/Bot/ros2-robots/install/gz_ros2_control_demos:/home/ubuntu/ROS/Bot/ros2-robots/install/gz_ros2_control:/home/ubuntu/ROS/Bot/ros2-robots/src/install/my_robot_description:/home/ubuntu/ROS/Bot/ros2-robots/src/install/ign_ros2_control_demos:/home/ubuntu/ROS/Bot/ros2-robots/src/install/ign_ros2_control:/home/ubuntu/ROS/Bot/ros2-robots/src/install/gz_ros2_control_tests:/home/ubuntu/ROS/Bot/ros2-robots/src/install/gz_ros2_control_demos:/home/ubuntu/ROS/Bot/ros2-robots/install/my_robot_description:/opt/ros/humble LD_LIBRARY_PATH=/home/ubuntu/ROS/Bot/ros2-robots/src/install/gz_ros2_control/lib:/home/ubuntu/ROS/Bot/ros2-robots/install/gz_ros2_control/lib:/opt/ros/humble/opt/rviz_ogre_vendor/lib:/opt/ros/humble/lib/aarch64-linux-gnu:/opt/ros/humble/lib /usr/bin/cmake --install /home/ubuntu/ROS/Bot/ros2-robots/src/build/ign_ros2_control
