[0.063s] DEBUG:colcon:Command line arguments: ['/usr/bin/colcon', 'build']
[0.063s] DEBUG:colcon:Parsed command line arguments: Namespace(log_base=None, log_level=None, verb_name='build', build_base='build', install_base='install', merge_install=False, symlink_install=False, test_result_base=None, continue_on_error=False, executor='parallel', parallel_workers=11, event_handlers=None, ignore_user_meta=False, metas=['./colcon.meta'], base_paths=['.'], packages_ignore=None, packages_ignore_regex=None, paths=None, packages_up_to=None, packages_up_to_regex=None, packages_above=None, packages_above_and_dependencies=None, packages_above_depth=None, packages_select_by_dep=None, packages_skip_by_dep=None, packages_skip_up_to=None, packages_select_build_failed=False, packages_skip_build_finished=False, packages_select_test_failures=False, packages_skip_test_passed=False, packages_select=None, packages_skip=None, packages_select_regex=None, packages_skip_regex=None, packages_start=None, packages_end=None, allow_overriding=[], cmake_args=None, cmake_target=None, cmake_target_skip_unavailable=False, cmake_clean_cache=False, cmake_clean_first=False, cmake_force_configure=False, ament_cmake_args=None, catkin_cmake_args=None, catkin_skip_building_tests=False, verb_parser=<colcon_defaults.argument_parser.defaults.DefaultArgumentsDecorator object at 0xffffb1083eb0>, verb_extension=<colcon_core.verb.build.BuildVerb object at 0xffffb1269330>, main=<bound method BuildVerb.main of <colcon_core.verb.build.BuildVerb object at 0xffffb1269330>>)
[0.137s] Level 1:colcon.colcon_core.package_discovery:discover_packages(colcon_meta) check parameters
[0.138s] Level 1:colcon.colcon_core.package_discovery:discover_packages(recursive) check parameters
[0.138s] Level 1:colcon.colcon_core.package_discovery:discover_packages(ignore) check parameters
[0.138s] Level 1:colcon.colcon_core.package_discovery:discover_packages(path) check parameters
[0.138s] Level 1:colcon.colcon_core.package_discovery:discover_packages(colcon_meta) discover
[0.138s] Level 1:colcon.colcon_core.package_discovery:discover_packages(recursive) discover
[0.138s] INFO:colcon.colcon_core.package_discovery:Crawling recursively for packages in '/home/ubuntu/ROS/Bot/ros2-robots'
[0.138s] Level 1:colcon.colcon_core.package_identification:_identify(.) by extensions ['ignore', 'ignore_ament_install']
[0.138s] Level 1:colcon.colcon_core.package_identification:_identify(.) by extension 'ignore'
[0.138s] Level 1:colcon.colcon_core.package_identification:_identify(.) by extension 'ignore_ament_install'
[0.138s] Level 1:colcon.colcon_core.package_identification:_identify(.) by extensions ['colcon_pkg']
[0.138s] Level 1:colcon.colcon_core.package_identification:_identify(.) by extension 'colcon_pkg'
[0.138s] Level 1:colcon.colcon_core.package_identification:_identify(.) by extensions ['colcon_meta']
[0.138s] Level 1:colcon.colcon_core.package_identification:_identify(.) by extension 'colcon_meta'
[0.138s] Level 1:colcon.colcon_core.package_identification:_identify(.) by extensions ['ros']
[0.138s] Level 1:colcon.colcon_core.package_identification:_identify(.) by extension 'ros'
[0.146s] Level 1:colcon.colcon_core.package_identification:_identify(.) by extensions ['cmake', 'python']
[0.146s] Level 1:colcon.colcon_core.package_identification:_identify(.) by extension 'cmake'
[0.146s] Level 1:colcon.colcon_core.package_identification:_identify(.) by extension 'python'
[0.146s] Level 1:colcon.colcon_core.package_identification:_identify(.) by extensions ['python_setup_py']
[0.146s] Level 1:colcon.colcon_core.package_identification:_identify(.) by extension 'python_setup_py'
[0.146s] Level 1:colcon.colcon_core.package_identification:_identify(build) by extensions ['ignore', 'ignore_ament_install']
[0.146s] Level 1:colcon.colcon_core.package_identification:_identify(build) by extension 'ignore'
[0.146s] Level 1:colcon.colcon_core.package_identification:_identify(build) ignored
[0.146s] Level 1:colcon.colcon_core.package_identification:_identify(install) by extensions ['ignore', 'ignore_ament_install']
[0.146s] Level 1:colcon.colcon_core.package_identification:_identify(install) by extension 'ignore'
[0.146s] Level 1:colcon.colcon_core.package_identification:_identify(install) ignored
[0.146s] Level 1:colcon.colcon_core.package_identification:_identify(log) by extensions ['ignore', 'ignore_ament_install']
[0.146s] Level 1:colcon.colcon_core.package_identification:_identify(log) by extension 'ignore'
[0.146s] Level 1:colcon.colcon_core.package_identification:_identify(log) ignored
[0.146s] Level 1:colcon.colcon_core.package_identification:_identify(src) by extensions ['ignore', 'ignore_ament_install']
[0.146s] Level 1:colcon.colcon_core.package_identification:_identify(src) by extension 'ignore'
[0.146s] Level 1:colcon.colcon_core.package_identification:_identify(src) by extension 'ignore_ament_install'
[0.146s] Level 1:colcon.colcon_core.package_identification:_identify(src) by extensions ['colcon_pkg']
[0.146s] Level 1:colcon.colcon_core.package_identification:_identify(src) by extension 'colcon_pkg'
[0.146s] Level 1:colcon.colcon_core.package_identification:_identify(src) by extensions ['colcon_meta']
[0.146s] Level 1:colcon.colcon_core.package_identification:_identify(src) by extension 'colcon_meta'
[0.146s] Level 1:colcon.colcon_core.package_identification:_identify(src) by extensions ['ros']
[0.146s] Level 1:colcon.colcon_core.package_identification:_identify(src) by extension 'ros'
[0.146s] Level 1:colcon.colcon_core.package_identification:_identify(src) by extensions ['cmake', 'python']
[0.146s] Level 1:colcon.colcon_core.package_identification:_identify(src) by extension 'cmake'
[0.146s] Level 1:colcon.colcon_core.package_identification:_identify(src) by extension 'python'
[0.146s] Level 1:colcon.colcon_core.package_identification:_identify(src) by extensions ['python_setup_py']
[0.146s] Level 1:colcon.colcon_core.package_identification:_identify(src) by extension 'python_setup_py'
[0.146s] Level 1:colcon.colcon_core.package_identification:_identify(src/build) by extensions ['ignore', 'ignore_ament_install']
[0.146s] Level 1:colcon.colcon_core.package_identification:_identify(src/build) by extension 'ignore'
[0.146s] Level 1:colcon.colcon_core.package_identification:_identify(src/build) ignored
[0.146s] Level 1:colcon.colcon_core.package_identification:_identify(src/gz_ros2_control) by extensions ['ignore', 'ignore_ament_install']
[0.146s] Level 1:colcon.colcon_core.package_identification:_identify(src/gz_ros2_control) by extension 'ignore'
[0.146s] Level 1:colcon.colcon_core.package_identification:_identify(src/gz_ros2_control) by extension 'ignore_ament_install'
[0.146s] Level 1:colcon.colcon_core.package_identification:_identify(src/gz_ros2_control) by extensions ['colcon_pkg']
[0.146s] Level 1:colcon.colcon_core.package_identification:_identify(src/gz_ros2_control) by extension 'colcon_pkg'
[0.146s] Level 1:colcon.colcon_core.package_identification:_identify(src/gz_ros2_control) by extensions ['colcon_meta']
[0.146s] Level 1:colcon.colcon_core.package_identification:_identify(src/gz_ros2_control) by extension 'colcon_meta'
[0.146s] Level 1:colcon.colcon_core.package_identification:_identify(src/gz_ros2_control) by extensions ['ros']
[0.146s] Level 1:colcon.colcon_core.package_identification:_identify(src/gz_ros2_control) by extension 'ros'
[0.146s] Level 1:colcon.colcon_core.package_identification:_identify(src/gz_ros2_control) by extensions ['cmake', 'python']
[0.147s] Level 1:colcon.colcon_core.package_identification:_identify(src/gz_ros2_control) by extension 'cmake'
[0.147s] Level 1:colcon.colcon_core.package_identification:_identify(src/gz_ros2_control) by extension 'python'
[0.147s] Level 1:colcon.colcon_core.package_identification:_identify(src/gz_ros2_control) by extensions ['python_setup_py']
[0.147s] Level 1:colcon.colcon_core.package_identification:_identify(src/gz_ros2_control) by extension 'python_setup_py'
[0.147s] Level 1:colcon.colcon_core.package_identification:_identify(src/gz_ros2_control/Dockerfile) by extensions ['ignore', 'ignore_ament_install']
[0.147s] Level 1:colcon.colcon_core.package_identification:_identify(src/gz_ros2_control/Dockerfile) by extension 'ignore'
[0.147s] Level 1:colcon.colcon_core.package_identification:_identify(src/gz_ros2_control/Dockerfile) by extension 'ignore_ament_install'
[0.147s] Level 1:colcon.colcon_core.package_identification:_identify(src/gz_ros2_control/Dockerfile) by extensions ['colcon_pkg']
[0.147s] Level 1:colcon.colcon_core.package_identification:_identify(src/gz_ros2_control/Dockerfile) by extension 'colcon_pkg'
[0.147s] Level 1:colcon.colcon_core.package_identification:_identify(src/gz_ros2_control/Dockerfile) by extensions ['colcon_meta']
[0.147s] Level 1:colcon.colcon_core.package_identification:_identify(src/gz_ros2_control/Dockerfile) by extension 'colcon_meta'
[0.147s] Level 1:colcon.colcon_core.package_identification:_identify(src/gz_ros2_control/Dockerfile) by extensions ['ros']
[0.147s] Level 1:colcon.colcon_core.package_identification:_identify(src/gz_ros2_control/Dockerfile) by extension 'ros'
[0.147s] Level 1:colcon.colcon_core.package_identification:_identify(src/gz_ros2_control/Dockerfile) by extensions ['cmake', 'python']
[0.147s] Level 1:colcon.colcon_core.package_identification:_identify(src/gz_ros2_control/Dockerfile) by extension 'cmake'
[0.147s] Level 1:colcon.colcon_core.package_identification:_identify(src/gz_ros2_control/Dockerfile) by extension 'python'
[0.147s] Level 1:colcon.colcon_core.package_identification:_identify(src/gz_ros2_control/Dockerfile) by extensions ['python_setup_py']
[0.147s] Level 1:colcon.colcon_core.package_identification:_identify(src/gz_ros2_control/Dockerfile) by extension 'python_setup_py'
[0.147s] Level 1:colcon.colcon_core.package_identification:_identify(src/gz_ros2_control/doc) by extensions ['ignore', 'ignore_ament_install']
[0.147s] Level 1:colcon.colcon_core.package_identification:_identify(src/gz_ros2_control/doc) by extension 'ignore'
[0.147s] Level 1:colcon.colcon_core.package_identification:_identify(src/gz_ros2_control/doc) by extension 'ignore_ament_install'
[0.147s] Level 1:colcon.colcon_core.package_identification:_identify(src/gz_ros2_control/doc) by extensions ['colcon_pkg']
[0.147s] Level 1:colcon.colcon_core.package_identification:_identify(src/gz_ros2_control/doc) by extension 'colcon_pkg'
[0.147s] Level 1:colcon.colcon_core.package_identification:_identify(src/gz_ros2_control/doc) by extensions ['colcon_meta']
[0.147s] Level 1:colcon.colcon_core.package_identification:_identify(src/gz_ros2_control/doc) by extension 'colcon_meta'
[0.147s] Level 1:colcon.colcon_core.package_identification:_identify(src/gz_ros2_control/doc) by extensions ['ros']
[0.147s] Level 1:colcon.colcon_core.package_identification:_identify(src/gz_ros2_control/doc) by extension 'ros'
[0.147s] Level 1:colcon.colcon_core.package_identification:_identify(src/gz_ros2_control/doc) by extensions ['cmake', 'python']
[0.147s] Level 1:colcon.colcon_core.package_identification:_identify(src/gz_ros2_control/doc) by extension 'cmake'
[0.147s] Level 1:colcon.colcon_core.package_identification:_identify(src/gz_ros2_control/doc) by extension 'python'
[0.147s] Level 1:colcon.colcon_core.package_identification:_identify(src/gz_ros2_control/doc) by extensions ['python_setup_py']
[0.147s] Level 1:colcon.colcon_core.package_identification:_identify(src/gz_ros2_control/doc) by extension 'python_setup_py'
[0.147s] Level 1:colcon.colcon_core.package_identification:_identify(src/gz_ros2_control/doc/img) by extensions ['ignore', 'ignore_ament_install']
[0.147s] Level 1:colcon.colcon_core.package_identification:_identify(src/gz_ros2_control/doc/img) by extension 'ignore'
[0.147s] Level 1:colcon.colcon_core.package_identification:_identify(src/gz_ros2_control/doc/img) by extension 'ignore_ament_install'
[0.147s] Level 1:colcon.colcon_core.package_identification:_identify(src/gz_ros2_control/doc/img) by extensions ['colcon_pkg']
[0.147s] Level 1:colcon.colcon_core.package_identification:_identify(src/gz_ros2_control/doc/img) by extension 'colcon_pkg'
[0.147s] Level 1:colcon.colcon_core.package_identification:_identify(src/gz_ros2_control/doc/img) by extensions ['colcon_meta']
[0.147s] Level 1:colcon.colcon_core.package_identification:_identify(src/gz_ros2_control/doc/img) by extension 'colcon_meta'
[0.147s] Level 1:colcon.colcon_core.package_identification:_identify(src/gz_ros2_control/doc/img) by extensions ['ros']
[0.147s] Level 1:colcon.colcon_core.package_identification:_identify(src/gz_ros2_control/doc/img) by extension 'ros'
[0.147s] Level 1:colcon.colcon_core.package_identification:_identify(src/gz_ros2_control/doc/img) by extensions ['cmake', 'python']
[0.147s] Level 1:colcon.colcon_core.package_identification:_identify(src/gz_ros2_control/doc/img) by extension 'cmake'
[0.147s] Level 1:colcon.colcon_core.package_identification:_identify(src/gz_ros2_control/doc/img) by extension 'python'
[0.147s] Level 1:colcon.colcon_core.package_identification:_identify(src/gz_ros2_control/doc/img) by extensions ['python_setup_py']
[0.147s] Level 1:colcon.colcon_core.package_identification:_identify(src/gz_ros2_control/doc/img) by extension 'python_setup_py'
[0.147s] Level 1:colcon.colcon_core.package_identification:_identify(src/gz_ros2_control/gz_ros2_control) by extensions ['ignore', 'ignore_ament_install']
[0.147s] Level 1:colcon.colcon_core.package_identification:_identify(src/gz_ros2_control/gz_ros2_control) by extension 'ignore'
[0.147s] Level 1:colcon.colcon_core.package_identification:_identify(src/gz_ros2_control/gz_ros2_control) by extension 'ignore_ament_install'
[0.147s] Level 1:colcon.colcon_core.package_identification:_identify(src/gz_ros2_control/gz_ros2_control) by extensions ['colcon_pkg']
[0.147s] Level 1:colcon.colcon_core.package_identification:_identify(src/gz_ros2_control/gz_ros2_control) by extension 'colcon_pkg'
[0.147s] Level 1:colcon.colcon_core.package_identification:_identify(src/gz_ros2_control/gz_ros2_control) by extensions ['colcon_meta']
[0.147s] Level 1:colcon.colcon_core.package_identification:_identify(src/gz_ros2_control/gz_ros2_control) by extension 'colcon_meta'
[0.147s] Level 1:colcon.colcon_core.package_identification:_identify(src/gz_ros2_control/gz_ros2_control) by extensions ['ros']
[0.147s] Level 1:colcon.colcon_core.package_identification:_identify(src/gz_ros2_control/gz_ros2_control) by extension 'ros'
[0.151s] DEBUG:colcon.colcon_core.package_identification:Package 'src/gz_ros2_control/gz_ros2_control' with type 'ros.ament_cmake' and name 'gz_ros2_control'
[0.151s] Level 1:colcon.colcon_core.package_identification:_identify(src/gz_ros2_control/gz_ros2_control_demos) by extensions ['ignore', 'ignore_ament_install']
[0.152s] Level 1:colcon.colcon_core.package_identification:_identify(src/gz_ros2_control/gz_ros2_control_demos) by extension 'ignore'
[0.152s] Level 1:colcon.colcon_core.package_identification:_identify(src/gz_ros2_control/gz_ros2_control_demos) by extension 'ignore_ament_install'
[0.152s] Level 1:colcon.colcon_core.package_identification:_identify(src/gz_ros2_control/gz_ros2_control_demos) by extensions ['colcon_pkg']
[0.152s] Level 1:colcon.colcon_core.package_identification:_identify(src/gz_ros2_control/gz_ros2_control_demos) by extension 'colcon_pkg'
[0.152s] Level 1:colcon.colcon_core.package_identification:_identify(src/gz_ros2_control/gz_ros2_control_demos) by extensions ['colcon_meta']
[0.152s] Level 1:colcon.colcon_core.package_identification:_identify(src/gz_ros2_control/gz_ros2_control_demos) by extension 'colcon_meta'
[0.152s] Level 1:colcon.colcon_core.package_identification:_identify(src/gz_ros2_control/gz_ros2_control_demos) by extensions ['ros']
[0.152s] Level 1:colcon.colcon_core.package_identification:_identify(src/gz_ros2_control/gz_ros2_control_demos) by extension 'ros'
[0.153s] DEBUG:colcon.colcon_core.package_identification:Package 'src/gz_ros2_control/gz_ros2_control_demos' with type 'ros.ament_cmake' and name 'gz_ros2_control_demos'
[0.153s] Level 1:colcon.colcon_core.package_identification:_identify(src/gz_ros2_control/gz_ros2_control_tests) by extensions ['ignore', 'ignore_ament_install']
[0.153s] Level 1:colcon.colcon_core.package_identification:_identify(src/gz_ros2_control/gz_ros2_control_tests) by extension 'ignore'
[0.153s] Level 1:colcon.colcon_core.package_identification:_identify(src/gz_ros2_control/gz_ros2_control_tests) by extension 'ignore_ament_install'
[0.153s] Level 1:colcon.colcon_core.package_identification:_identify(src/gz_ros2_control/gz_ros2_control_tests) by extensions ['colcon_pkg']
[0.153s] Level 1:colcon.colcon_core.package_identification:_identify(src/gz_ros2_control/gz_ros2_control_tests) by extension 'colcon_pkg'
[0.153s] Level 1:colcon.colcon_core.package_identification:_identify(src/gz_ros2_control/gz_ros2_control_tests) by extensions ['colcon_meta']
[0.153s] Level 1:colcon.colcon_core.package_identification:_identify(src/gz_ros2_control/gz_ros2_control_tests) by extension 'colcon_meta'
[0.153s] Level 1:colcon.colcon_core.package_identification:_identify(src/gz_ros2_control/gz_ros2_control_tests) by extensions ['ros']
[0.153s] Level 1:colcon.colcon_core.package_identification:_identify(src/gz_ros2_control/gz_ros2_control_tests) by extension 'ros'
[0.154s] DEBUG:colcon.colcon_core.package_identification:Package 'src/gz_ros2_control/gz_ros2_control_tests' with type 'ros.ament_cmake' and name 'gz_ros2_control_tests'
[0.154s] Level 1:colcon.colcon_core.package_identification:_identify(src/gz_ros2_control/ign_ros2_control) by extensions ['ignore', 'ignore_ament_install']
[0.154s] Level 1:colcon.colcon_core.package_identification:_identify(src/gz_ros2_control/ign_ros2_control) by extension 'ignore'
[0.154s] Level 1:colcon.colcon_core.package_identification:_identify(src/gz_ros2_control/ign_ros2_control) by extension 'ignore_ament_install'
[0.154s] Level 1:colcon.colcon_core.package_identification:_identify(src/gz_ros2_control/ign_ros2_control) by extensions ['colcon_pkg']
[0.154s] Level 1:colcon.colcon_core.package_identification:_identify(src/gz_ros2_control/ign_ros2_control) by extension 'colcon_pkg'
[0.154s] Level 1:colcon.colcon_core.package_identification:_identify(src/gz_ros2_control/ign_ros2_control) by extensions ['colcon_meta']
[0.154s] Level 1:colcon.colcon_core.package_identification:_identify(src/gz_ros2_control/ign_ros2_control) by extension 'colcon_meta'
[0.154s] Level 1:colcon.colcon_core.package_identification:_identify(src/gz_ros2_control/ign_ros2_control) by extensions ['ros']
[0.154s] Level 1:colcon.colcon_core.package_identification:_identify(src/gz_ros2_control/ign_ros2_control) by extension 'ros'
[0.154s] DEBUG:colcon.colcon_core.package_identification:Package 'src/gz_ros2_control/ign_ros2_control' with type 'ros.ament_cmake' and name 'ign_ros2_control'
[0.154s] Level 1:colcon.colcon_core.package_identification:_identify(src/gz_ros2_control/ign_ros2_control_demos) by extensions ['ignore', 'ignore_ament_install']
[0.154s] Level 1:colcon.colcon_core.package_identification:_identify(src/gz_ros2_control/ign_ros2_control_demos) by extension 'ignore'
[0.154s] Level 1:colcon.colcon_core.package_identification:_identify(src/gz_ros2_control/ign_ros2_control_demos) by extension 'ignore_ament_install'
[0.154s] Level 1:colcon.colcon_core.package_identification:_identify(src/gz_ros2_control/ign_ros2_control_demos) by extensions ['colcon_pkg']
[0.154s] Level 1:colcon.colcon_core.package_identification:_identify(src/gz_ros2_control/ign_ros2_control_demos) by extension 'colcon_pkg'
[0.154s] Level 1:colcon.colcon_core.package_identification:_identify(src/gz_ros2_control/ign_ros2_control_demos) by extensions ['colcon_meta']
[0.154s] Level 1:colcon.colcon_core.package_identification:_identify(src/gz_ros2_control/ign_ros2_control_demos) by extension 'colcon_meta'
[0.154s] Level 1:colcon.colcon_core.package_identification:_identify(src/gz_ros2_control/ign_ros2_control_demos) by extensions ['ros']
[0.154s] Level 1:colcon.colcon_core.package_identification:_identify(src/gz_ros2_control/ign_ros2_control_demos) by extension 'ros'
[0.154s] DEBUG:colcon.colcon_core.package_identification:Package 'src/gz_ros2_control/ign_ros2_control_demos' with type 'ros.ament_cmake' and name 'ign_ros2_control_demos'
[0.154s] Level 1:colcon.colcon_core.package_identification:_identify(src/install) by extensions ['ignore', 'ignore_ament_install']
[0.155s] Level 1:colcon.colcon_core.package_identification:_identify(src/install) by extension 'ignore'
[0.155s] Level 1:colcon.colcon_core.package_identification:_identify(src/install) ignored
[0.155s] Level 1:colcon.colcon_core.package_identification:_identify(src/log) by extensions ['ignore', 'ignore_ament_install']
[0.155s] Level 1:colcon.colcon_core.package_identification:_identify(src/log) by extension 'ignore'
[0.155s] Level 1:colcon.colcon_core.package_identification:_identify(src/log) ignored
[0.155s] Level 1:colcon.colcon_core.package_identification:_identify(src/my_robot_description) by extensions ['ignore', 'ignore_ament_install']
[0.155s] Level 1:colcon.colcon_core.package_identification:_identify(src/my_robot_description) by extension 'ignore'
[0.155s] Level 1:colcon.colcon_core.package_identification:_identify(src/my_robot_description) by extension 'ignore_ament_install'
[0.155s] Level 1:colcon.colcon_core.package_identification:_identify(src/my_robot_description) by extensions ['colcon_pkg']
[0.155s] Level 1:colcon.colcon_core.package_identification:_identify(src/my_robot_description) by extension 'colcon_pkg'
[0.155s] Level 1:colcon.colcon_core.package_identification:_identify(src/my_robot_description) by extensions ['colcon_meta']
[0.155s] Level 1:colcon.colcon_core.package_identification:_identify(src/my_robot_description) by extension 'colcon_meta'
[0.155s] Level 1:colcon.colcon_core.package_identification:_identify(src/my_robot_description) by extensions ['ros']
[0.155s] Level 1:colcon.colcon_core.package_identification:_identify(src/my_robot_description) by extension 'ros'
[0.155s] DEBUG:colcon.colcon_core.package_identification:Package 'src/my_robot_description' with type 'ros.ament_cmake' and name 'my_robot_description'
[0.155s] Level 1:colcon.colcon_core.package_discovery:discover_packages(recursive) using defaults
[0.155s] Level 1:colcon.colcon_core.package_discovery:discover_packages(ignore) discover
[0.155s] Level 1:colcon.colcon_core.package_discovery:discover_packages(ignore) using defaults
[0.155s] Level 1:colcon.colcon_core.package_discovery:discover_packages(path) discover
[0.156s] Level 1:colcon.colcon_core.package_discovery:discover_packages(path) using defaults
[0.172s] Level 1:colcon.colcon_core.package_discovery:discover_packages(prefix_path) check parameters
[0.172s] Level 1:colcon.colcon_core.package_discovery:discover_packages(prefix_path) discover
[0.172s] WARNING:colcon.colcon_ros.prefix_path.ament:The path '/home/ubuntu/ROS/Bot/ros2-robots/install/my_robot_description' in the environment variable AMENT_PREFIX_PATH doesn't exist
[0.172s] WARNING:colcon.colcon_ros.prefix_path.ament:The path '/home/ubuntu/ROS/Bot/ros2-robots/install/ign_ros2_control_demos' in the environment variable AMENT_PREFIX_PATH doesn't exist
[0.172s] WARNING:colcon.colcon_ros.prefix_path.ament:The path '/home/ubuntu/ROS/Bot/ros2-robots/install/ign_ros2_control' in the environment variable AMENT_PREFIX_PATH doesn't exist
[0.172s] WARNING:colcon.colcon_ros.prefix_path.ament:The path '/home/ubuntu/ROS/Bot/ros2-robots/install/gz_ros2_control_tests' in the environment variable AMENT_PREFIX_PATH doesn't exist
[0.173s] WARNING:colcon.colcon_ros.prefix_path.ament:The path '/home/ubuntu/ROS/Bot/ros2-robots/install/gz_ros2_control_demos' in the environment variable AMENT_PREFIX_PATH doesn't exist
[0.173s] WARNING:colcon.colcon_ros.prefix_path.catkin:The path '/home/ubuntu/ROS/Bot/ros2-robots/install/my_robot_description' in the environment variable CMAKE_PREFIX_PATH doesn't exist
[0.173s] WARNING:colcon.colcon_ros.prefix_path.catkin:The path '/home/ubuntu/ROS/Bot/ros2-robots/install/ign_ros2_control_demos' in the environment variable CMAKE_PREFIX_PATH doesn't exist
[0.173s] WARNING:colcon.colcon_ros.prefix_path.catkin:The path '/home/ubuntu/ROS/Bot/ros2-robots/install/ign_ros2_control' in the environment variable CMAKE_PREFIX_PATH doesn't exist
[0.173s] WARNING:colcon.colcon_ros.prefix_path.catkin:The path '/home/ubuntu/ROS/Bot/ros2-robots/install/gz_ros2_control_tests' in the environment variable CMAKE_PREFIX_PATH doesn't exist
[0.173s] WARNING:colcon.colcon_ros.prefix_path.catkin:The path '/home/ubuntu/ROS/Bot/ros2-robots/install/gz_ros2_control_demos' in the environment variable CMAKE_PREFIX_PATH doesn't exist
[0.173s] DEBUG:colcon.colcon_installed_package_information.package_discovery:Found 1 installed packages in /home/ubuntu/ROS/Bot/ros2-robots/install
[0.174s] DEBUG:colcon.colcon_installed_package_information.package_discovery:Found 340 installed packages in /opt/ros/humble
[0.175s] Level 1:colcon.colcon_core.package_discovery:discover_packages(prefix_path) using defaults
[0.201s] Level 5:colcon.colcon_core.verb:set package 'gz_ros2_control' build argument 'cmake_args' from command line to 'None'
[0.201s] Level 5:colcon.colcon_core.verb:set package 'gz_ros2_control' build argument 'cmake_target' from command line to 'None'
[0.201s] Level 5:colcon.colcon_core.verb:set package 'gz_ros2_control' build argument 'cmake_target_skip_unavailable' from command line to 'False'
[0.201s] Level 5:colcon.colcon_core.verb:set package 'gz_ros2_control' build argument 'cmake_clean_cache' from command line to 'False'
[0.201s] Level 5:colcon.colcon_core.verb:set package 'gz_ros2_control' build argument 'cmake_clean_first' from command line to 'False'
[0.201s] Level 5:colcon.colcon_core.verb:set package 'gz_ros2_control' build argument 'cmake_force_configure' from command line to 'False'
[0.201s] Level 5:colcon.colcon_core.verb:set package 'gz_ros2_control' build argument 'ament_cmake_args' from command line to 'None'
[0.201s] Level 5:colcon.colcon_core.verb:set package 'gz_ros2_control' build argument 'catkin_cmake_args' from command line to 'None'
[0.201s] Level 5:colcon.colcon_core.verb:set package 'gz_ros2_control' build argument 'catkin_skip_building_tests' from command line to 'False'
[0.201s] DEBUG:colcon.colcon_core.verb:Building package 'gz_ros2_control' with the following arguments: {'ament_cmake_args': None, 'build_base': '/home/ubuntu/ROS/Bot/ros2-robots/build/gz_ros2_control', 'catkin_cmake_args': None, 'catkin_skip_building_tests': False, 'cmake_args': None, 'cmake_clean_cache': False, 'cmake_clean_first': False, 'cmake_force_configure': False, 'cmake_target': None, 'cmake_target_skip_unavailable': False, 'install_base': '/home/ubuntu/ROS/Bot/ros2-robots/install/gz_ros2_control', 'merge_install': False, 'path': '/home/ubuntu/ROS/Bot/ros2-robots/src/gz_ros2_control/gz_ros2_control', 'symlink_install': False, 'test_result_base': None}
[0.201s] Level 5:colcon.colcon_core.verb:set package 'my_robot_description' build argument 'cmake_args' from command line to 'None'
[0.201s] Level 5:colcon.colcon_core.verb:set package 'my_robot_description' build argument 'cmake_target' from command line to 'None'
[0.201s] Level 5:colcon.colcon_core.verb:set package 'my_robot_description' build argument 'cmake_target_skip_unavailable' from command line to 'False'
[0.201s] Level 5:colcon.colcon_core.verb:set package 'my_robot_description' build argument 'cmake_clean_cache' from command line to 'False'
[0.201s] Level 5:colcon.colcon_core.verb:set package 'my_robot_description' build argument 'cmake_clean_first' from command line to 'False'
[0.201s] Level 5:colcon.colcon_core.verb:set package 'my_robot_description' build argument 'cmake_force_configure' from command line to 'False'
[0.201s] Level 5:colcon.colcon_core.verb:set package 'my_robot_description' build argument 'ament_cmake_args' from command line to 'None'
[0.201s] Level 5:colcon.colcon_core.verb:set package 'my_robot_description' build argument 'catkin_cmake_args' from command line to 'None'
[0.201s] Level 5:colcon.colcon_core.verb:set package 'my_robot_description' build argument 'catkin_skip_building_tests' from command line to 'False'
[0.201s] DEBUG:colcon.colcon_core.verb:Building package 'my_robot_description' with the following arguments: {'ament_cmake_args': None, 'build_base': '/home/ubuntu/ROS/Bot/ros2-robots/build/my_robot_description', 'catkin_cmake_args': None, 'catkin_skip_building_tests': False, 'cmake_args': None, 'cmake_clean_cache': False, 'cmake_clean_first': False, 'cmake_force_configure': False, 'cmake_target': None, 'cmake_target_skip_unavailable': False, 'install_base': '/home/ubuntu/ROS/Bot/ros2-robots/install/my_robot_description', 'merge_install': False, 'path': '/home/ubuntu/ROS/Bot/ros2-robots/src/my_robot_description', 'symlink_install': False, 'test_result_base': None}
[0.201s] Level 5:colcon.colcon_core.verb:set package 'gz_ros2_control_demos' build argument 'cmake_args' from command line to 'None'
[0.201s] Level 5:colcon.colcon_core.verb:set package 'gz_ros2_control_demos' build argument 'cmake_target' from command line to 'None'
[0.201s] Level 5:colcon.colcon_core.verb:set package 'gz_ros2_control_demos' build argument 'cmake_target_skip_unavailable' from command line to 'False'
[0.201s] Level 5:colcon.colcon_core.verb:set package 'gz_ros2_control_demos' build argument 'cmake_clean_cache' from command line to 'False'
[0.201s] Level 5:colcon.colcon_core.verb:set package 'gz_ros2_control_demos' build argument 'cmake_clean_first' from command line to 'False'
[0.201s] Level 5:colcon.colcon_core.verb:set package 'gz_ros2_control_demos' build argument 'cmake_force_configure' from command line to 'False'
[0.201s] Level 5:colcon.colcon_core.verb:set package 'gz_ros2_control_demos' build argument 'ament_cmake_args' from command line to 'None'
[0.201s] Level 5:colcon.colcon_core.verb:set package 'gz_ros2_control_demos' build argument 'catkin_cmake_args' from command line to 'None'
[0.201s] Level 5:colcon.colcon_core.verb:set package 'gz_ros2_control_demos' build argument 'catkin_skip_building_tests' from command line to 'False'
[0.201s] DEBUG:colcon.colcon_core.verb:Building package 'gz_ros2_control_demos' with the following arguments: {'ament_cmake_args': None, 'build_base': '/home/ubuntu/ROS/Bot/ros2-robots/build/gz_ros2_control_demos', 'catkin_cmake_args': None, 'catkin_skip_building_tests': False, 'cmake_args': None, 'cmake_clean_cache': False, 'cmake_clean_first': False, 'cmake_force_configure': False, 'cmake_target': None, 'cmake_target_skip_unavailable': False, 'install_base': '/home/ubuntu/ROS/Bot/ros2-robots/install/gz_ros2_control_demos', 'merge_install': False, 'path': '/home/ubuntu/ROS/Bot/ros2-robots/src/gz_ros2_control/gz_ros2_control_demos', 'symlink_install': False, 'test_result_base': None}
[0.202s] Level 5:colcon.colcon_core.verb:set package 'ign_ros2_control' build argument 'cmake_args' from command line to 'None'
[0.202s] Level 5:colcon.colcon_core.verb:set package 'ign_ros2_control' build argument 'cmake_target' from command line to 'None'
[0.202s] Level 5:colcon.colcon_core.verb:set package 'ign_ros2_control' build argument 'cmake_target_skip_unavailable' from command line to 'False'
[0.202s] Level 5:colcon.colcon_core.verb:set package 'ign_ros2_control' build argument 'cmake_clean_cache' from command line to 'False'
[0.202s] Level 5:colcon.colcon_core.verb:set package 'ign_ros2_control' build argument 'cmake_clean_first' from command line to 'False'
[0.202s] Level 5:colcon.colcon_core.verb:set package 'ign_ros2_control' build argument 'cmake_force_configure' from command line to 'False'
[0.202s] Level 5:colcon.colcon_core.verb:set package 'ign_ros2_control' build argument 'ament_cmake_args' from command line to 'None'
[0.202s] Level 5:colcon.colcon_core.verb:set package 'ign_ros2_control' build argument 'catkin_cmake_args' from command line to 'None'
[0.202s] Level 5:colcon.colcon_core.verb:set package 'ign_ros2_control' build argument 'catkin_skip_building_tests' from command line to 'False'
[0.202s] DEBUG:colcon.colcon_core.verb:Building package 'ign_ros2_control' with the following arguments: {'ament_cmake_args': None, 'build_base': '/home/ubuntu/ROS/Bot/ros2-robots/build/ign_ros2_control', 'catkin_cmake_args': None, 'catkin_skip_building_tests': False, 'cmake_args': None, 'cmake_clean_cache': False, 'cmake_clean_first': False, 'cmake_force_configure': False, 'cmake_target': None, 'cmake_target_skip_unavailable': False, 'install_base': '/home/ubuntu/ROS/Bot/ros2-robots/install/ign_ros2_control', 'merge_install': False, 'path': '/home/ubuntu/ROS/Bot/ros2-robots/src/gz_ros2_control/ign_ros2_control', 'symlink_install': False, 'test_result_base': None}
[0.202s] Level 5:colcon.colcon_core.verb:set package 'ign_ros2_control_demos' build argument 'cmake_args' from command line to 'None'
[0.202s] Level 5:colcon.colcon_core.verb:set package 'ign_ros2_control_demos' build argument 'cmake_target' from command line to 'None'
[0.202s] Level 5:colcon.colcon_core.verb:set package 'ign_ros2_control_demos' build argument 'cmake_target_skip_unavailable' from command line to 'False'
[0.202s] Level 5:colcon.colcon_core.verb:set package 'ign_ros2_control_demos' build argument 'cmake_clean_cache' from command line to 'False'
[0.202s] Level 5:colcon.colcon_core.verb:set package 'ign_ros2_control_demos' build argument 'cmake_clean_first' from command line to 'False'
[0.202s] Level 5:colcon.colcon_core.verb:set package 'ign_ros2_control_demos' build argument 'cmake_force_configure' from command line to 'False'
[0.202s] Level 5:colcon.colcon_core.verb:set package 'ign_ros2_control_demos' build argument 'ament_cmake_args' from command line to 'None'
[0.202s] Level 5:colcon.colcon_core.verb:set package 'ign_ros2_control_demos' build argument 'catkin_cmake_args' from command line to 'None'
[0.202s] Level 5:colcon.colcon_core.verb:set package 'ign_ros2_control_demos' build argument 'catkin_skip_building_tests' from command line to 'False'
[0.202s] DEBUG:colcon.colcon_core.verb:Building package 'ign_ros2_control_demos' with the following arguments: {'ament_cmake_args': None, 'build_base': '/home/ubuntu/ROS/Bot/ros2-robots/build/ign_ros2_control_demos', 'catkin_cmake_args': None, 'catkin_skip_building_tests': False, 'cmake_args': None, 'cmake_clean_cache': False, 'cmake_clean_first': False, 'cmake_force_configure': False, 'cmake_target': None, 'cmake_target_skip_unavailable': False, 'install_base': '/home/ubuntu/ROS/Bot/ros2-robots/install/ign_ros2_control_demos', 'merge_install': False, 'path': '/home/ubuntu/ROS/Bot/ros2-robots/src/gz_ros2_control/ign_ros2_control_demos', 'symlink_install': False, 'test_result_base': None}
[0.202s] Level 5:colcon.colcon_core.verb:set package 'gz_ros2_control_tests' build argument 'cmake_args' from command line to 'None'
[0.202s] Level 5:colcon.colcon_core.verb:set package 'gz_ros2_control_tests' build argument 'cmake_target' from command line to 'None'
[0.202s] Level 5:colcon.colcon_core.verb:set package 'gz_ros2_control_tests' build argument 'cmake_target_skip_unavailable' from command line to 'False'
[0.202s] Level 5:colcon.colcon_core.verb:set package 'gz_ros2_control_tests' build argument 'cmake_clean_cache' from command line to 'False'
[0.202s] Level 5:colcon.colcon_core.verb:set package 'gz_ros2_control_tests' build argument 'cmake_clean_first' from command line to 'False'
[0.202s] Level 5:colcon.colcon_core.verb:set package 'gz_ros2_control_tests' build argument 'cmake_force_configure' from command line to 'False'
[0.202s] Level 5:colcon.colcon_core.verb:set package 'gz_ros2_control_tests' build argument 'ament_cmake_args' from command line to 'None'
[0.202s] Level 5:colcon.colcon_core.verb:set package 'gz_ros2_control_tests' build argument 'catkin_cmake_args' from command line to 'None'
[0.202s] Level 5:colcon.colcon_core.verb:set package 'gz_ros2_control_tests' build argument 'catkin_skip_building_tests' from command line to 'False'
[0.202s] DEBUG:colcon.colcon_core.verb:Building package 'gz_ros2_control_tests' with the following arguments: {'ament_cmake_args': None, 'build_base': '/home/ubuntu/ROS/Bot/ros2-robots/build/gz_ros2_control_tests', 'catkin_cmake_args': None, 'catkin_skip_building_tests': False, 'cmake_args': None, 'cmake_clean_cache': False, 'cmake_clean_first': False, 'cmake_force_configure': False, 'cmake_target': None, 'cmake_target_skip_unavailable': False, 'install_base': '/home/ubuntu/ROS/Bot/ros2-robots/install/gz_ros2_control_tests', 'merge_install': False, 'path': '/home/ubuntu/ROS/Bot/ros2-robots/src/gz_ros2_control/gz_ros2_control_tests', 'symlink_install': False, 'test_result_base': None}
[0.202s] INFO:colcon.colcon_core.executor:Executing jobs using 'parallel' executor
[0.203s] DEBUG:colcon.colcon_parallel_executor.executor.parallel:run_until_complete
[0.203s] INFO:colcon.colcon_ros.task.ament_cmake.build:Building ROS package in '/home/ubuntu/ROS/Bot/ros2-robots/src/gz_ros2_control/gz_ros2_control' with build type 'ament_cmake'
[0.203s] INFO:colcon.colcon_cmake.task.cmake.build:Building CMake package in '/home/ubuntu/ROS/Bot/ros2-robots/src/gz_ros2_control/gz_ros2_control'
[0.204s] INFO:colcon.colcon_core.plugin_system:Skipping extension 'colcon_core.shell.bat': Not used on non-Windows systems
[0.204s] INFO:colcon.colcon_core.shell:Skip shell extension 'powershell' for command environment: Not usable outside of PowerShell
[0.204s] DEBUG:colcon.colcon_core.shell:Skip shell extension 'dsv' for command environment
[0.206s] INFO:colcon.colcon_ros.task.ament_cmake.build:Building ROS package in '/home/ubuntu/ROS/Bot/ros2-robots/src/my_robot_description' with build type 'ament_cmake'
[0.206s] INFO:colcon.colcon_cmake.task.cmake.build:Building CMake package in '/home/ubuntu/ROS/Bot/ros2-robots/src/my_robot_description'
[0.206s] INFO:colcon.colcon_core.shell:Skip shell extension 'powershell' for command environment: Not usable outside of PowerShell
[0.206s] DEBUG:colcon.colcon_core.shell:Skip shell extension 'dsv' for command environment
[0.212s] DEBUG:colcon.colcon_core.event_handler.log_command:Invoking command in '/home/ubuntu/ROS/Bot/ros2-robots/build/gz_ros2_control': CMAKE_PREFIX_PATH=${CMAKE_PREFIX_PATH}:/opt/ros/humble /usr/bin/cmake --build /home/ubuntu/ROS/Bot/ros2-robots/build/gz_ros2_control -- -j11 -l11
[0.214s] DEBUG:colcon.colcon_core.event_handler.log_command:Invoking command in '/home/ubuntu/ROS/Bot/ros2-robots/build/my_robot_description': CMAKE_PREFIX_PATH=${CMAKE_PREFIX_PATH}:/opt/ros/humble /usr/bin/cmake /home/ubuntu/ROS/Bot/ros2-robots/src/my_robot_description -DCMAKE_INSTALL_PREFIX=/home/ubuntu/ROS/Bot/ros2-robots/install/my_robot_description
[0.279s] DEBUG:colcon.colcon_core.event_handler.log_command:Invoked command in '/home/ubuntu/ROS/Bot/ros2-robots/build/gz_ros2_control' returned '0': CMAKE_PREFIX_PATH=${CMAKE_PREFIX_PATH}:/opt/ros/humble /usr/bin/cmake --build /home/ubuntu/ROS/Bot/ros2-robots/build/gz_ros2_control -- -j11 -l11
[0.287s] DEBUG:colcon.colcon_core.event_handler.log_command:Invoking command in '/home/ubuntu/ROS/Bot/ros2-robots/build/gz_ros2_control': CMAKE_PREFIX_PATH=${CMAKE_PREFIX_PATH}:/opt/ros/humble /usr/bin/cmake --install /home/ubuntu/ROS/Bot/ros2-robots/build/gz_ros2_control
[0.292s] Level 1:colcon.colcon_core.environment:create_environment_scripts_only(gz_ros2_control)
[0.292s] DEBUG:colcon.colcon_core.event_handler.log_command:Invoked command in '/home/ubuntu/ROS/Bot/ros2-robots/build/gz_ros2_control' returned '0': CMAKE_PREFIX_PATH=${CMAKE_PREFIX_PATH}:/opt/ros/humble /usr/bin/cmake --install /home/ubuntu/ROS/Bot/ros2-robots/build/gz_ros2_control
[0.293s] Level 1:colcon.colcon_core.environment:checking '/home/ubuntu/ROS/Bot/ros2-robots/install/gz_ros2_control' for CMake module files
[0.294s] Level 1:colcon.colcon_core.environment:checking '/home/ubuntu/ROS/Bot/ros2-robots/install/gz_ros2_control' for CMake config files
[0.294s] Level 1:colcon.colcon_core.shell:create_environment_hook('gz_ros2_control', 'cmake_prefix_path')
[0.294s] INFO:colcon.colcon_core.shell:Creating environment hook '/home/ubuntu/ROS/Bot/ros2-robots/install/gz_ros2_control/share/gz_ros2_control/hook/cmake_prefix_path.ps1'
[0.294s] INFO:colcon.colcon_core.shell:Creating environment descriptor '/home/ubuntu/ROS/Bot/ros2-robots/install/gz_ros2_control/share/gz_ros2_control/hook/cmake_prefix_path.dsv'
[0.294s] INFO:colcon.colcon_core.shell:Creating environment hook '/home/ubuntu/ROS/Bot/ros2-robots/install/gz_ros2_control/share/gz_ros2_control/hook/cmake_prefix_path.sh'
[0.295s] Level 1:colcon.colcon_core.environment:checking '/home/ubuntu/ROS/Bot/ros2-robots/install/gz_ros2_control/lib'
[0.295s] Level 1:colcon.colcon_core.shell:create_environment_hook('gz_ros2_control', 'ld_library_path_lib')
[0.295s] INFO:colcon.colcon_core.shell:Creating environment hook '/home/ubuntu/ROS/Bot/ros2-robots/install/gz_ros2_control/share/gz_ros2_control/hook/ld_library_path_lib.ps1'
[0.295s] INFO:colcon.colcon_core.shell:Creating environment descriptor '/home/ubuntu/ROS/Bot/ros2-robots/install/gz_ros2_control/share/gz_ros2_control/hook/ld_library_path_lib.dsv'
[0.295s] INFO:colcon.colcon_core.shell:Creating environment hook '/home/ubuntu/ROS/Bot/ros2-robots/install/gz_ros2_control/share/gz_ros2_control/hook/ld_library_path_lib.sh'
[0.295s] Level 1:colcon.colcon_core.environment:checking '/home/ubuntu/ROS/Bot/ros2-robots/install/gz_ros2_control/bin'
[0.296s] Level 1:colcon.colcon_core.environment:checking '/home/ubuntu/ROS/Bot/ros2-robots/install/gz_ros2_control/lib/pkgconfig/gz_ros2_control.pc'
[0.296s] Level 1:colcon.colcon_core.environment:checking '/home/ubuntu/ROS/Bot/ros2-robots/install/gz_ros2_control/lib/python3.10/site-packages'
[0.296s] Level 1:colcon.colcon_core.environment:checking '/home/ubuntu/ROS/Bot/ros2-robots/install/gz_ros2_control/bin'
[0.296s] INFO:colcon.colcon_core.shell:Creating package script '/home/ubuntu/ROS/Bot/ros2-robots/install/gz_ros2_control/share/gz_ros2_control/package.ps1'
[0.296s] INFO:colcon.colcon_core.shell:Creating package descriptor '/home/ubuntu/ROS/Bot/ros2-robots/install/gz_ros2_control/share/gz_ros2_control/package.dsv'
[0.297s] INFO:colcon.colcon_core.shell:Creating package script '/home/ubuntu/ROS/Bot/ros2-robots/install/gz_ros2_control/share/gz_ros2_control/package.sh'
[0.297s] INFO:colcon.colcon_core.shell:Creating package script '/home/ubuntu/ROS/Bot/ros2-robots/install/gz_ros2_control/share/gz_ros2_control/package.bash'
[0.297s] INFO:colcon.colcon_core.shell:Creating package script '/home/ubuntu/ROS/Bot/ros2-robots/install/gz_ros2_control/share/gz_ros2_control/package.zsh'
[0.297s] Level 1:colcon.colcon_core.environment:create_file_with_runtime_dependencies(/home/ubuntu/ROS/Bot/ros2-robots/install/gz_ros2_control/share/colcon-core/packages/gz_ros2_control)
[0.298s] Level 1:colcon.colcon_core.environment:create_environment_scripts_only(gz_ros2_control)
[0.298s] Level 1:colcon.colcon_core.environment:checking '/home/ubuntu/ROS/Bot/ros2-robots/install/gz_ros2_control' for CMake module files
[0.298s] Level 1:colcon.colcon_core.environment:checking '/home/ubuntu/ROS/Bot/ros2-robots/install/gz_ros2_control' for CMake config files
[0.298s] Level 1:colcon.colcon_core.shell:create_environment_hook('gz_ros2_control', 'cmake_prefix_path')
[0.298s] INFO:colcon.colcon_core.shell:Creating environment hook '/home/ubuntu/ROS/Bot/ros2-robots/install/gz_ros2_control/share/gz_ros2_control/hook/cmake_prefix_path.ps1'
[0.298s] INFO:colcon.colcon_core.shell:Creating environment descriptor '/home/ubuntu/ROS/Bot/ros2-robots/install/gz_ros2_control/share/gz_ros2_control/hook/cmake_prefix_path.dsv'
[0.298s] INFO:colcon.colcon_core.shell:Creating environment hook '/home/ubuntu/ROS/Bot/ros2-robots/install/gz_ros2_control/share/gz_ros2_control/hook/cmake_prefix_path.sh'
[0.298s] Level 1:colcon.colcon_core.environment:checking '/home/ubuntu/ROS/Bot/ros2-robots/install/gz_ros2_control/lib'
[0.299s] Level 1:colcon.colcon_core.shell:create_environment_hook('gz_ros2_control', 'ld_library_path_lib')
[0.299s] INFO:colcon.colcon_core.shell:Creating environment hook '/home/ubuntu/ROS/Bot/ros2-robots/install/gz_ros2_control/share/gz_ros2_control/hook/ld_library_path_lib.ps1'
[0.299s] INFO:colcon.colcon_core.shell:Creating environment descriptor '/home/ubuntu/ROS/Bot/ros2-robots/install/gz_ros2_control/share/gz_ros2_control/hook/ld_library_path_lib.dsv'
[0.299s] INFO:colcon.colcon_core.shell:Creating environment hook '/home/ubuntu/ROS/Bot/ros2-robots/install/gz_ros2_control/share/gz_ros2_control/hook/ld_library_path_lib.sh'
[0.299s] Level 1:colcon.colcon_core.environment:checking '/home/ubuntu/ROS/Bot/ros2-robots/install/gz_ros2_control/bin'
[0.299s] Level 1:colcon.colcon_core.environment:checking '/home/ubuntu/ROS/Bot/ros2-robots/install/gz_ros2_control/lib/pkgconfig/gz_ros2_control.pc'
[0.299s] Level 1:colcon.colcon_core.environment:checking '/home/ubuntu/ROS/Bot/ros2-robots/install/gz_ros2_control/lib/python3.10/site-packages'
[0.299s] Level 1:colcon.colcon_core.environment:checking '/home/ubuntu/ROS/Bot/ros2-robots/install/gz_ros2_control/bin'
[0.299s] INFO:colcon.colcon_core.shell:Creating package script '/home/ubuntu/ROS/Bot/ros2-robots/install/gz_ros2_control/share/gz_ros2_control/package.ps1'
[0.299s] INFO:colcon.colcon_core.shell:Creating package descriptor '/home/ubuntu/ROS/Bot/ros2-robots/install/gz_ros2_control/share/gz_ros2_control/package.dsv'
[0.300s] INFO:colcon.colcon_core.shell:Creating package script '/home/ubuntu/ROS/Bot/ros2-robots/install/gz_ros2_control/share/gz_ros2_control/package.sh'
[0.300s] INFO:colcon.colcon_core.shell:Creating package script '/home/ubuntu/ROS/Bot/ros2-robots/install/gz_ros2_control/share/gz_ros2_control/package.bash'
[0.300s] INFO:colcon.colcon_core.shell:Creating package script '/home/ubuntu/ROS/Bot/ros2-robots/install/gz_ros2_control/share/gz_ros2_control/package.zsh'
[0.300s] Level 1:colcon.colcon_core.environment:create_file_with_runtime_dependencies(/home/ubuntu/ROS/Bot/ros2-robots/install/gz_ros2_control/share/colcon-core/packages/gz_ros2_control)
[0.300s] INFO:colcon.colcon_ros.task.ament_cmake.build:Building ROS package in '/home/ubuntu/ROS/Bot/ros2-robots/src/gz_ros2_control/gz_ros2_control_demos' with build type 'ament_cmake'
[0.300s] INFO:colcon.colcon_cmake.task.cmake.build:Building CMake package in '/home/ubuntu/ROS/Bot/ros2-robots/src/gz_ros2_control/gz_ros2_control_demos'
[0.301s] INFO:colcon.colcon_core.shell:Skip shell extension 'powershell' for command environment: Not usable outside of PowerShell
[0.301s] DEBUG:colcon.colcon_core.shell:Skip shell extension 'dsv' for command environment
[0.303s] INFO:colcon.colcon_ros.task.ament_cmake.build:Building ROS package in '/home/ubuntu/ROS/Bot/ros2-robots/src/gz_ros2_control/ign_ros2_control' with build type 'ament_cmake'
[0.303s] INFO:colcon.colcon_cmake.task.cmake.build:Building CMake package in '/home/ubuntu/ROS/Bot/ros2-robots/src/gz_ros2_control/ign_ros2_control'
[0.303s] INFO:colcon.colcon_core.shell:Skip shell extension 'powershell' for command environment: Not usable outside of PowerShell
[0.303s] DEBUG:colcon.colcon_core.shell:Skip shell extension 'dsv' for command environment
[0.308s] DEBUG:colcon.colcon_core.event_handler.log_command:Invoking command in '/home/ubuntu/ROS/Bot/ros2-robots/build/gz_ros2_control_demos': CMAKE_PREFIX_PATH=/home/ubuntu/ROS/Bot/ros2-robots/install/gz_ros2_control:/home/ubuntu/ROS/Bot/ros2-robots/install/my_robot_description:/home/ubuntu/ROS/Bot/ros2-robots/install/ign_ros2_control_demos:/home/ubuntu/ROS/Bot/ros2-robots/install/ign_ros2_control:/home/ubuntu/ROS/Bot/ros2-robots/install/gz_ros2_control_tests:/home/ubuntu/ROS/Bot/ros2-robots/install/gz_ros2_control_demos:/opt/ros/humble /usr/bin/cmake /home/ubuntu/ROS/Bot/ros2-robots/src/gz_ros2_control/gz_ros2_control_demos -DCMAKE_INSTALL_PREFIX=/home/ubuntu/ROS/Bot/ros2-robots/install/gz_ros2_control_demos
[0.311s] DEBUG:colcon.colcon_core.event_handler.log_command:Invoking command in '/home/ubuntu/ROS/Bot/ros2-robots/build/ign_ros2_control': CMAKE_PREFIX_PATH=/home/ubuntu/ROS/Bot/ros2-robots/install/gz_ros2_control:/home/ubuntu/ROS/Bot/ros2-robots/install/my_robot_description:/home/ubuntu/ROS/Bot/ros2-robots/install/ign_ros2_control_demos:/home/ubuntu/ROS/Bot/ros2-robots/install/ign_ros2_control:/home/ubuntu/ROS/Bot/ros2-robots/install/gz_ros2_control_tests:/home/ubuntu/ROS/Bot/ros2-robots/install/gz_ros2_control_demos:/opt/ros/humble /usr/bin/cmake /home/ubuntu/ROS/Bot/ros2-robots/src/gz_ros2_control/ign_ros2_control -DCMAKE_INSTALL_PREFIX=/home/ubuntu/ROS/Bot/ros2-robots/install/ign_ros2_control
[0.607s] DEBUG:colcon.colcon_core.event_handler.log_command:Invoked command in '/home/ubuntu/ROS/Bot/ros2-robots/build/my_robot_description' returned '0': CMAKE_PREFIX_PATH=${CMAKE_PREFIX_PATH}:/opt/ros/humble /usr/bin/cmake /home/ubuntu/ROS/Bot/ros2-robots/src/my_robot_description -DCMAKE_INSTALL_PREFIX=/home/ubuntu/ROS/Bot/ros2-robots/install/my_robot_description
[0.608s] DEBUG:colcon.colcon_core.event_handler.log_command:Invoking command in '/home/ubuntu/ROS/Bot/ros2-robots/build/my_robot_description': CMAKE_PREFIX_PATH=${CMAKE_PREFIX_PATH}:/opt/ros/humble /usr/bin/cmake --build /home/ubuntu/ROS/Bot/ros2-robots/build/my_robot_description -- -j11 -l11
[0.623s] DEBUG:colcon.colcon_core.event_handler.log_command:Invoked command in '/home/ubuntu/ROS/Bot/ros2-robots/build/my_robot_description' returned '0': CMAKE_PREFIX_PATH=${CMAKE_PREFIX_PATH}:/opt/ros/humble /usr/bin/cmake --build /home/ubuntu/ROS/Bot/ros2-robots/build/my_robot_description -- -j11 -l11
[0.624s] DEBUG:colcon.colcon_core.event_handler.log_command:Invoking command in '/home/ubuntu/ROS/Bot/ros2-robots/build/my_robot_description': CMAKE_PREFIX_PATH=${CMAKE_PREFIX_PATH}:/opt/ros/humble /usr/bin/cmake --install /home/ubuntu/ROS/Bot/ros2-robots/build/my_robot_description
[0.631s] Level 1:colcon.colcon_core.environment:create_environment_scripts_only(my_robot_description)
[0.631s] Level 1:colcon.colcon_core.environment:checking '/home/ubuntu/ROS/Bot/ros2-robots/install/my_robot_description' for CMake module files
[0.631s] DEBUG:colcon.colcon_core.event_handler.log_command:Invoked command in '/home/ubuntu/ROS/Bot/ros2-robots/build/my_robot_description' returned '0': CMAKE_PREFIX_PATH=${CMAKE_PREFIX_PATH}:/opt/ros/humble /usr/bin/cmake --install /home/ubuntu/ROS/Bot/ros2-robots/build/my_robot_description
[0.632s] Level 1:colcon.colcon_core.environment:checking '/home/ubuntu/ROS/Bot/ros2-robots/install/my_robot_description' for CMake config files
[0.632s] Level 1:colcon.colcon_core.shell:create_environment_hook('my_robot_description', 'cmake_prefix_path')
[0.632s] INFO:colcon.colcon_core.shell:Creating environment hook '/home/ubuntu/ROS/Bot/ros2-robots/install/my_robot_description/share/my_robot_description/hook/cmake_prefix_path.ps1'
[0.632s] INFO:colcon.colcon_core.shell:Creating environment descriptor '/home/ubuntu/ROS/Bot/ros2-robots/install/my_robot_description/share/my_robot_description/hook/cmake_prefix_path.dsv'
[0.632s] INFO:colcon.colcon_core.shell:Creating environment hook '/home/ubuntu/ROS/Bot/ros2-robots/install/my_robot_description/share/my_robot_description/hook/cmake_prefix_path.sh'
[0.633s] Level 1:colcon.colcon_core.environment:checking '/home/ubuntu/ROS/Bot/ros2-robots/install/my_robot_description/bin'
[0.633s] Level 1:colcon.colcon_core.environment:checking '/home/ubuntu/ROS/Bot/ros2-robots/install/my_robot_description/lib/pkgconfig/my_robot_description.pc'
[0.633s] Level 1:colcon.colcon_core.environment:checking '/home/ubuntu/ROS/Bot/ros2-robots/install/my_robot_description/lib/python3.10/site-packages'
[0.633s] Level 1:colcon.colcon_core.environment:checking '/home/ubuntu/ROS/Bot/ros2-robots/install/my_robot_description/bin'
[0.633s] INFO:colcon.colcon_core.shell:Creating package script '/home/ubuntu/ROS/Bot/ros2-robots/install/my_robot_description/share/my_robot_description/package.ps1'
[0.633s] INFO:colcon.colcon_core.shell:Creating package descriptor '/home/ubuntu/ROS/Bot/ros2-robots/install/my_robot_description/share/my_robot_description/package.dsv'
[0.633s] INFO:colcon.colcon_core.shell:Creating package script '/home/ubuntu/ROS/Bot/ros2-robots/install/my_robot_description/share/my_robot_description/package.sh'
[0.634s] INFO:colcon.colcon_core.shell:Creating package script '/home/ubuntu/ROS/Bot/ros2-robots/install/my_robot_description/share/my_robot_description/package.bash'
[0.634s] INFO:colcon.colcon_core.shell:Creating package script '/home/ubuntu/ROS/Bot/ros2-robots/install/my_robot_description/share/my_robot_description/package.zsh'
[0.634s] Level 1:colcon.colcon_core.environment:create_file_with_runtime_dependencies(/home/ubuntu/ROS/Bot/ros2-robots/install/my_robot_description/share/colcon-core/packages/my_robot_description)
[0.634s] Level 1:colcon.colcon_core.environment:create_environment_scripts_only(my_robot_description)
[0.635s] Level 1:colcon.colcon_core.environment:checking '/home/ubuntu/ROS/Bot/ros2-robots/install/my_robot_description' for CMake module files
[0.635s] Level 1:colcon.colcon_core.environment:checking '/home/ubuntu/ROS/Bot/ros2-robots/install/my_robot_description' for CMake config files
[0.635s] Level 1:colcon.colcon_core.shell:create_environment_hook('my_robot_description', 'cmake_prefix_path')
[0.636s] INFO:colcon.colcon_core.shell:Creating environment hook '/home/ubuntu/ROS/Bot/ros2-robots/install/my_robot_description/share/my_robot_description/hook/cmake_prefix_path.ps1'
[0.636s] INFO:colcon.colcon_core.shell:Creating environment descriptor '/home/ubuntu/ROS/Bot/ros2-robots/install/my_robot_description/share/my_robot_description/hook/cmake_prefix_path.dsv'
[0.636s] INFO:colcon.colcon_core.shell:Creating environment hook '/home/ubuntu/ROS/Bot/ros2-robots/install/my_robot_description/share/my_robot_description/hook/cmake_prefix_path.sh'
[0.636s] Level 1:colcon.colcon_core.environment:checking '/home/ubuntu/ROS/Bot/ros2-robots/install/my_robot_description/bin'
[0.636s] Level 1:colcon.colcon_core.environment:checking '/home/ubuntu/ROS/Bot/ros2-robots/install/my_robot_description/lib/pkgconfig/my_robot_description.pc'
[0.636s] Level 1:colcon.colcon_core.environment:checking '/home/ubuntu/ROS/Bot/ros2-robots/install/my_robot_description/lib/python3.10/site-packages'
[0.636s] Level 1:colcon.colcon_core.environment:checking '/home/ubuntu/ROS/Bot/ros2-robots/install/my_robot_description/bin'
[0.637s] INFO:colcon.colcon_core.shell:Creating package script '/home/ubuntu/ROS/Bot/ros2-robots/install/my_robot_description/share/my_robot_description/package.ps1'
[0.637s] INFO:colcon.colcon_core.shell:Creating package descriptor '/home/ubuntu/ROS/Bot/ros2-robots/install/my_robot_description/share/my_robot_description/package.dsv'
[0.637s] INFO:colcon.colcon_core.shell:Creating package script '/home/ubuntu/ROS/Bot/ros2-robots/install/my_robot_description/share/my_robot_description/package.sh'
[0.637s] INFO:colcon.colcon_core.shell:Creating package script '/home/ubuntu/ROS/Bot/ros2-robots/install/my_robot_description/share/my_robot_description/package.bash'
[0.637s] INFO:colcon.colcon_core.shell:Creating package script '/home/ubuntu/ROS/Bot/ros2-robots/install/my_robot_description/share/my_robot_description/package.zsh'
[0.637s] Level 1:colcon.colcon_core.environment:create_file_with_runtime_dependencies(/home/ubuntu/ROS/Bot/ros2-robots/install/my_robot_description/share/colcon-core/packages/my_robot_description)
[0.648s] DEBUG:colcon.colcon_core.event_handler.log_command:Invoked command in '/home/ubuntu/ROS/Bot/ros2-robots/build/ign_ros2_control' returned '0': CMAKE_PREFIX_PATH=/home/ubuntu/ROS/Bot/ros2-robots/install/gz_ros2_control:/home/ubuntu/ROS/Bot/ros2-robots/install/my_robot_description:/home/ubuntu/ROS/Bot/ros2-robots/install/ign_ros2_control_demos:/home/ubuntu/ROS/Bot/ros2-robots/install/ign_ros2_control:/home/ubuntu/ROS/Bot/ros2-robots/install/gz_ros2_control_tests:/home/ubuntu/ROS/Bot/ros2-robots/install/gz_ros2_control_demos:/opt/ros/humble /usr/bin/cmake /home/ubuntu/ROS/Bot/ros2-robots/src/gz_ros2_control/ign_ros2_control -DCMAKE_INSTALL_PREFIX=/home/ubuntu/ROS/Bot/ros2-robots/install/ign_ros2_control
[0.649s] DEBUG:colcon.colcon_core.event_handler.log_command:Invoking command in '/home/ubuntu/ROS/Bot/ros2-robots/build/ign_ros2_control': CMAKE_PREFIX_PATH=/home/ubuntu/ROS/Bot/ros2-robots/install/gz_ros2_control:/home/ubuntu/ROS/Bot/ros2-robots/install/my_robot_description:/home/ubuntu/ROS/Bot/ros2-robots/install/ign_ros2_control_demos:/home/ubuntu/ROS/Bot/ros2-robots/install/ign_ros2_control:/home/ubuntu/ROS/Bot/ros2-robots/install/gz_ros2_control_tests:/home/ubuntu/ROS/Bot/ros2-robots/install/gz_ros2_control_demos:/opt/ros/humble /usr/bin/cmake --build /home/ubuntu/ROS/Bot/ros2-robots/build/ign_ros2_control -- -j11 -l11
[0.665s] DEBUG:colcon.colcon_core.event_handler.log_command:Invoked command in '/home/ubuntu/ROS/Bot/ros2-robots/build/ign_ros2_control' returned '0': CMAKE_PREFIX_PATH=/home/ubuntu/ROS/Bot/ros2-robots/install/gz_ros2_control:/home/ubuntu/ROS/Bot/ros2-robots/install/my_robot_description:/home/ubuntu/ROS/Bot/ros2-robots/install/ign_ros2_control_demos:/home/ubuntu/ROS/Bot/ros2-robots/install/ign_ros2_control:/home/ubuntu/ROS/Bot/ros2-robots/install/gz_ros2_control_tests:/home/ubuntu/ROS/Bot/ros2-robots/install/gz_ros2_control_demos:/opt/ros/humble /usr/bin/cmake --build /home/ubuntu/ROS/Bot/ros2-robots/build/ign_ros2_control -- -j11 -l11
[0.665s] DEBUG:colcon.colcon_core.event_handler.log_command:Invoking command in '/home/ubuntu/ROS/Bot/ros2-robots/build/ign_ros2_control': CMAKE_PREFIX_PATH=/home/ubuntu/ROS/Bot/ros2-robots/install/gz_ros2_control:/home/ubuntu/ROS/Bot/ros2-robots/install/my_robot_description:/home/ubuntu/ROS/Bot/ros2-robots/install/ign_ros2_control_demos:/home/ubuntu/ROS/Bot/ros2-robots/install/ign_ros2_control:/home/ubuntu/ROS/Bot/ros2-robots/install/gz_ros2_control_tests:/home/ubuntu/ROS/Bot/ros2-robots/install/gz_ros2_control_demos:/opt/ros/humble /usr/bin/cmake --install /home/ubuntu/ROS/Bot/ros2-robots/build/ign_ros2_control
[0.672s] Level 1:colcon.colcon_core.environment:create_environment_scripts_only(ign_ros2_control)
[0.672s] Level 1:colcon.colcon_core.environment:checking '/home/ubuntu/ROS/Bot/ros2-robots/install/ign_ros2_control' for CMake module files
[0.672s] DEBUG:colcon.colcon_core.event_handler.log_command:Invoked command in '/home/ubuntu/ROS/Bot/ros2-robots/build/ign_ros2_control' returned '0': CMAKE_PREFIX_PATH=/home/ubuntu/ROS/Bot/ros2-robots/install/gz_ros2_control:/home/ubuntu/ROS/Bot/ros2-robots/install/my_robot_description:/home/ubuntu/ROS/Bot/ros2-robots/install/ign_ros2_control_demos:/home/ubuntu/ROS/Bot/ros2-robots/install/ign_ros2_control:/home/ubuntu/ROS/Bot/ros2-robots/install/gz_ros2_control_tests:/home/ubuntu/ROS/Bot/ros2-robots/install/gz_ros2_control_demos:/opt/ros/humble /usr/bin/cmake --install /home/ubuntu/ROS/Bot/ros2-robots/build/ign_ros2_control
[0.673s] Level 1:colcon.colcon_core.environment:checking '/home/ubuntu/ROS/Bot/ros2-robots/install/ign_ros2_control' for CMake config files
[0.673s] Level 1:colcon.colcon_core.shell:create_environment_hook('ign_ros2_control', 'cmake_prefix_path')
[0.673s] INFO:colcon.colcon_core.shell:Creating environment hook '/home/ubuntu/ROS/Bot/ros2-robots/install/ign_ros2_control/share/ign_ros2_control/hook/cmake_prefix_path.ps1'
[0.673s] INFO:colcon.colcon_core.shell:Creating environment descriptor '/home/ubuntu/ROS/Bot/ros2-robots/install/ign_ros2_control/share/ign_ros2_control/hook/cmake_prefix_path.dsv'
[0.673s] INFO:colcon.colcon_core.shell:Creating environment hook '/home/ubuntu/ROS/Bot/ros2-robots/install/ign_ros2_control/share/ign_ros2_control/hook/cmake_prefix_path.sh'
[0.673s] Level 1:colcon.colcon_core.environment:checking '/home/ubuntu/ROS/Bot/ros2-robots/install/ign_ros2_control/bin'
[0.673s] Level 1:colcon.colcon_core.environment:checking '/home/ubuntu/ROS/Bot/ros2-robots/install/ign_ros2_control/lib/pkgconfig/ign_ros2_control.pc'
[0.673s] Level 1:colcon.colcon_core.environment:checking '/home/ubuntu/ROS/Bot/ros2-robots/install/ign_ros2_control/lib/python3.10/site-packages'
[0.674s] Level 1:colcon.colcon_core.environment:checking '/home/ubuntu/ROS/Bot/ros2-robots/install/ign_ros2_control/bin'
[0.674s] INFO:colcon.colcon_core.shell:Creating package script '/home/ubuntu/ROS/Bot/ros2-robots/install/ign_ros2_control/share/ign_ros2_control/package.ps1'
[0.674s] INFO:colcon.colcon_core.shell:Creating package descriptor '/home/ubuntu/ROS/Bot/ros2-robots/install/ign_ros2_control/share/ign_ros2_control/package.dsv'
[0.674s] INFO:colcon.colcon_core.shell:Creating package script '/home/ubuntu/ROS/Bot/ros2-robots/install/ign_ros2_control/share/ign_ros2_control/package.sh'
[0.674s] INFO:colcon.colcon_core.shell:Creating package script '/home/ubuntu/ROS/Bot/ros2-robots/install/ign_ros2_control/share/ign_ros2_control/package.bash'
[0.674s] INFO:colcon.colcon_core.shell:Creating package script '/home/ubuntu/ROS/Bot/ros2-robots/install/ign_ros2_control/share/ign_ros2_control/package.zsh'
[0.675s] Level 1:colcon.colcon_core.environment:create_file_with_runtime_dependencies(/home/ubuntu/ROS/Bot/ros2-robots/install/ign_ros2_control/share/colcon-core/packages/ign_ros2_control)
[0.675s] Level 1:colcon.colcon_core.environment:create_environment_scripts_only(ign_ros2_control)
[0.675s] Level 1:colcon.colcon_core.environment:checking '/home/ubuntu/ROS/Bot/ros2-robots/install/ign_ros2_control' for CMake module files
[0.675s] Level 1:colcon.colcon_core.environment:checking '/home/ubuntu/ROS/Bot/ros2-robots/install/ign_ros2_control' for CMake config files
[0.675s] Level 1:colcon.colcon_core.shell:create_environment_hook('ign_ros2_control', 'cmake_prefix_path')
[0.675s] INFO:colcon.colcon_core.shell:Creating environment hook '/home/ubuntu/ROS/Bot/ros2-robots/install/ign_ros2_control/share/ign_ros2_control/hook/cmake_prefix_path.ps1'
[0.675s] INFO:colcon.colcon_core.shell:Creating environment descriptor '/home/ubuntu/ROS/Bot/ros2-robots/install/ign_ros2_control/share/ign_ros2_control/hook/cmake_prefix_path.dsv'
[0.676s] INFO:colcon.colcon_core.shell:Creating environment hook '/home/ubuntu/ROS/Bot/ros2-robots/install/ign_ros2_control/share/ign_ros2_control/hook/cmake_prefix_path.sh'
[0.676s] Level 1:colcon.colcon_core.environment:checking '/home/ubuntu/ROS/Bot/ros2-robots/install/ign_ros2_control/bin'
[0.676s] Level 1:colcon.colcon_core.environment:checking '/home/ubuntu/ROS/Bot/ros2-robots/install/ign_ros2_control/lib/pkgconfig/ign_ros2_control.pc'
[0.676s] Level 1:colcon.colcon_core.environment:checking '/home/ubuntu/ROS/Bot/ros2-robots/install/ign_ros2_control/lib/python3.10/site-packages'
[0.676s] Level 1:colcon.colcon_core.environment:checking '/home/ubuntu/ROS/Bot/ros2-robots/install/ign_ros2_control/bin'
[0.676s] INFO:colcon.colcon_core.shell:Creating package script '/home/ubuntu/ROS/Bot/ros2-robots/install/ign_ros2_control/share/ign_ros2_control/package.ps1'
[0.676s] INFO:colcon.colcon_core.shell:Creating package descriptor '/home/ubuntu/ROS/Bot/ros2-robots/install/ign_ros2_control/share/ign_ros2_control/package.dsv'
[0.676s] INFO:colcon.colcon_core.shell:Creating package script '/home/ubuntu/ROS/Bot/ros2-robots/install/ign_ros2_control/share/ign_ros2_control/package.sh'
[0.677s] INFO:colcon.colcon_core.shell:Creating package script '/home/ubuntu/ROS/Bot/ros2-robots/install/ign_ros2_control/share/ign_ros2_control/package.bash'
[0.677s] INFO:colcon.colcon_core.shell:Creating package script '/home/ubuntu/ROS/Bot/ros2-robots/install/ign_ros2_control/share/ign_ros2_control/package.zsh'
[0.677s] Level 1:colcon.colcon_core.environment:create_file_with_runtime_dependencies(/home/ubuntu/ROS/Bot/ros2-robots/install/ign_ros2_control/share/colcon-core/packages/ign_ros2_control)
[0.977s] DEBUG:colcon.colcon_core.event_handler.log_command:Invoked command in '/home/ubuntu/ROS/Bot/ros2-robots/build/gz_ros2_control_demos' returned '0': CMAKE_PREFIX_PATH=/home/ubuntu/ROS/Bot/ros2-robots/install/gz_ros2_control:/home/ubuntu/ROS/Bot/ros2-robots/install/my_robot_description:/home/ubuntu/ROS/Bot/ros2-robots/install/ign_ros2_control_demos:/home/ubuntu/ROS/Bot/ros2-robots/install/ign_ros2_control:/home/ubuntu/ROS/Bot/ros2-robots/install/gz_ros2_control_tests:/home/ubuntu/ROS/Bot/ros2-robots/install/gz_ros2_control_demos:/opt/ros/humble /usr/bin/cmake /home/ubuntu/ROS/Bot/ros2-robots/src/gz_ros2_control/gz_ros2_control_demos -DCMAKE_INSTALL_PREFIX=/home/ubuntu/ROS/Bot/ros2-robots/install/gz_ros2_control_demos
[0.978s] DEBUG:colcon.colcon_core.event_handler.log_command:Invoking command in '/home/ubuntu/ROS/Bot/ros2-robots/build/gz_ros2_control_demos': CMAKE_PREFIX_PATH=/home/ubuntu/ROS/Bot/ros2-robots/install/gz_ros2_control:/home/ubuntu/ROS/Bot/ros2-robots/install/my_robot_description:/home/ubuntu/ROS/Bot/ros2-robots/install/ign_ros2_control_demos:/home/ubuntu/ROS/Bot/ros2-robots/install/ign_ros2_control:/home/ubuntu/ROS/Bot/ros2-robots/install/gz_ros2_control_tests:/home/ubuntu/ROS/Bot/ros2-robots/install/gz_ros2_control_demos:/opt/ros/humble /usr/bin/cmake --build /home/ubuntu/ROS/Bot/ros2-robots/build/gz_ros2_control_demos -- -j11 -l11
[4.768s] DEBUG:colcon.colcon_core.event_handler.log_command:Invoked command in '/home/ubuntu/ROS/Bot/ros2-robots/build/gz_ros2_control_demos' returned '0': CMAKE_PREFIX_PATH=/home/ubuntu/ROS/Bot/ros2-robots/install/gz_ros2_control:/home/ubuntu/ROS/Bot/ros2-robots/install/my_robot_description:/home/ubuntu/ROS/Bot/ros2-robots/install/ign_ros2_control_demos:/home/ubuntu/ROS/Bot/ros2-robots/install/ign_ros2_control:/home/ubuntu/ROS/Bot/ros2-robots/install/gz_ros2_control_tests:/home/ubuntu/ROS/Bot/ros2-robots/install/gz_ros2_control_demos:/opt/ros/humble /usr/bin/cmake --build /home/ubuntu/ROS/Bot/ros2-robots/build/gz_ros2_control_demos -- -j11 -l11
[4.779s] DEBUG:colcon.colcon_core.event_handler.log_command:Invoking command in '/home/ubuntu/ROS/Bot/ros2-robots/build/gz_ros2_control_demos': CMAKE_PREFIX_PATH=/home/ubuntu/ROS/Bot/ros2-robots/install/gz_ros2_control:/home/ubuntu/ROS/Bot/ros2-robots/install/my_robot_description:/home/ubuntu/ROS/Bot/ros2-robots/install/ign_ros2_control_demos:/home/ubuntu/ROS/Bot/ros2-robots/install/ign_ros2_control:/home/ubuntu/ROS/Bot/ros2-robots/install/gz_ros2_control_tests:/home/ubuntu/ROS/Bot/ros2-robots/install/gz_ros2_control_demos:/opt/ros/humble /usr/bin/cmake --install /home/ubuntu/ROS/Bot/ros2-robots/build/gz_ros2_control_demos
[4.801s] Level 1:colcon.colcon_core.environment:create_environment_scripts_only(gz_ros2_control_demos)
[4.802s] Level 1:colcon.colcon_core.environment:checking '/home/ubuntu/ROS/Bot/ros2-robots/install/gz_ros2_control_demos' for CMake module files
[4.802s] DEBUG:colcon.colcon_core.event_handler.log_command:Invoked command in '/home/ubuntu/ROS/Bot/ros2-robots/build/gz_ros2_control_demos' returned '0': CMAKE_PREFIX_PATH=/home/ubuntu/ROS/Bot/ros2-robots/install/gz_ros2_control:/home/ubuntu/ROS/Bot/ros2-robots/install/my_robot_description:/home/ubuntu/ROS/Bot/ros2-robots/install/ign_ros2_control_demos:/home/ubuntu/ROS/Bot/ros2-robots/install/ign_ros2_control:/home/ubuntu/ROS/Bot/ros2-robots/install/gz_ros2_control_tests:/home/ubuntu/ROS/Bot/ros2-robots/install/gz_ros2_control_demos:/opt/ros/humble /usr/bin/cmake --install /home/ubuntu/ROS/Bot/ros2-robots/build/gz_ros2_control_demos
[4.802s] Level 1:colcon.colcon_core.environment:checking '/home/ubuntu/ROS/Bot/ros2-robots/install/gz_ros2_control_demos' for CMake config files
[4.802s] Level 1:colcon.colcon_core.shell:create_environment_hook('gz_ros2_control_demos', 'cmake_prefix_path')
[4.802s] INFO:colcon.colcon_core.shell:Creating environment hook '/home/ubuntu/ROS/Bot/ros2-robots/install/gz_ros2_control_demos/share/gz_ros2_control_demos/hook/cmake_prefix_path.ps1'
[4.803s] INFO:colcon.colcon_core.shell:Creating environment descriptor '/home/ubuntu/ROS/Bot/ros2-robots/install/gz_ros2_control_demos/share/gz_ros2_control_demos/hook/cmake_prefix_path.dsv'
[4.804s] INFO:colcon.colcon_core.shell:Creating environment hook '/home/ubuntu/ROS/Bot/ros2-robots/install/gz_ros2_control_demos/share/gz_ros2_control_demos/hook/cmake_prefix_path.sh'
[4.804s] Level 1:colcon.colcon_core.environment:checking '/home/ubuntu/ROS/Bot/ros2-robots/install/gz_ros2_control_demos/lib'
[4.804s] Level 1:colcon.colcon_core.environment:checking '/home/ubuntu/ROS/Bot/ros2-robots/install/gz_ros2_control_demos/bin'
[4.804s] Level 1:colcon.colcon_core.environment:checking '/home/ubuntu/ROS/Bot/ros2-robots/install/gz_ros2_control_demos/lib/pkgconfig/gz_ros2_control_demos.pc'
[4.804s] Level 1:colcon.colcon_core.environment:checking '/home/ubuntu/ROS/Bot/ros2-robots/install/gz_ros2_control_demos/lib/python3.10/site-packages'
[4.804s] Level 1:colcon.colcon_core.environment:checking '/home/ubuntu/ROS/Bot/ros2-robots/install/gz_ros2_control_demos/bin'
[4.805s] INFO:colcon.colcon_core.shell:Creating package script '/home/ubuntu/ROS/Bot/ros2-robots/install/gz_ros2_control_demos/share/gz_ros2_control_demos/package.ps1'
[4.805s] INFO:colcon.colcon_core.shell:Creating package descriptor '/home/ubuntu/ROS/Bot/ros2-robots/install/gz_ros2_control_demos/share/gz_ros2_control_demos/package.dsv'
[4.805s] INFO:colcon.colcon_core.shell:Creating package script '/home/ubuntu/ROS/Bot/ros2-robots/install/gz_ros2_control_demos/share/gz_ros2_control_demos/package.sh'
[4.805s] INFO:colcon.colcon_core.shell:Creating package script '/home/ubuntu/ROS/Bot/ros2-robots/install/gz_ros2_control_demos/share/gz_ros2_control_demos/package.bash'
[4.806s] INFO:colcon.colcon_core.shell:Creating package script '/home/ubuntu/ROS/Bot/ros2-robots/install/gz_ros2_control_demos/share/gz_ros2_control_demos/package.zsh'
[4.806s] Level 1:colcon.colcon_core.environment:create_file_with_runtime_dependencies(/home/ubuntu/ROS/Bot/ros2-robots/install/gz_ros2_control_demos/share/colcon-core/packages/gz_ros2_control_demos)
[4.807s] Level 1:colcon.colcon_core.environment:create_environment_scripts_only(gz_ros2_control_demos)
[4.807s] Level 1:colcon.colcon_core.environment:checking '/home/ubuntu/ROS/Bot/ros2-robots/install/gz_ros2_control_demos' for CMake module files
[4.807s] Level 1:colcon.colcon_core.environment:checking '/home/ubuntu/ROS/Bot/ros2-robots/install/gz_ros2_control_demos' for CMake config files
[4.807s] Level 1:colcon.colcon_core.shell:create_environment_hook('gz_ros2_control_demos', 'cmake_prefix_path')
[4.807s] INFO:colcon.colcon_core.shell:Creating environment hook '/home/ubuntu/ROS/Bot/ros2-robots/install/gz_ros2_control_demos/share/gz_ros2_control_demos/hook/cmake_prefix_path.ps1'
[4.807s] INFO:colcon.colcon_core.shell:Creating environment descriptor '/home/ubuntu/ROS/Bot/ros2-robots/install/gz_ros2_control_demos/share/gz_ros2_control_demos/hook/cmake_prefix_path.dsv'
[4.807s] INFO:colcon.colcon_core.shell:Creating environment hook '/home/ubuntu/ROS/Bot/ros2-robots/install/gz_ros2_control_demos/share/gz_ros2_control_demos/hook/cmake_prefix_path.sh'
[4.808s] Level 1:colcon.colcon_core.environment:checking '/home/ubuntu/ROS/Bot/ros2-robots/install/gz_ros2_control_demos/lib'
[4.808s] Level 1:colcon.colcon_core.environment:checking '/home/ubuntu/ROS/Bot/ros2-robots/install/gz_ros2_control_demos/bin'
[4.808s] Level 1:colcon.colcon_core.environment:checking '/home/ubuntu/ROS/Bot/ros2-robots/install/gz_ros2_control_demos/lib/pkgconfig/gz_ros2_control_demos.pc'
[4.808s] Level 1:colcon.colcon_core.environment:checking '/home/ubuntu/ROS/Bot/ros2-robots/install/gz_ros2_control_demos/lib/python3.10/site-packages'
[4.808s] Level 1:colcon.colcon_core.environment:checking '/home/ubuntu/ROS/Bot/ros2-robots/install/gz_ros2_control_demos/bin'
[4.808s] INFO:colcon.colcon_core.shell:Creating package script '/home/ubuntu/ROS/Bot/ros2-robots/install/gz_ros2_control_demos/share/gz_ros2_control_demos/package.ps1'
[4.808s] INFO:colcon.colcon_core.shell:Creating package descriptor '/home/ubuntu/ROS/Bot/ros2-robots/install/gz_ros2_control_demos/share/gz_ros2_control_demos/package.dsv'
[4.809s] INFO:colcon.colcon_core.shell:Creating package script '/home/ubuntu/ROS/Bot/ros2-robots/install/gz_ros2_control_demos/share/gz_ros2_control_demos/package.sh'
[4.809s] INFO:colcon.colcon_core.shell:Creating package script '/home/ubuntu/ROS/Bot/ros2-robots/install/gz_ros2_control_demos/share/gz_ros2_control_demos/package.bash'
[4.809s] INFO:colcon.colcon_core.shell:Creating package script '/home/ubuntu/ROS/Bot/ros2-robots/install/gz_ros2_control_demos/share/gz_ros2_control_demos/package.zsh'
[4.809s] Level 1:colcon.colcon_core.environment:create_file_with_runtime_dependencies(/home/ubuntu/ROS/Bot/ros2-robots/install/gz_ros2_control_demos/share/colcon-core/packages/gz_ros2_control_demos)
[4.809s] INFO:colcon.colcon_ros.task.ament_cmake.build:Building ROS package in '/home/ubuntu/ROS/Bot/ros2-robots/src/gz_ros2_control/ign_ros2_control_demos' with build type 'ament_cmake'
[4.809s] INFO:colcon.colcon_cmake.task.cmake.build:Building CMake package in '/home/ubuntu/ROS/Bot/ros2-robots/src/gz_ros2_control/ign_ros2_control_demos'
[4.810s] INFO:colcon.colcon_core.shell:Skip shell extension 'powershell' for command environment: Not usable outside of PowerShell
[4.810s] DEBUG:colcon.colcon_core.shell:Skip shell extension 'dsv' for command environment
[4.816s] DEBUG:colcon.colcon_core.event_handler.log_command:Invoking command in '/home/ubuntu/ROS/Bot/ros2-robots/build/ign_ros2_control_demos': CMAKE_PREFIX_PATH=/home/ubuntu/ROS/Bot/ros2-robots/install/gz_ros2_control_demos:/home/ubuntu/ROS/Bot/ros2-robots/install/gz_ros2_control:/home/ubuntu/ROS/Bot/ros2-robots/install/my_robot_description:/home/ubuntu/ROS/Bot/ros2-robots/install/ign_ros2_control_demos:/home/ubuntu/ROS/Bot/ros2-robots/install/ign_ros2_control:/home/ubuntu/ROS/Bot/ros2-robots/install/gz_ros2_control_tests:/opt/ros/humble /usr/bin/cmake /home/ubuntu/ROS/Bot/ros2-robots/src/gz_ros2_control/ign_ros2_control_demos -DCMAKE_INSTALL_PREFIX=/home/ubuntu/ROS/Bot/ros2-robots/install/ign_ros2_control_demos
[5.126s] DEBUG:colcon.colcon_core.event_handler.log_command:Invoked command in '/home/ubuntu/ROS/Bot/ros2-robots/build/ign_ros2_control_demos' returned '0': CMAKE_PREFIX_PATH=/home/ubuntu/ROS/Bot/ros2-robots/install/gz_ros2_control_demos:/home/ubuntu/ROS/Bot/ros2-robots/install/gz_ros2_control:/home/ubuntu/ROS/Bot/ros2-robots/install/my_robot_description:/home/ubuntu/ROS/Bot/ros2-robots/install/ign_ros2_control_demos:/home/ubuntu/ROS/Bot/ros2-robots/install/ign_ros2_control:/home/ubuntu/ROS/Bot/ros2-robots/install/gz_ros2_control_tests:/opt/ros/humble /usr/bin/cmake /home/ubuntu/ROS/Bot/ros2-robots/src/gz_ros2_control/ign_ros2_control_demos -DCMAKE_INSTALL_PREFIX=/home/ubuntu/ROS/Bot/ros2-robots/install/ign_ros2_control_demos
[5.126s] DEBUG:colcon.colcon_core.event_handler.log_command:Invoking command in '/home/ubuntu/ROS/Bot/ros2-robots/build/ign_ros2_control_demos': CMAKE_PREFIX_PATH=/home/ubuntu/ROS/Bot/ros2-robots/install/gz_ros2_control_demos:/home/ubuntu/ROS/Bot/ros2-robots/install/gz_ros2_control:/home/ubuntu/ROS/Bot/ros2-robots/install/my_robot_description:/home/ubuntu/ROS/Bot/ros2-robots/install/ign_ros2_control_demos:/home/ubuntu/ROS/Bot/ros2-robots/install/ign_ros2_control:/home/ubuntu/ROS/Bot/ros2-robots/install/gz_ros2_control_tests:/opt/ros/humble /usr/bin/cmake --build /home/ubuntu/ROS/Bot/ros2-robots/build/ign_ros2_control_demos -- -j11 -l11
[5.365s] DEBUG:colcon.colcon_core.event_handler.log_command:Invoked command in '/home/ubuntu/ROS/Bot/ros2-robots/build/ign_ros2_control_demos' returned '0': CMAKE_PREFIX_PATH=/home/ubuntu/ROS/Bot/ros2-robots/install/gz_ros2_control_demos:/home/ubuntu/ROS/Bot/ros2-robots/install/gz_ros2_control:/home/ubuntu/ROS/Bot/ros2-robots/install/my_robot_description:/home/ubuntu/ROS/Bot/ros2-robots/install/ign_ros2_control_demos:/home/ubuntu/ROS/Bot/ros2-robots/install/ign_ros2_control:/home/ubuntu/ROS/Bot/ros2-robots/install/gz_ros2_control_tests:/opt/ros/humble /usr/bin/cmake --build /home/ubuntu/ROS/Bot/ros2-robots/build/ign_ros2_control_demos -- -j11 -l11
[5.366s] DEBUG:colcon.colcon_core.event_handler.log_command:Invoking command in '/home/ubuntu/ROS/Bot/ros2-robots/build/ign_ros2_control_demos': CMAKE_PREFIX_PATH=/home/ubuntu/ROS/Bot/ros2-robots/install/gz_ros2_control_demos:/home/ubuntu/ROS/Bot/ros2-robots/install/gz_ros2_control:/home/ubuntu/ROS/Bot/ros2-robots/install/my_robot_description:/home/ubuntu/ROS/Bot/ros2-robots/install/ign_ros2_control_demos:/home/ubuntu/ROS/Bot/ros2-robots/install/ign_ros2_control:/home/ubuntu/ROS/Bot/ros2-robots/install/gz_ros2_control_tests:/opt/ros/humble /usr/bin/cmake --install /home/ubuntu/ROS/Bot/ros2-robots/build/ign_ros2_control_demos
[5.374s] Level 1:colcon.colcon_core.environment:create_environment_scripts_only(ign_ros2_control_demos)
[5.374s] Level 1:colcon.colcon_core.environment:checking '/home/ubuntu/ROS/Bot/ros2-robots/install/ign_ros2_control_demos' for CMake module files
[5.374s] DEBUG:colcon.colcon_core.event_handler.log_command:Invoked command in '/home/ubuntu/ROS/Bot/ros2-robots/build/ign_ros2_control_demos' returned '0': CMAKE_PREFIX_PATH=/home/ubuntu/ROS/Bot/ros2-robots/install/gz_ros2_control_demos:/home/ubuntu/ROS/Bot/ros2-robots/install/gz_ros2_control:/home/ubuntu/ROS/Bot/ros2-robots/install/my_robot_description:/home/ubuntu/ROS/Bot/ros2-robots/install/ign_ros2_control_demos:/home/ubuntu/ROS/Bot/ros2-robots/install/ign_ros2_control:/home/ubuntu/ROS/Bot/ros2-robots/install/gz_ros2_control_tests:/opt/ros/humble /usr/bin/cmake --install /home/ubuntu/ROS/Bot/ros2-robots/build/ign_ros2_control_demos
[5.375s] Level 1:colcon.colcon_core.environment:checking '/home/ubuntu/ROS/Bot/ros2-robots/install/ign_ros2_control_demos' for CMake config files
[5.375s] Level 1:colcon.colcon_core.shell:create_environment_hook('ign_ros2_control_demos', 'cmake_prefix_path')
[5.375s] INFO:colcon.colcon_core.shell:Creating environment hook '/home/ubuntu/ROS/Bot/ros2-robots/install/ign_ros2_control_demos/share/ign_ros2_control_demos/hook/cmake_prefix_path.ps1'
[5.375s] INFO:colcon.colcon_core.shell:Creating environment descriptor '/home/ubuntu/ROS/Bot/ros2-robots/install/ign_ros2_control_demos/share/ign_ros2_control_demos/hook/cmake_prefix_path.dsv'
[5.376s] INFO:colcon.colcon_core.shell:Creating environment hook '/home/ubuntu/ROS/Bot/ros2-robots/install/ign_ros2_control_demos/share/ign_ros2_control_demos/hook/cmake_prefix_path.sh'
[5.376s] Level 1:colcon.colcon_core.environment:checking '/home/ubuntu/ROS/Bot/ros2-robots/install/ign_ros2_control_demos/lib'
[5.376s] Level 1:colcon.colcon_core.environment:checking '/home/ubuntu/ROS/Bot/ros2-robots/install/ign_ros2_control_demos/bin'
[5.376s] Level 1:colcon.colcon_core.environment:checking '/home/ubuntu/ROS/Bot/ros2-robots/install/ign_ros2_control_demos/lib/pkgconfig/ign_ros2_control_demos.pc'
[5.376s] Level 1:colcon.colcon_core.environment:checking '/home/ubuntu/ROS/Bot/ros2-robots/install/ign_ros2_control_demos/lib/python3.10/site-packages'
[5.376s] Level 1:colcon.colcon_core.environment:checking '/home/ubuntu/ROS/Bot/ros2-robots/install/ign_ros2_control_demos/bin'
[5.376s] INFO:colcon.colcon_core.shell:Creating package script '/home/ubuntu/ROS/Bot/ros2-robots/install/ign_ros2_control_demos/share/ign_ros2_control_demos/package.ps1'
[5.377s] INFO:colcon.colcon_core.shell:Creating package descriptor '/home/ubuntu/ROS/Bot/ros2-robots/install/ign_ros2_control_demos/share/ign_ros2_control_demos/package.dsv'
[5.377s] INFO:colcon.colcon_core.shell:Creating package script '/home/ubuntu/ROS/Bot/ros2-robots/install/ign_ros2_control_demos/share/ign_ros2_control_demos/package.sh'
[5.377s] INFO:colcon.colcon_core.shell:Creating package script '/home/ubuntu/ROS/Bot/ros2-robots/install/ign_ros2_control_demos/share/ign_ros2_control_demos/package.bash'
[5.377s] INFO:colcon.colcon_core.shell:Creating package script '/home/ubuntu/ROS/Bot/ros2-robots/install/ign_ros2_control_demos/share/ign_ros2_control_demos/package.zsh'
[5.377s] Level 1:colcon.colcon_core.environment:create_file_with_runtime_dependencies(/home/ubuntu/ROS/Bot/ros2-robots/install/ign_ros2_control_demos/share/colcon-core/packages/ign_ros2_control_demos)
[5.377s] Level 1:colcon.colcon_core.environment:create_environment_scripts_only(ign_ros2_control_demos)
[5.378s] Level 1:colcon.colcon_core.environment:checking '/home/ubuntu/ROS/Bot/ros2-robots/install/ign_ros2_control_demos' for CMake module files
[5.378s] Level 1:colcon.colcon_core.environment:checking '/home/ubuntu/ROS/Bot/ros2-robots/install/ign_ros2_control_demos' for CMake config files
[5.378s] Level 1:colcon.colcon_core.shell:create_environment_hook('ign_ros2_control_demos', 'cmake_prefix_path')
[5.378s] INFO:colcon.colcon_core.shell:Creating environment hook '/home/ubuntu/ROS/Bot/ros2-robots/install/ign_ros2_control_demos/share/ign_ros2_control_demos/hook/cmake_prefix_path.ps1'
[5.378s] INFO:colcon.colcon_core.shell:Creating environment descriptor '/home/ubuntu/ROS/Bot/ros2-robots/install/ign_ros2_control_demos/share/ign_ros2_control_demos/hook/cmake_prefix_path.dsv'
[5.378s] INFO:colcon.colcon_core.shell:Creating environment hook '/home/ubuntu/ROS/Bot/ros2-robots/install/ign_ros2_control_demos/share/ign_ros2_control_demos/hook/cmake_prefix_path.sh'
[5.378s] Level 1:colcon.colcon_core.environment:checking '/home/ubuntu/ROS/Bot/ros2-robots/install/ign_ros2_control_demos/lib'
[5.378s] Level 1:colcon.colcon_core.environment:checking '/home/ubuntu/ROS/Bot/ros2-robots/install/ign_ros2_control_demos/bin'
[5.378s] Level 1:colcon.colcon_core.environment:checking '/home/ubuntu/ROS/Bot/ros2-robots/install/ign_ros2_control_demos/lib/pkgconfig/ign_ros2_control_demos.pc'
[5.379s] Level 1:colcon.colcon_core.environment:checking '/home/ubuntu/ROS/Bot/ros2-robots/install/ign_ros2_control_demos/lib/python3.10/site-packages'
[5.379s] Level 1:colcon.colcon_core.environment:checking '/home/ubuntu/ROS/Bot/ros2-robots/install/ign_ros2_control_demos/bin'
[5.379s] INFO:colcon.colcon_core.shell:Creating package script '/home/ubuntu/ROS/Bot/ros2-robots/install/ign_ros2_control_demos/share/ign_ros2_control_demos/package.ps1'
[5.379s] INFO:colcon.colcon_core.shell:Creating package descriptor '/home/ubuntu/ROS/Bot/ros2-robots/install/ign_ros2_control_demos/share/ign_ros2_control_demos/package.dsv'
[5.379s] INFO:colcon.colcon_core.shell:Creating package script '/home/ubuntu/ROS/Bot/ros2-robots/install/ign_ros2_control_demos/share/ign_ros2_control_demos/package.sh'
[5.379s] INFO:colcon.colcon_core.shell:Creating package script '/home/ubuntu/ROS/Bot/ros2-robots/install/ign_ros2_control_demos/share/ign_ros2_control_demos/package.bash'
[5.379s] INFO:colcon.colcon_core.shell:Creating package script '/home/ubuntu/ROS/Bot/ros2-robots/install/ign_ros2_control_demos/share/ign_ros2_control_demos/package.zsh'
[5.379s] Level 1:colcon.colcon_core.environment:create_file_with_runtime_dependencies(/home/ubuntu/ROS/Bot/ros2-robots/install/ign_ros2_control_demos/share/colcon-core/packages/ign_ros2_control_demos)
[5.380s] INFO:colcon.colcon_ros.task.ament_cmake.build:Building ROS package in '/home/ubuntu/ROS/Bot/ros2-robots/src/gz_ros2_control/gz_ros2_control_tests' with build type 'ament_cmake'
[5.380s] INFO:colcon.colcon_cmake.task.cmake.build:Building CMake package in '/home/ubuntu/ROS/Bot/ros2-robots/src/gz_ros2_control/gz_ros2_control_tests'
[5.380s] INFO:colcon.colcon_core.shell:Skip shell extension 'powershell' for command environment: Not usable outside of PowerShell
[5.380s] DEBUG:colcon.colcon_core.shell:Skip shell extension 'dsv' for command environment
[5.385s] DEBUG:colcon.colcon_core.event_handler.log_command:Invoking command in '/home/ubuntu/ROS/Bot/ros2-robots/build/gz_ros2_control_tests': CMAKE_PREFIX_PATH=/home/ubuntu/ROS/Bot/ros2-robots/install/ign_ros2_control_demos:/home/ubuntu/ROS/Bot/ros2-robots/install/gz_ros2_control_demos:/home/ubuntu/ROS/Bot/ros2-robots/install/gz_ros2_control:/home/ubuntu/ROS/Bot/ros2-robots/install/my_robot_description:/home/ubuntu/ROS/Bot/ros2-robots/install/ign_ros2_control:/home/ubuntu/ROS/Bot/ros2-robots/install/gz_ros2_control_tests:/opt/ros/humble /usr/bin/cmake /home/ubuntu/ROS/Bot/ros2-robots/src/gz_ros2_control/gz_ros2_control_tests -DCMAKE_INSTALL_PREFIX=/home/ubuntu/ROS/Bot/ros2-robots/install/gz_ros2_control_tests
[6.106s] DEBUG:colcon.colcon_core.event_handler.log_command:Invoked command in '/home/ubuntu/ROS/Bot/ros2-robots/build/gz_ros2_control_tests' returned '0': CMAKE_PREFIX_PATH=/home/ubuntu/ROS/Bot/ros2-robots/install/ign_ros2_control_demos:/home/ubuntu/ROS/Bot/ros2-robots/install/gz_ros2_control_demos:/home/ubuntu/ROS/Bot/ros2-robots/install/gz_ros2_control:/home/ubuntu/ROS/Bot/ros2-robots/install/my_robot_description:/home/ubuntu/ROS/Bot/ros2-robots/install/ign_ros2_control:/home/ubuntu/ROS/Bot/ros2-robots/install/gz_ros2_control_tests:/opt/ros/humble /usr/bin/cmake /home/ubuntu/ROS/Bot/ros2-robots/src/gz_ros2_control/gz_ros2_control_tests -DCMAKE_INSTALL_PREFIX=/home/ubuntu/ROS/Bot/ros2-robots/install/gz_ros2_control_tests
[6.107s] DEBUG:colcon.colcon_core.event_handler.log_command:Invoking command in '/home/ubuntu/ROS/Bot/ros2-robots/build/gz_ros2_control_tests': CMAKE_PREFIX_PATH=/home/ubuntu/ROS/Bot/ros2-robots/install/ign_ros2_control_demos:/home/ubuntu/ROS/Bot/ros2-robots/install/gz_ros2_control_demos:/home/ubuntu/ROS/Bot/ros2-robots/install/gz_ros2_control:/home/ubuntu/ROS/Bot/ros2-robots/install/my_robot_description:/home/ubuntu/ROS/Bot/ros2-robots/install/ign_ros2_control:/home/ubuntu/ROS/Bot/ros2-robots/install/gz_ros2_control_tests:/opt/ros/humble /usr/bin/cmake --build /home/ubuntu/ROS/Bot/ros2-robots/build/gz_ros2_control_tests -- -j11 -l11
[6.124s] DEBUG:colcon.colcon_core.event_handler.log_command:Invoked command in '/home/ubuntu/ROS/Bot/ros2-robots/build/gz_ros2_control_tests' returned '0': CMAKE_PREFIX_PATH=/home/ubuntu/ROS/Bot/ros2-robots/install/ign_ros2_control_demos:/home/ubuntu/ROS/Bot/ros2-robots/install/gz_ros2_control_demos:/home/ubuntu/ROS/Bot/ros2-robots/install/gz_ros2_control:/home/ubuntu/ROS/Bot/ros2-robots/install/my_robot_description:/home/ubuntu/ROS/Bot/ros2-robots/install/ign_ros2_control:/home/ubuntu/ROS/Bot/ros2-robots/install/gz_ros2_control_tests:/opt/ros/humble /usr/bin/cmake --build /home/ubuntu/ROS/Bot/ros2-robots/build/gz_ros2_control_tests -- -j11 -l11
[6.125s] DEBUG:colcon.colcon_core.event_handler.log_command:Invoking command in '/home/ubuntu/ROS/Bot/ros2-robots/build/gz_ros2_control_tests': CMAKE_PREFIX_PATH=/home/ubuntu/ROS/Bot/ros2-robots/install/ign_ros2_control_demos:/home/ubuntu/ROS/Bot/ros2-robots/install/gz_ros2_control_demos:/home/ubuntu/ROS/Bot/ros2-robots/install/gz_ros2_control:/home/ubuntu/ROS/Bot/ros2-robots/install/my_robot_description:/home/ubuntu/ROS/Bot/ros2-robots/install/ign_ros2_control:/home/ubuntu/ROS/Bot/ros2-robots/install/gz_ros2_control_tests:/opt/ros/humble /usr/bin/cmake --install /home/ubuntu/ROS/Bot/ros2-robots/build/gz_ros2_control_tests
[6.129s] Level 1:colcon.colcon_core.environment:create_environment_scripts_only(gz_ros2_control_tests)
[6.130s] Level 1:colcon.colcon_core.environment:checking '/home/ubuntu/ROS/Bot/ros2-robots/install/gz_ros2_control_tests' for CMake module files
[6.130s] DEBUG:colcon.colcon_core.event_handler.log_command:Invoked command in '/home/ubuntu/ROS/Bot/ros2-robots/build/gz_ros2_control_tests' returned '0': CMAKE_PREFIX_PATH=/home/ubuntu/ROS/Bot/ros2-robots/install/ign_ros2_control_demos:/home/ubuntu/ROS/Bot/ros2-robots/install/gz_ros2_control_demos:/home/ubuntu/ROS/Bot/ros2-robots/install/gz_ros2_control:/home/ubuntu/ROS/Bot/ros2-robots/install/my_robot_description:/home/ubuntu/ROS/Bot/ros2-robots/install/ign_ros2_control:/home/ubuntu/ROS/Bot/ros2-robots/install/gz_ros2_control_tests:/opt/ros/humble /usr/bin/cmake --install /home/ubuntu/ROS/Bot/ros2-robots/build/gz_ros2_control_tests
[6.130s] Level 1:colcon.colcon_core.environment:checking '/home/ubuntu/ROS/Bot/ros2-robots/install/gz_ros2_control_tests' for CMake config files
[6.130s] Level 1:colcon.colcon_core.shell:create_environment_hook('gz_ros2_control_tests', 'cmake_prefix_path')
[6.130s] INFO:colcon.colcon_core.shell:Creating environment hook '/home/ubuntu/ROS/Bot/ros2-robots/install/gz_ros2_control_tests/share/gz_ros2_control_tests/hook/cmake_prefix_path.ps1'
[6.130s] INFO:colcon.colcon_core.shell:Creating environment descriptor '/home/ubuntu/ROS/Bot/ros2-robots/install/gz_ros2_control_tests/share/gz_ros2_control_tests/hook/cmake_prefix_path.dsv'
[6.131s] INFO:colcon.colcon_core.shell:Creating environment hook '/home/ubuntu/ROS/Bot/ros2-robots/install/gz_ros2_control_tests/share/gz_ros2_control_tests/hook/cmake_prefix_path.sh'
[6.131s] Level 1:colcon.colcon_core.environment:checking '/home/ubuntu/ROS/Bot/ros2-robots/install/gz_ros2_control_tests/bin'
[6.131s] Level 1:colcon.colcon_core.environment:checking '/home/ubuntu/ROS/Bot/ros2-robots/install/gz_ros2_control_tests/lib/pkgconfig/gz_ros2_control_tests.pc'
[6.131s] Level 1:colcon.colcon_core.environment:checking '/home/ubuntu/ROS/Bot/ros2-robots/install/gz_ros2_control_tests/lib/python3.10/site-packages'
[6.131s] Level 1:colcon.colcon_core.environment:checking '/home/ubuntu/ROS/Bot/ros2-robots/install/gz_ros2_control_tests/bin'
[6.131s] INFO:colcon.colcon_core.shell:Creating package script '/home/ubuntu/ROS/Bot/ros2-robots/install/gz_ros2_control_tests/share/gz_ros2_control_tests/package.ps1'
[6.131s] INFO:colcon.colcon_core.shell:Creating package descriptor '/home/ubuntu/ROS/Bot/ros2-robots/install/gz_ros2_control_tests/share/gz_ros2_control_tests/package.dsv'
[6.132s] INFO:colcon.colcon_core.shell:Creating package script '/home/ubuntu/ROS/Bot/ros2-robots/install/gz_ros2_control_tests/share/gz_ros2_control_tests/package.sh'
[6.132s] INFO:colcon.colcon_core.shell:Creating package script '/home/ubuntu/ROS/Bot/ros2-robots/install/gz_ros2_control_tests/share/gz_ros2_control_tests/package.bash'
[6.132s] INFO:colcon.colcon_core.shell:Creating package script '/home/ubuntu/ROS/Bot/ros2-robots/install/gz_ros2_control_tests/share/gz_ros2_control_tests/package.zsh'
[6.132s] Level 1:colcon.colcon_core.environment:create_file_with_runtime_dependencies(/home/ubuntu/ROS/Bot/ros2-robots/install/gz_ros2_control_tests/share/colcon-core/packages/gz_ros2_control_tests)
[6.132s] Level 1:colcon.colcon_core.environment:create_environment_scripts_only(gz_ros2_control_tests)
[6.132s] Level 1:colcon.colcon_core.environment:checking '/home/ubuntu/ROS/Bot/ros2-robots/install/gz_ros2_control_tests' for CMake module files
[6.132s] Level 1:colcon.colcon_core.environment:checking '/home/ubuntu/ROS/Bot/ros2-robots/install/gz_ros2_control_tests' for CMake config files
[6.133s] Level 1:colcon.colcon_core.shell:create_environment_hook('gz_ros2_control_tests', 'cmake_prefix_path')
[6.133s] INFO:colcon.colcon_core.shell:Creating environment hook '/home/ubuntu/ROS/Bot/ros2-robots/install/gz_ros2_control_tests/share/gz_ros2_control_tests/hook/cmake_prefix_path.ps1'
[6.133s] INFO:colcon.colcon_core.shell:Creating environment descriptor '/home/ubuntu/ROS/Bot/ros2-robots/install/gz_ros2_control_tests/share/gz_ros2_control_tests/hook/cmake_prefix_path.dsv'
[6.133s] INFO:colcon.colcon_core.shell:Creating environment hook '/home/ubuntu/ROS/Bot/ros2-robots/install/gz_ros2_control_tests/share/gz_ros2_control_tests/hook/cmake_prefix_path.sh'
[6.133s] Level 1:colcon.colcon_core.environment:checking '/home/ubuntu/ROS/Bot/ros2-robots/install/gz_ros2_control_tests/bin'
[6.133s] Level 1:colcon.colcon_core.environment:checking '/home/ubuntu/ROS/Bot/ros2-robots/install/gz_ros2_control_tests/lib/pkgconfig/gz_ros2_control_tests.pc'
[6.133s] Level 1:colcon.colcon_core.environment:checking '/home/ubuntu/ROS/Bot/ros2-robots/install/gz_ros2_control_tests/lib/python3.10/site-packages'
[6.133s] Level 1:colcon.colcon_core.environment:checking '/home/ubuntu/ROS/Bot/ros2-robots/install/gz_ros2_control_tests/bin'
[6.133s] INFO:colcon.colcon_core.shell:Creating package script '/home/ubuntu/ROS/Bot/ros2-robots/install/gz_ros2_control_tests/share/gz_ros2_control_tests/package.ps1'
[6.134s] INFO:colcon.colcon_core.shell:Creating package descriptor '/home/ubuntu/ROS/Bot/ros2-robots/install/gz_ros2_control_tests/share/gz_ros2_control_tests/package.dsv'
[6.134s] INFO:colcon.colcon_core.shell:Creating package script '/home/ubuntu/ROS/Bot/ros2-robots/install/gz_ros2_control_tests/share/gz_ros2_control_tests/package.sh'
[6.134s] INFO:colcon.colcon_core.shell:Creating package script '/home/ubuntu/ROS/Bot/ros2-robots/install/gz_ros2_control_tests/share/gz_ros2_control_tests/package.bash'
[6.134s] INFO:colcon.colcon_core.shell:Creating package script '/home/ubuntu/ROS/Bot/ros2-robots/install/gz_ros2_control_tests/share/gz_ros2_control_tests/package.zsh'
[6.134s] Level 1:colcon.colcon_core.environment:create_file_with_runtime_dependencies(/home/ubuntu/ROS/Bot/ros2-robots/install/gz_ros2_control_tests/share/colcon-core/packages/gz_ros2_control_tests)
[6.134s] DEBUG:colcon.colcon_parallel_executor.executor.parallel:closing loop
[6.135s] DEBUG:colcon.colcon_parallel_executor.executor.parallel:loop closed
[6.135s] DEBUG:colcon.colcon_parallel_executor.executor.parallel:run_until_complete finished with '0'
[6.135s] DEBUG:colcon.colcon_core.event_reactor:joining thread
[6.139s] INFO:colcon.colcon_core.plugin_system:Skipping extension 'colcon_notification.desktop_notification.terminal_notifier': Not used on non-Darwin systems
[6.139s] INFO:colcon.colcon_core.plugin_system:Skipping extension 'colcon_notification.desktop_notification.win32': Not used on non-Windows systems
[6.139s] INFO:colcon.colcon_notification.desktop_notification:Sending desktop notification using 'notify2'
[6.269s] DEBUG:colcon.colcon_core.event_reactor:joined thread
[6.270s] INFO:colcon.colcon_core.shell:Creating prefix script '/home/ubuntu/ROS/Bot/ros2-robots/install/local_setup.ps1'
[6.270s] INFO:colcon.colcon_core.shell:Creating prefix util module '/home/ubuntu/ROS/Bot/ros2-robots/install/_local_setup_util_ps1.py'
[6.271s] INFO:colcon.colcon_core.shell:Creating prefix chain script '/home/ubuntu/ROS/Bot/ros2-robots/install/setup.ps1'
[6.271s] INFO:colcon.colcon_core.shell:Creating prefix script '/home/ubuntu/ROS/Bot/ros2-robots/install/local_setup.sh'
[6.272s] INFO:colcon.colcon_core.shell:Creating prefix util module '/home/ubuntu/ROS/Bot/ros2-robots/install/_local_setup_util_sh.py'
[6.272s] INFO:colcon.colcon_core.shell:Creating prefix chain script '/home/ubuntu/ROS/Bot/ros2-robots/install/setup.sh'
[6.272s] INFO:colcon.colcon_core.shell:Creating prefix script '/home/ubuntu/ROS/Bot/ros2-robots/install/local_setup.bash'
[6.273s] INFO:colcon.colcon_core.shell:Creating prefix chain script '/home/ubuntu/ROS/Bot/ros2-robots/install/setup.bash'
[6.273s] INFO:colcon.colcon_core.shell:Creating prefix script '/home/ubuntu/ROS/Bot/ros2-robots/install/local_setup.zsh'
[6.273s] INFO:colcon.colcon_core.shell:Creating prefix chain script '/home/ubuntu/ROS/Bot/ros2-robots/install/setup.zsh'
